#
# There is insufficient memory for the Java Runtime Environment to continue.
# Native memory allocation (malloc) failed to allocate 131136 bytes for Chunk::new
# Possible reasons:
#   The system is out of physical RAM or swap space
#   In 32 bit mode, the process size limit was hit
# Possible solutions:
#   Reduce memory load on the system
#   Increase physical memory or swap space
#   Check if swap backing store is full
#   Use 64 bit Java on a 64 bit OS
#   Decrease Java heap size (-Xmx/-Xms)
#   Decrease number of Java threads
#   Decrease Java thread stack sizes (-Xss)
#   Set larger code cache with -XX:ReservedCodeCacheSize=
# This output file may be truncated or incomplete.
#
#  Out of Memory Error (allocation.cpp:390), pid=3628, tid=2772
#
# JRE version: Java(TM) SE Runtime Environment (8.0_65-b17) (build 1.8.0_65-b17)
# Java VM: Java HotSpot(TM) 64-Bit Server VM (25.65-b01 mixed mode windows-amd64 compressed oops)
# Failed to write core dump. Minidumps are not enabled by default on client versions of Windows
#

---------------  T H R E A D  ---------------

Current thread (0x0000000055479000):  JavaThread "C2 CompilerThread0" daemon [_thread_in_native, id=2772, stack(0x00000000565e0000,0x00000000566e0000)]

Stack: [0x00000000565e0000,0x00000000566e0000]
[error occurred during error reporting (printing stack bounds), id 0xc0000005]

Native frames: (J=compiled Java code, j=interpreted, Vv=VM code, C=native code)


Current CompileTask:
C2:19338858 18017       4       com.sun.org.apache.xerces.internal.dom.NodeImpl::getUserData (10 bytes)


---------------  P R O C E S S  ---------------

Java Threads: ( => current thread )
  0x000000005a8fb800 JavaThread "pool-25-thread-2" [_thread_blocked, id=3800, stack(0x000000005ac50000,0x000000005ad50000)]
  0x0000000058394000 JavaThread "pool-25-thread-1" [_thread_blocked, id=1692, stack(0x0000000059540000,0x0000000059640000)]
  0x0000000058394800 JavaThread "Daemon worker Thread 20" [_thread_in_vm, id=1208, stack(0x00000000593f0000,0x00000000594f0000)]
  0x0000000058399000 JavaThread "Cancel handler" [_thread_blocked, id=1832, stack(0x0000000058f10000,0x0000000059010000)]
  0x0000000058396000 JavaThread "Handler for socket connection from /127.0.0.1:49807 to /127.0.0.1:61489" [_thread_in_native, id=2808, stack(0x0000000059290000,0x0000000059390000)]
  0x0000000058397000 JavaThread "Daemon Thread 21" [_thread_blocked, id=4116, stack(0x00000000590b0000,0x00000000591b0000)]
  0x0000000057149800 JavaThread "File lock request listener" [_thread_in_native, id=4904, stack(0x000000005ad70000,0x000000005ae70000)]
  0x0000000057ca1000 JavaThread "Incoming local TCP Connector on port 49807" [_thread_in_native, id=2940, stack(0x0000000058c10000,0x0000000058d10000)]
  0x00000000554d9000 JavaThread "Service Thread" daemon [_thread_blocked, id=5116, stack(0x0000000056e30000,0x0000000056f30000)]
  0x0000000055480800 JavaThread "C1 CompilerThread1" daemon [_thread_blocked, id=4020, stack(0x0000000056880000,0x0000000056980000)]
=>0x0000000055479000 JavaThread "C2 CompilerThread0" daemon [_thread_in_native, id=2772, stack(0x00000000565e0000,0x00000000566e0000)]
  0x0000000055478000 JavaThread "Attach Listener" daemon [_thread_blocked, id=820, stack(0x00000000564c0000,0x00000000565c0000)]
  0x0000000055476800 JavaThread "Signal Dispatcher" daemon [_thread_blocked, id=3988, stack(0x00000000562d0000,0x00000000563d0000)]
  0x000000005541d000 JavaThread "Finalizer" daemon [_thread_blocked, id=4188, stack(0x00000000560f0000,0x00000000561f0000)]
  0x0000000055413800 JavaThread "Reference Handler" daemon [_thread_blocked, id=3084, stack(0x0000000055e00000,0x0000000055f00000)]
  0x00000000022fe800 JavaThread "main" [_thread_blocked, id=3024, stack(0x0000000002a80000,0x0000000002b80000)]

Other Threads:
  0x000000005540e000 VMThread [stack: 0x0000000055f10000,0x0000000056010000] [id=4224]
  0x00000000554de000 WatcherThread [stack: 0x0000000056750000,0x0000000056850000] [id=3020]

VM state:not at safepoint (normal execution)

VM Mutex/Monitor currently owned by a thread: None

Heap:
 PSYoungGen      total 275968K, used 241840K [0x00000000eab00000, 0x00000000fc900000, 0x0000000100000000)
  eden space 260096K, 92% used [0x00000000eab00000,0x00000000f972c158,0x00000000fa900000)
  from space 15872K, 0% used [0x00000000fb980000,0x00000000fb980000,0x00000000fc900000)
  to   space 16384K, 0% used [0x00000000fa900000,0x00000000fa900000,0x00000000fb900000)
 ParOldGen       total 73728K, used 46882K [0x00000000c0000000, 0x00000000c4800000, 0x00000000eab00000)
  object space 73728K, 63% used [0x00000000c0000000,0x00000000c2dc88f0,0x00000000c4800000)
 Metaspace       used 60982K, capacity 66382K, committed 66688K, reserved 1107968K
  class space    used 7890K, capacity 8497K, committed 8576K, reserved 1048576K

Card table byte_map: [0x0000000012210000,0x0000000012420000] byte_map_base: 0x0000000011c10000

Marking Bits: (ParMarkBitMap*) 0x000000006c3ba5b0
 Begin Bits: [0x00000000128e0000, 0x00000000138e0000)
 End Bits:   [0x00000000138e0000, 0x00000000148e0000)

Polling page: 0x0000000002300000

CodeCache: size=245760Kb used=51137Kb max_used=52590Kb free=194622Kb
 bounds [0x0000000002e50000, 0x0000000006210000, 0x0000000011e50000]
 total_blobs=14095 nmethods=13375 adapters=631
 compilation: enabled

Compilation events (10 events):
Event: 19336.605 Thread 0x0000000055479000 nmethod 18012 0x0000000004d061d0 code [0x0000000004d06340, 0x0000000004d06808]
Event: 19336.605 Thread 0x0000000055479000 18013       4       com.sun.org.apache.xerces.internal.parsers.XML11Configuration::addCommonComponent (27 bytes)
Event: 19336.617 Thread 0x0000000055479000 nmethod 18013 0x00000000047c7c10 code [0x00000000047c7d80, 0x00000000047c8248]
Event: 19336.705 Thread 0x0000000055480800 18014   !   3       sun.reflect.GeneratedConstructorAccessor88::newInstance (49 bytes)
Event: 19336.706 Thread 0x0000000055480800 nmethod 18014 0x00000000042afa50 code [0x00000000042afc20, 0x00000000042b01f8]
Event: 19337.083 Thread 0x0000000055479000 18015       4       com.sun.org.apache.xerces.internal.dom.ElementImpl::setAttributeNode (112 bytes)
Event: 19337.099 Thread 0x0000000055479000 nmethod 18015 0x00000000050aded0 code [0x00000000050ae060, 0x00000000050ae4b8]
Event: 19337.349 Thread 0x0000000055480800 18016       3       java.io.StringReader::<init> (28 bytes)
Event: 19337.351 Thread 0x0000000055480800 nmethod 18016 0x0000000005150510 code [0x0000000005150680, 0x00000000051509d0]
Event: 19337.445 Thread 0x0000000055479000 18017       4       com.sun.org.apache.xerces.internal.dom.NodeImpl::getUserData (10 bytes)

GC Heap History (10 events):
Event: 16592.522 GC heap before
{Heap before GC invocations=82 (full 22):
 PSYoungGen      total 269824K, used 222972K [0x00000000eab00000, 0x00000000fc600000, 0x0000000100000000)
  eden space 252928K, 88% used [0x00000000eab00000,0x00000000f84bf1d0,0x00000000fa200000)
  from space 16896K, 0% used [0x00000000fa200000,0x00000000fa200000,0x00000000fb280000)
  to   space 16384K, 0% used [0x00000000fb600000,0x00000000fb600000,0x00000000fc600000)
 ParOldGen       total 73728K, used 47089K [0x00000000c0000000, 0x00000000c4800000, 0x00000000eab00000)
  object space 73728K, 63% used [0x00000000c0000000,0x00000000c2dfc588,0x00000000c4800000)
 Metaspace       used 59974K, capacity 65202K, committed 65920K, reserved 1105920K
  class space    used 7759K, capacity 8375K, committed 8576K, reserved 1048576K
Event: 16592.527 GC heap after
Heap after GC invocations=82 (full 22):
 PSYoungGen      total 271360K, used 2263K [0x00000000eab00000, 0x00000000fc400000, 0x0000000100000000)
  eden space 257024K, 0% used [0x00000000eab00000,0x00000000eab00000,0x00000000fa600000)
  from space 14336K, 15% used [0x00000000fb600000,0x00000000fb835e40,0x00000000fc400000)
  to   space 15360K, 0% used [0x00000000fa600000,0x00000000fa600000,0x00000000fb500000)
 ParOldGen       total 73728K, used 47097K [0x00000000c0000000, 0x00000000c4800000, 0x00000000eab00000)
  object space 73728K, 63% used [0x00000000c0000000,0x00000000c2dfe588,0x00000000c4800000)
 Metaspace       used 59974K, capacity 65202K, committed 65920K, reserved 1105920K
  class space    used 7759K, capacity 8375K, committed 8576K, reserved 1048576K
}
Event: 16592.527 GC heap before
{Heap before GC invocations=83 (full 23):
 PSYoungGen      total 271360K, used 2263K [0x00000000eab00000, 0x00000000fc400000, 0x0000000100000000)
  eden space 257024K, 0% used [0x00000000eab00000,0x00000000eab00000,0x00000000fa600000)
  from space 14336K, 15% used [0x00000000fb600000,0x00000000fb835e40,0x00000000fc400000)
  to   space 15360K, 0% used [0x00000000fa600000,0x00000000fa600000,0x00000000fb500000)
 ParOldGen       total 73728K, used 47097K [0x00000000c0000000, 0x00000000c4800000, 0x00000000eab00000)
  object space 73728K, 63% used [0x00000000c0000000,0x00000000c2dfe588,0x00000000c4800000)
 Metaspace       used 59974K, capacity 65202K, committed 65920K, reserved 1105920K
  class space    used 7759K, capacity 8375K, committed 8576K, reserved 1048576K
Event: 16592.772 GC heap after
Heap after GC invocations=83 (full 23):
 PSYoungGen      total 271360K, used 0K [0x00000000eab00000, 0x00000000fc400000, 0x0000000100000000)
  eden space 257024K, 0% used [0x00000000eab00000,0x00000000eab00000,0x00000000fa600000)
  from space 14336K, 0% used [0x00000000fb600000,0x00000000fb600000,0x00000000fc400000)
  to   space 15360K, 0% used [0x00000000fa600000,0x00000000fa600000,0x00000000fb500000)
 ParOldGen       total 73728K, used 47770K [0x00000000c0000000, 0x00000000c4800000, 0x00000000eab00000)
  object space 73728K, 64% used [0x00000000c0000000,0x00000000c2ea6828,0x00000000c4800000)
 Metaspace       used 59955K, capacity 65180K, committed 65920K, reserved 1105920K
  class space    used 7753K, capacity 8369K, committed 8576K, reserved 1048576K
}
Event: 16712.783 GC heap before
{Heap before GC invocations=84 (full 23):
 PSYoungGen      total 271360K, used 257024K [0x00000000eab00000, 0x00000000fc400000, 0x0000000100000000)
  eden space 257024K, 100% used [0x00000000eab00000,0x00000000fa600000,0x00000000fa600000)
  from space 14336K, 0% used [0x00000000fb600000,0x00000000fb600000,0x00000000fc400000)
  to   space 15360K, 0% used [0x00000000fa600000,0x00000000fa600000,0x00000000fb500000)
 ParOldGen       total 73728K, used 47770K [0x00000000c0000000, 0x00000000c4800000, 0x00000000eab00000)
  object space 73728K, 64% used [0x00000000c0000000,0x00000000c2ea6828,0x00000000c4800000)
 Metaspace       used 60167K, capacity 65530K, committed 66176K, reserved 1107968K
  class space    used 7778K, capacity 8394K, committed 8576K, reserved 1048576K
Event: 16713.029 GC heap after
Heap after GC invocations=84 (full 23):
 PSYoungGen      total 272384K, used 10933K [0x00000000eab00000, 0x00000000fca00000, 0x0000000100000000)
  eden space 257024K, 0% used [0x00000000eab00000,0x00000000eab00000,0x00000000fa600000)
  from space 15360K, 71% used [0x00000000fa600000,0x00000000fb0ad6b8,0x00000000fb500000)
  to   space 16896K, 0% used [0x00000000fb980000,0x00000000fb980000,0x00000000fca00000)
 ParOldGen       total 73728K, used 47778K [0x00000000c0000000, 0x00000000c4800000, 0x00000000eab00000)
  object space 73728K, 64% used [0x00000000c0000000,0x00000000c2ea8828,0x00000000c4800000)
 Metaspace       used 60167K, capacity 65530K, committed 66176K, reserved 1107968K
  class space    used 7778K, capacity 8394K, committed 8576K, reserved 1048576K
}
Event: 16726.809 GC heap before
{Heap before GC invocations=85 (full 23):
 PSYoungGen      total 272384K, used 98329K [0x00000000eab00000, 0x00000000fca00000, 0x0000000100000000)
  eden space 257024K, 34% used [0x00000000eab00000,0x00000000f0058e18,0x00000000fa600000)
  from space 15360K, 71% used [0x00000000fa600000,0x00000000fb0ad6b8,0x00000000fb500000)
  to   space 16896K, 0% used [0x00000000fb980000,0x00000000fb980000,0x00000000fca00000)
 ParOldGen       total 73728K, used 47778K [0x00000000c0000000, 0x00000000c4800000, 0x00000000eab00000)
  object space 73728K, 64% used [0x00000000c0000000,0x00000000c2ea8828,0x00000000c4800000)
 Metaspace       used 60238K, capacity 65606K, committed 66176K, reserved 1107968K
  class space    used 7779K, capacity 8396K, committed 8576K, reserved 1048576K
Event: 16726.812 GC heap after
Heap after GC invocations=85 (full 23):
 PSYoungGen      total 275968K, used 1152K [0x00000000eab00000, 0x00000000fc900000, 0x0000000100000000)
  eden space 260096K, 0% used [0x00000000eab00000,0x00000000eab00000,0x00000000fa900000)
  from space 15872K, 7% used [0x00000000fb980000,0x00000000fbaa0020,0x00000000fc900000)
  to   space 16384K, 0% used [0x00000000fa900000,0x00000000fa900000,0x00000000fb900000)
 ParOldGen       total 73728K, used 47778K [0x00000000c0000000, 0x00000000c4800000, 0x00000000eab00000)
  object space 73728K, 64% used [0x00000000c0000000,0x00000000c2ea8828,0x00000000c4800000)
 Metaspace       used 60238K, capacity 65606K, committed 66176K, reserved 1107968K
  class space    used 7779K, capacity 8396K, committed 8576K, reserved 1048576K
}
Event: 16726.812 GC heap before
{Heap before GC invocations=86 (full 24):
 PSYoungGen      total 275968K, used 1152K [0x00000000eab00000, 0x00000000fc900000, 0x0000000100000000)
  eden space 260096K, 0% used [0x00000000eab00000,0x00000000eab00000,0x00000000fa900000)
  from space 15872K, 7% used [0x00000000fb980000,0x00000000fbaa0020,0x00000000fc900000)
  to   space 16384K, 0% used [0x00000000fa900000,0x00000000fa900000,0x00000000fb900000)
 ParOldGen       total 73728K, used 47778K [0x00000000c0000000, 0x00000000c4800000, 0x00000000eab00000)
  object space 73728K, 64% used [0x00000000c0000000,0x00000000c2ea8828,0x00000000c4800000)
 Metaspace       used 60238K, capacity 65606K, committed 66176K, reserved 1107968K
  class space    used 7779K, capacity 8396K, committed 8576K, reserved 1048576K
Event: 16727.023 GC heap after
Heap after GC invocations=86 (full 24):
 PSYoungGen      total 275968K, used 0K [0x00000000eab00000, 0x00000000fc900000, 0x0000000100000000)
  eden space 260096K, 0% used [0x00000000eab00000,0x00000000eab00000,0x00000000fa900000)
  from space 15872K, 0% used [0x00000000fb980000,0x00000000fb980000,0x00000000fc900000)
  to   space 16384K, 0% used [0x00000000fa900000,0x00000000fa900000,0x00000000fb900000)
 ParOldGen       total 73728K, used 46882K [0x00000000c0000000, 0x00000000c4800000, 0x00000000eab00000)
  object space 73728K, 63% used [0x00000000c0000000,0x00000000c2dc88f0,0x00000000c4800000)
 Metaspace       used 60201K, capacity 65562K, committed 66176K, reserved 1107968K
  class space    used 7767K, capacity 8384K, committed 8576K, reserved 1048576K
}

Deoptimization events (10 events):
Event: 19311.593 Thread 0x0000000058394800 Uncommon trap: reason=null_check action=make_not_entrant pc=0x0000000005f2625c method=org.codehaus.groovy.runtime.callsite.AbstractCallSite.noWrappers([Ljava/lang/Object;)Z @ 11
Event: 19317.964 Thread 0x0000000058394800 Uncommon trap: reason=unstable_if action=reinterpret pc=0x0000000005cf1be4 method=groovy.lang.MetaClassImpl.addMetaBeanProperty(Lgroovy/lang/MetaBeanProperty;)V @ 7
Event: 19326.249 Thread 0x0000000058394800 Uncommon trap: reason=class_check action=maybe_recompile pc=0x000000000536d488 method=com.android.ide.common.res2.ValueResourceParser2.getType(Lorg/w3c/dom/Node;Ljava/io/File;)Lcom/android/resources/ResourceType; @ 1
Event: 19326.249 Thread 0x0000000058394800 Uncommon trap: reason=class_check action=maybe_recompile pc=0x000000000536d488 method=com.android.ide.common.res2.ValueResourceParser2.getType(Lorg/w3c/dom/Node;Ljava/io/File;)Lcom/android/resources/ResourceType; @ 1
Event: 19326.279 Thread 0x0000000058394800 Uncommon trap: reason=class_check action=maybe_recompile pc=0x000000000536d488 method=com.android.ide.common.res2.ValueResourceParser2.getType(Lorg/w3c/dom/Node;Ljava/io/File;)Lcom/android/resources/ResourceType; @ 1
Event: 19326.279 Thread 0x0000000058394800 Uncommon trap: reason=class_check action=maybe_recompile pc=0x000000000536d488 method=com.android.ide.common.res2.ValueResourceParser2.getType(Lorg/w3c/dom/Node;Ljava/io/File;)Lcom/android/resources/ResourceType; @ 1
Event: 19326.590 Thread 0x0000000058394800 Uncommon trap: reason=unstable_if action=reinterpret pc=0x0000000003ecdcf8 method=sun.nio.cs.UTF_8$Decoder.decode([BII[C)I @ 30
Event: 19326.597 Thread 0x0000000058394800 Uncommon trap: reason=unstable_if action=reinterpret pc=0x000000000442849c method=java.lang.StringCoding.safeTrim([CILjava/nio/charset/Charset;Z)[C @ 3
Event: 19326.739 Thread 0x0000000058394800 Uncommon trap: reason=null_check action=make_not_entrant pc=0x000000000418f664 method=com.sun.org.apache.xerces.internal.dom.NamedNodeMapImpl.findNamePoint(Ljava/lang/String;Ljava/lang/String;)I @ 76
Event: 19326.923 Thread 0x0000000058394800 Uncommon trap: reason=unstable_if action=reinterpret pc=0x0000000004bdbf90 method=java.lang.StringCoding.safeTrim([CILjava/nio/charset/Charset;Z)[C @ 3

Internal exceptions (10 events):
Event: 19317.546 Thread 0x0000000058394800 Exception <a 'java/lang/ClassNotFoundException': com/android/ide/common/res2/AssetMergerCustomizer> (0x00000000f768c8a0) thrown at [C:\workspace\8-2-build-windows-amd64-cygwin\jdk8u65\4987\hotspot\src\share\vm\classfile\systemDictionary.cpp, line 210]
Event: 19318.103 Thread 0x0000000058394800 Exception <a 'java/lang/ClassNotFoundException': com/android/ide/common/res2/AssetSetBeanInfo> (0x00000000f76d3b18) thrown at [C:\workspace\8-2-build-windows-amd64-cygwin\jdk8u65\4987\hotspot\src\share\vm\classfile\systemDictionary.cpp, line 210]
Event: 19318.221 Thread 0x0000000058394800 Exception <a 'java/lang/ClassNotFoundException': com/android/ide/common/res2/DataSetBeanInfo> (0x00000000f76e1310) thrown at [C:\workspace\8-2-build-windows-amd64-cygwin\jdk8u65\4987\hotspot\src\share\vm\classfile\systemDictionary.cpp, line 210]
Event: 19318.333 Thread 0x0000000058394800 Exception <a 'java/lang/ClassNotFoundException': com/android/ide/common/res2/DataSetCustomizer> (0x00000000f76eee78) thrown at [C:\workspace\8-2-build-windows-amd64-cygwin\jdk8u65\4987\hotspot\src\share\vm\classfile\systemDictionary.cpp, line 210]
Event: 19318.582 Thread 0x0000000058394800 Exception <a 'java/lang/ClassNotFoundException': com/android/ide/common/res2/AssetSetCustomizer> (0x00000000f7719668) thrown at [C:\workspace\8-2-build-windows-amd64-cygwin\jdk8u65\4987\hotspot\src\share\vm\classfile\systemDictionary.cpp, line 210]
Event: 19319.962 Thread 0x0000000058394800 Exception <a 'java/lang/ClassNotFoundException': com/android/ide/common/res2/MergedAssetWriterBeanInfo> (0x00000000f775c220) thrown at [C:\workspace\8-2-build-windows-amd64-cygwin\jdk8u65\4987\hotspot\src\share\vm\classfile\systemDictionary.cpp, line 210]
Event: 19320.040 Thread 0x0000000058394800 Exception <a 'java/lang/ClassNotFoundException': com/android/ide/common/res2/MergeWriterBeanInfo> (0x00000000f776a178) thrown at [C:\workspace\8-2-build-windows-amd64-cygwin\jdk8u65\4987\hotspot\src\share\vm\classfile\systemDictionary.cpp, line 210]
Event: 19320.098 Thread 0x0000000058394800 Exception <a 'java/lang/ClassNotFoundException': com/android/ide/common/res2/MergeWriterCustomizer> (0x00000000f7778430) thrown at [C:\workspace\8-2-build-windows-amd64-cygwin\jdk8u65\4987\hotspot\src\share\vm\classfile\systemDictionary.cpp, line 210]
Event: 19320.123 Thread 0x0000000058394800 Exception <a 'java/lang/ClassNotFoundException': com/android/ide/common/res2/MergedAssetWriterCustomizer> (0x00000000f778b1d0) thrown at [C:\workspace\8-2-build-windows-amd64-cygwin\jdk8u65\4987\hotspot\src\share\vm\classfile\systemDictionary.cpp, line 210Þ‡G¯ßÒ@
Event: 19326.739 Thread 0x0000000058394800 Implicit null exception at 0x000000000418f172 to 0x000000000418f655

Events (10 events):
Event: 19328.162 Thread 0x0000000055480800 flushing nmethod 0x0000000005ef8910
Event: 19328.162 Thread 0x0000000055480800 flushing nmethod 0x0000000005efe650
Event: 19328.162 Thread 0x0000000055480800 flushing nmethod 0x0000000005f0b1d0
Event: 19328.163 Thread 0x0000000055480800 flushing nmethod 0x0000000005fc3f10
Event: 19328.163 Thread 0x0000000055480800 flushing nmethod 0x0000000005fd5850
Event: 19328.164 Thread 0x0000000055480800 flushing nmethod 0x00000000060deb10
Event: 19328.164 Thread 0x0000000055480800 flushing nmethod 0x000000000611a750
Event: 19328.164 Thread 0x0000000055480800 flushing nmethod 0x0000000006145d10
Event: 19328.586 Thread 0x0000000058394800 DEOPT PACKING pc=0x0000000004e3614a sp=0x00000000594eb9b0
Event: 19328.586 Thread 0x0000000058394800 DEOPT UNPACKING pc=0x0000000002e9747f sp=0x00000000594eb858 mode 0


Dynamic libraries:
0x000000013fd30000 - 0x000000013fd67000 	C:\Program Files\Java\jdk1.8.0_65\bin\java.exe
0x0000000077670000 - 0x0000000077819000 	C:\Windows\SYSTEM32\ntdll.dll
0x0000000077450000 - 0x000000007756f000 	C:\Windows\system32\kernel32.dll
0x000007fefd640000 - 0x000007fefd6ab000 	C:\Windows\system32\KERNELBASE.dll
0x000007fefe690000 - 0x000007fefe76b000 	C:\Windows\system32\ADVAPI32.dll
0x000007feff1f0000 - 0x000007feff28f000 	C:\Windows\system32\msvcrt.dll
0x000007feff290000 - 0x000007feff2af000 	C:\Windows\SYSTEM32\sechost.dll
0x000007feff3f0000 - 0x000007feff51d000 	C:\Windows\system32\RPCRT4.dll
0x0000000077570000 - 0x000000007766a000 	C:\Windows\system32\USER32.dll
0x000007feff530000 - 0x000007feff597000 	C:\Windows\system32\GDI32.dll
0x000007feff1e0000 - 0x000007feff1ee000 	C:\Windows\system32\LPK.dll
0x000007fefefa0000 - 0x000007feff069000 	C:\Windows\system32\USP10.dll
0x000007fefbe90000 - 0x000007fefc084000 	C:\Windows\WinSxS\amd64_microsoft.windows.common-controls_6595b64144ccf1df_6.0.7601.17514_none_fa396087175ac9ac\COMCTL32.dll
0x000007feff0a0000 - 0x000007feff111000 	C:\Windows\system32\SHLWAPI.dll
0x000007feff070000 - 0x000007feff09e000 	C:\Windows\system32\IMM32.DLL
0x000007feff5a0000 - 0x000007feff6a9000 	C:\Windows\system32\MSCTF.dll
0x000007fefd200000 - 0x000007fefd296000 	C:\Windows\system32\guard64.dll
0x000007fefe770000 - 0x000007fefe973000 	C:\Windows\system32\ole32.dll
0x0000000077830000 - 0x0000000077837000 	C:\Windows\system32\PSAPI.DLL
0x000007fefd1f0000 - 0x000007fefd1fc000 	C:\Windows\system32\VERSION.dll
0x000007fefd1d0000 - 0x000007fefd1d9000 	C:\Windows\system32\fltlib.dll
0x000000006aa20000 - 0x000000006aaf2000 	C:\Program Files\Java\jdk1.8.0_65\jre\bin\msvcr100.dll
0x000000006bbb0000 - 0x000000006c439000 	C:\Program Files\Java\jdk1.8.0_65\jre\bin\server\jvm.dll
0x000007fef9fe0000 - 0x000007fef9fe9000 	C:\Windows\system32\WSOCK32.dll
0x00000000022a0000 - 0x00000000022ed000 	C:\Windows\system32\WS2_32.dll
0x000007feff520000 - 0x000007feff528000 	C:\Windows\system32\NSI.dll
0x000007fefb390000 - 0x000007fefb3cb000 	C:\Windows\system32\WINMM.dll
0x0000000070c00000 - 0x0000000070c0f000 	C:\Program Files\Java\jdk1.8.0_65\jre\bin\verify.dll
0x000000006caa0000 - 0x000000006cac9000 	C:\Program Files\Java\jdk1.8.0_65\jre\bin\java.dll
0x000000006ca80000 - 0x000000006ca96000 	C:\Program Files\Java\jdk1.8.0_65\jre\bin\zip.dll
0x000007fefd900000 - 0x000007fefe688000 	C:\Windows\system32\SHELL32.dll
0x000007fefd440000 - 0x000007fefd44f000 	C:\Windows\system32\profapi.dll
0x000000006ca60000 - 0x000000006ca7a000 	C:\Program Files\Java\jdk1.8.0_65\jre\bin\net.dll
0x000007fefcbb0000 - 0x000007fefcc05000 	C:\Windows\system32\mswsock.dll
0x000007fefcba0000 - 0x000007fefcba7000 	C:\Windows\System32\wship6.dll
0x000000006ca40000 - 0x000000006ca51000 	C:\Program Files\Java\jdk1.8.0_65\jre\bin\nio.dll
0x000007fef5440000 - 0x000007fef5452000 	C:\Users\tsar\.gradle\native\19\windows-amd64\native-platform.dll
0x000007fefc580000 - 0x000007fefc5a7000 	C:\Windows\system32\IPHLPAPI.DLL
0x000007fefc570000 - 0x000007fefc57b000 	C:\Windows\system32\WINNSI.DLL
0x000007fef9b30000 - 0x000007fef9b48000 	C:\Windows\system32\dhcpcsvc.DLL
0x000007fef9b10000 - 0x000007fef9b21000 	C:\Windows\system32\dhcpcsvc6.DLL
0x000007fefcc10000 - 0x000007fefcc27000 	C:\Windows\system32\CRYPTSP.dll
0x000007fefc910000 - 0x000007fefc957000 	C:\Windows\system32\rsaenh.dll
0x000007fefc6c0000 - 0x000007fefc6de000 	C:\Windows\system32\USERENV.dll
0x000007fefd330000 - 0x000007fefd33f000 	C:\Windows\system32\CRYPTBASE.dll
0x00000000029c0000 - 0x0000000002a17000 	C:\Windows\system32\apphelp.dll
0x000000006e110000 - 0x000000006e11d000 	C:\Program Files\Java\jdk1.8.0_65\jre\bin\management.dll

VM Arguments:
jvm_args: -XX:MaxPermSize=256m -XX:+HeapDumpOnOutOfMemoryError -Xmx1024m -Dfile.encoding=windows-1251 -Duser.country=RU -Duser.language=ru -Duser.variant 
java_command: org.gradle.launcher.daemon.bootstrap.GradleDaemon 2.8
java_class_path (initial): C:\Program Files\Android\Android Studio\gradle\gradle-2.8\lib\gradle-launcher-2.8.jar
Launcher Type: SUN_STANDARD

Environment Variables:
PATH=C:\ProgramData\Oracle\Java\javapath;C:\Program Files (x86)\Intel\iCLS Client\;C:\Program Files\Intel\iCLS Client\;C:\Windows\system32;C:\Windows;C:\Windows\System32\Wbem;C:\Windows\System32\WindowsPowerShell\v1.0\;C:\Program Files\Intel\Intel(R) Management Engine Components\DAL;C:\Program Files\Intel\Intel(R) Management Engine Components\IPT;C:\Program Files (x86)\Intel\Intel(R) Management Engine Components\DAL;C:\Program Files (x86)\Intel\Intel(R) Management Engine Components\IPT
USERNAME=tsar
OS=Windows_NT
PROCESSOR_IDENTIFIER=Intel64 Family 6 Model 42 Stepping 7, GenuineIntel



---------------  S Y S T E M  ---------------

OS: Windows 7 , 64 bit Build 7601 (6.1.7601.18015)

CPU:total 2 (2 cores per cpu, 1 threads per core) family 6 model 42 stepping 7, cmov, cx8, fxsr, mmx, sse, sse2, sse3, ssse3, sse4.1, sse4.2, popcnt, clmul, tsc, tscinvbit

Memory: 4k page, physical 3023216k(164368k free), swap 4045356k(4944k free)

vm_info: Java HotSpot(TM) 64-Bit Server VM (25.65-b01) for windows-amd64 JRE (1.8.0_65-b17), built on Oct  6 2015 16:39:20 by "java_re" with MS VC++ 10.0 (VS2010)

time: Fri Dec 25 18:02:20 2015
elapsed time: 19339 seconds (0d 5h 22m 19s)

