#
# There is insufficient memory for the Java Runtime Environment to continue.
# Native memory allocation (malloc) failed to allocate 131088 bytes for Chunk::new
# Possible reasons:
#   The system is out of physical RAM or swap space
#   In 32 bit mode, the process size limit was hit
# Possible solutions:
#   Reduce memory load on the system
#   Increase physical memory or swap space
#   Check if swap backing store is full
#   Use 64 bit Java on a 64 bit OS
#   Decrease Java heap size (-Xmx/-Xms)
#   Decrease number of Java threads
#   Decrease Java thread stack sizes (-Xss)
#   Set larger code cache with -XX:ReservedCodeCacheSize=
# This output file may be truncated or incomplete.
#
#  Out of Memory Error (allocation.cpp:390), pid=4048, tid=4596
#
# JRE version: Java(TM) SE Runtime Environment (8.0_65-b17) (build 1.8.0_65-b17)
# Java VM: Java HotSpot(TM) 64-Bit Server VM (25.65-b01 mixed mode windows-amd64 compressed oops)
# Failed to write core dump. Minidumps are not enabled by default on client versions of Windows
#

---------------  T H R E A D  ---------------

Current thread (0x00000000554e6000):  JavaThread "C2 CompilerThread0" daemon [_thread_in_native, id=4596, stack(0x0000000057220000,0x0000000057320000)]

Stack: [0x0000000057220000,0x0000000057320000]
[error occurred during error reporting (printing stack bounds), id 0xc0000005]

Native frames: (J=compiled Java code, j=interpreted, Vv=VM code, C=native code)


Current CompileTask:
C2:  13951 1470       4       java.net.URLClassLoader$1::run (5 bytes)


---------------  P R O C E S S  ---------------

Java Threads: ( => current thread )
  0x0000000058a01000 JavaThread "Stdin handler" [_thread_blocked, id=1356, stack(0x000000005a4a0000,0x000000005a5a0000)]
  0x00000000587a3800 JavaThread "Daemon worker" [_thread_blocked, id=4196, stack(0x000000005a230000,0x000000005a330000)]
  0x00000000587a2000 JavaThread "Cancel handler" [_thread_blocked, id=4692, stack(0x000000005a070000,0x000000005a170000)]
  0x00000000585ed800 JavaThread "Handler for socket connection from /127.0.0.1:61312 to /127.0.0.1:61314" [_thread_in_native, id=1932, stack(0x0000000059ed0000,0x0000000059fd0000)]
  0x00000000585ec800 JavaThread "Daemon" [_thread_blocked, id=2680, stack(0x0000000059cf0000,0x0000000059df0000)]
  0x00000000587e3000 JavaThread "Incoming local TCP Connector on port 61312" [_thread_in_native, id=1572, stack(0x0000000059940000,0x0000000059a40000)]
  0x00000000574b9000 JavaThread "Service Thread" daemon [_thread_blocked, id=3872, stack(0x0000000057990000,0x0000000057a90000)]
  0x00000000554ed800 JavaThread "C1 CompilerThread1" daemon [_thread_blocked, id=3464, stack(0x00000000573a0000,0x00000000574a0000)]
=>0x00000000554e6000 JavaThread "C2 CompilerThread0" daemon [_thread_in_native, id=4596, stack(0x0000000057220000,0x0000000057320000)]
  0x00000000554e4800 JavaThread "Attach Listener" daemon [_thread_blocked, id=4328, stack(0x0000000056070000,0x0000000056170000)]
  0x00000000554e3000 JavaThread "Signal Dispatcher" daemon [_thread_blocked, id=2068, stack(0x00000000570f0000,0x00000000571f0000)]
  0x000000005548d000 JavaThread "Finalizer" daemon [_thread_blocked, id=4320, stack(0x00000000561a0000,0x00000000562a0000)]
  0x0000000055483800 JavaThread "Reference Handler" daemon [_thread_blocked, id=4664, stack(0x0000000055f40000,0x0000000056040000)]
  0x00000000028be800 JavaThread "main" [_thread_blocked, id=3552, stack(0x00000000028e0000,0x00000000029e0000)]

Other Threads:
  0x000000005547e000 VMThread [stack: 0x0000000055dd0000,0x0000000055ed0000] [id=1392]
  0x00000000574cd000 WatcherThread [stack: 0x0000000057ba0000,0x0000000057ca0000] [id=1212]

VM state:at safepoint (normal execution)

VM Mutex/Monitor currently owned by a thread:  ([mutex/lock_event])
[0x00000000028bcf50] Threads_lock - owner thread: 0x000000005547e000
[0x00000000028bd450] Heap_lock - owner thread: 0x00000000587a3800

Heap:
 PSYoungGen      total 17408K, used 992K [0x00000000eab00000, 0x00000000ec100000, 0x0000000100000000)
  eden space 12288K, 0% used [0x00000000eab00000,0x00000000eab00000,0x00000000eb700000)
  from space 5120K, 19% used [0x00000000ebc00000,0x00000000ebcf8000,0x00000000ec100000)
  to   space 5120K, 0% used [0x00000000eb700000,0x00000000eb700000,0x00000000ebc00000)
 ParOldGen       total 26624K, used 6995K [0x00000000c0000000, 0x00000000c1a00000, 0x00000000eab00000)
  object space 26624K, 26% used [0x00000000c0000000,0x00000000c06d4f68,0x00000000c1a00000)
 Metaspace       used 16557K, capacity 16926K, committed 17024K, reserved 1069056K
  class space    used 2224K, capacity 2361K, committed 2432K, reserved 1048576K

Card table byte_map: [0x0000000012160000,0x0000000012370000] byte_map_base: 0x0000000011b60000

Marking Bits: (ParMarkBitMap*) 0x000000006aaba5b0
 Begin Bits: [0x0000000012950000, 0x0000000013950000)
 End Bits:   [0x0000000013950000, 0x0000000014950000)

Polling page: 0x00000000022f0000

CodeCache: size=245760Kb used=4657Kb max_used=4821Kb free=241102Kb
 bounds [0x0000000002da0000, 0x0000000003260000, 0x0000000011da0000]
 total_blobs=1763 nmethods=1392 adapters=284
 compilation: enabled

Compilation events (10 events):
Event: 13.808 Thread 0x00000000554ed800 nmethod 1467 0x0000000002ebd650 code [0x0000000002ebd7a0, 0x0000000002ebd8b0]
Event: 13.810 Thread 0x00000000554ed800 1468       3       java.io.ExpiringCache::entryFor (57 bytes)
Event: 13.811 Thread 0x00000000554ed800 nmethod 1468 0x0000000002eb42d0 code [0x0000000002eb4460, 0x0000000002eb4998]
Event: 13.822 Thread 0x00000000554e6000 1469   !   4       java.net.URLClassLoader::findClass (47 bytes)
Event: 13.829 Thread 0x00000000554e6000 nmethod 1469 0x0000000002eb9bd0 code [0x0000000002eb9d60, 0x0000000002eb9f38]
Event: 13.899 Thread 0x00000000554e6000 1470       4       java.net.URLClassLoader$1::run (5 bytes)
Event: 13.900 Thread 0x00000000554ed800 1471   !   3       sun.misc.URLClassPath$JarLoader::getResource (349 bytes)
Event: 13.904 Thread 0x00000000554ed800 nmethod 1471 0x0000000002f15650 code [0x0000000002f15aa0, 0x0000000002f17b48]
Event: 13.924 Thread 0x00000000554ed800 1473       3       sun.net.util.URLUtil::urlNoFragString (114 bytes)
Event: 13.926 Thread 0x00000000554ed800 nmethod 1473 0x0000000002ef3590 code [0x0000000002ef3820, 0x0000000002ef4c88]

GC Heap History (10 events):
Event: 10.184 GC heap before
{Heap before GC invocations=4 (full 0):
 PSYoungGen      total 14336K, used 14320K [0x00000000eab00000, 0x00000000ebb00000, 0x0000000100000000)
  eden space 12288K, 100% used [0x00000000eab00000,0x00000000eb700000,0x00000000eb700000)
  from space 2048K, 99% used [0x00000000eb700000,0x00000000eb8fc010,0x00000000eb900000)
  to   space 2048K, 0% used [0x00000000eb900000,0x00000000eb900000,0x00000000ebb00000)
 ParOldGen       total 32768K, used 1711K [0x00000000c0000000, 0x00000000c2000000, 0x00000000eab00000)
  object space 32768K, 5% used [0x00000000c0000000,0x00000000c01abe90,0x00000000c2000000)
 Metaspace       used 11071K, capacity 11422K, committed 11648K, reserved 1058816K
  class space    used 1477K, capacity 1593K, committed 1664K, reserved 1048576K
Event: 10.194 GC heap after
Heap after GC invocations=4 (full 0):
 PSYoungGen      total 14336K, used 2032K [0x00000000eab00000, 0x00000000ebb00000, 0x0000000100000000)
  eden space 12288K, 0% used [0x00000000eab00000,0x00000000eab00000,0x00000000eb700000)
  from space 2048K, 99% used [0x00000000eb900000,0x00000000ebafc010,0x00000000ebb00000)
  to   space 2048K, 0% used [0x00000000eb700000,0x00000000eb700000,0x00000000eb900000)
 ParOldGen       total 32768K, used 3445K [0x00000000c0000000, 0x00000000c2000000, 0x00000000eab00000)
  object space 32768K, 10% used [0x00000000c0000000,0x00000000c035d430,0x00000000c2000000)
 Metaspace       used 11071K, capacity 11422K, committed 11648K, reserved 1058816K
  class space    used 1477K, capacity 1593K, committed 1664K, reserved 1048576K
}
Event: 10.907 GC heap before
{Heap before GC invocations=5 (full 0):
 PSYoungGen      total 14336K, used 14320K [0x00000000eab00000, 0x00000000ebb00000, 0x0000000100000000)
  eden space 12288K, 100% used [0x00000000eab00000,0x00000000eb700000,0x00000000eb700000)
  from space 2048K, 99% used [0x00000000eb900000,0x00000000ebafc010,0x00000000ebb00000)
  to   space 2048K, 0% used [0x00000000eb700000,0x00000000eb700000,0x00000000eb900000)
 ParOldGen       total 32768K, used 3445K [0x00000000c0000000, 0x00000000c2000000, 0x00000000eab00000)
  object space 32768K, 10% used [0x00000000c0000000,0x00000000c035d430,0x00000000c2000000)
 Metaspace       used 12617K, capacity 12958K, committed 13184K, reserved 1060864K
  class space    used 1722K, capacity 1849K, committed 1920K, reserved 1048576K
Event: 10.916 GC heap after
Heap after GC invocations=5 (full 0):
 PSYoungGen      total 14336K, used 2032K [0x00000000eab00000, 0x00000000ec100000, 0x0000000100000000)
  eden space 12288K, 0% used [0x00000000eab00000,0x00000000eab00000,0x00000000eb700000)
  from space 2048K, 99% used [0x00000000eb700000,0x00000000eb8fc030,0x00000000eb900000)
  to   space 5120K, 0% used [0x00000000ebc00000,0x00000000ebc00000,0x00000000ec100000)
 ParOldGen       total 32768K, used 5324K [0x00000000c0000000, 0x00000000c2000000, 0x00000000eab00000)
  object space 32768K, 16% used [0x00000000c0000000,0x00000000c05330a8,0x00000000c2000000)
 Metaspace       used 12617K, capacity 12958K, committed 13184K, reserved 1060864K
  class space    used 1722K, capacity 1849K, committed 1920K, reserved 1048576K
}
Event: 13.056 GC heap before
{Heap before GC invocations=6 (full 0):
 PSYoungGen      total 14336K, used 7103K [0x00000000eab00000, 0x00000000ec100000, 0x0000000100000000)
  eden space 12288K, 41% used [0x00000000eab00000,0x00000000eaff3ef8,0x00000000eb700000)
  from space 2048K, 99% used [0x00000000eb700000,0x00000000eb8fc030,0x00000000eb900000)
  to   space 5120K, 0% used [0x00000000ebc00000,0x00000000ebc00000,0x00000000ec100000)
 ParOldGen       total 32768K, used 5324K [0x00000000c0000000, 0x00000000c2000000, 0x00000000eab00000)
  object space 32768K, 16% used [0x00000000c0000000,0x00000000c05330a8,0x00000000c2000000)
 Metaspace       used 14800K, capacity 15070K, committed 15104K, reserved 1067008K
  class space    used 1940K, capacity 2041K, committed 2048K, reserved 1048576K
Event: 13.075 GC heap after
Heap after GC invocations=6 (full 0):
 PSYoungGen      total 17408K, used 3474K [0x00000000eab00000, 0x00000000ec100000, 0x0000000100000000)
  eden space 12288K, 0% used [0x00000000eab00000,0x00000000eab00000,0x00000000eb700000)
  from space 5120K, 67% used [0x00000000ebc00000,0x00000000ebf64968,0x00000000ec100000)
  to   space 5120K, 0% used [0x00000000eb700000,0x00000000eb700000,0x00000000ebc00000)
 ParOldGen       total 32768K, used 5324K [0x00000000c0000000, 0x00000000c2000000, 0x00000000eab00000)
  object space 32768K, 16% used [0x00000000c0000000,0x00000000c05330a8,0x00000000c2000000)
 Metaspace       used 14800K, capacity 15070K, committed 15104K, reserved 1067008K
  class space    used 1940K, capacity 2041K, committed 2048K, reserved 1048576K
}
Event: 13.075 GC heap before
{Heap before GC invocations=7 (full 1):
 PSYoungGen      total 17408K, used 3474K [0x00000000eab00000, 0x00000000ec100000, 0x0000000100000000)
  eden space 12288K, 0% used [0x00000000eab00000,0x00000000eab00000,0x00000000eb700000)
  from space 5120K, 67% used [0x00000000ebc00000,0x00000000ebf64968,0x00000000ec100000)
  to   space 5120K, 0% used [0x00000000eb700000,0x00000000eb700000,0x00000000ebc00000)
 ParOldGen       total 32768K, used 5324K [0x00000000c0000000, 0x00000000c2000000, 0x00000000eab00000)
  object space 32768K, 16% used [0x00000000c0000000,0x00000000c05330a8,0x00000000c2000000)
 Metaspace       used 14800K, capacity 15070K, committed 15104K, reserved 1067008K
  class space    used 1940K, capacity 2041K, committed 2048K, reserved 1048576K
Event: 13.127 GC heap after
Heap after GC invocations=7 (full 1):
 PSYoungGen      total 17408K, used 0K [0x00000000eab00000, 0x00000000ec100000, 0x0000000100000000)
  eden space 12288K, 0% used [0x00000000eab00000,0x00000000eab00000,0x00000000eb700000)
  from space 5120K, 0% used [0x00000000ebc00000,0x00000000ebc00000,0x00000000ec100000)
  to   space 5120K, 0% used [0x00000000eb700000,0x00000000eb700000,0x00000000ebc00000)
 ParOldGen       total 26624K, used 6987K [0x00000000c0000000, 0x00000000c1a00000, 0x00000000eab00000)
  object space 26624K, 26% used [0x00000000c0000000,0x00000000c06d2f68,0x00000000c1a00000)
 Metaspace       used 14800K, capacity 15070K, committed 15104K, reserved 1064960K
  class space    used 1940K, capacity 2041K, committed 2048K, reserved 1048576K
}
Event: 13.927 GC heap before
{Heap before GC invocations=8 (full 1):
 PSYoungGen      total 17408K, used 12288K [0x00000000eab00000, 0x00000000ec100000, 0x0000000100000000)
  eden space 12288K, 100% used [0x00000000eab00000,0x00000000eb700000,0x00000000eb700000)
  from space 5120K, 0% used [0x00000000ebc00000,0x00000000ebc00000,0x00000000ec100000)
  to   space 5120K, 0% used [0x00000000eb700000,0x00000000eb700000,0x00000000ebc00000)
 ParOldGen       total 26624K, used 6987K [0x00000000c0000000, 0x00000000c1a00000, 0x00000000eab00000)
  object space 26624K, 26% used [0x00000000c0000000,0x00000000c06d2f68,0x00000000c1a00000)
 Metaspace       used 16518K, capacity 16894K, committed 17024K, reserved 1064960K
  class space    used 2217K, capacity 2329K, committed 2432K, reserved 1048576K
Event: 13.931 GC heap after
Heap after GC invocations=8 (full 1):
 PSYoungGen      total 17408K, used 2122K [0x00000000eab00000, 0x00000000ec100000, 0x0000000100000000)
  eden space 12288K, 0% used [0x00000000eab00000,0x00000000eab00000,0x00000000eb700000)
  from space 5120K, 41% used [0x00000000eb700000,0x00000000eb912ba0,0x00000000ebc00000)
  to   space 5120K, 0% used [0x00000000ebc00000,0x00000000ebc00000,0x00000000ec100000)
 ParOldGen       total 26624K, used 6995K [0x00000000c0000000, 0x00000000c1a00000, 0x00000000eab00000)
  object space 26624K, 26% used [0x00000000c0000000,0x00000000c06d4f68,0x00000000c1a00000)
 Metaspace       used 16518K, capacity 16894K, committed 17024K, reserved 1064960K
  class space    used 2217K, capacity 2329K, committed 2432K, reserved 1048576K
}

Deoptimization events (10 events):
Event: 9.957 Thread 0x00000000587a3800 Uncommon trap: reason=bimorphic action=maybe_recompile pc=0x00000000030004d8 method=java.util.HashMap.putVal(ILjava/lang/Object;Ljava/lang/Object;ZZ)Ljava/lang/Object; @ 253
Event: 9.957 Thread 0x00000000587a3800 Uncommon trap: reason=bimorphic action=maybe_recompile pc=0x0000000002fe6198 method=java.util.HashMap.putVal(ILjava/lang/Object;Ljava/lang/Object;ZZ)Ljava/lang/Object; @ 253
Event: 10.425 Thread 0x00000000587a3800 Uncommon trap: reason=class_check action=maybe_recompile pc=0x000000000301f834 method=java.util.HashMap.putVal(ILjava/lang/Object;Ljava/lang/Object;ZZ)Ljava/lang/Object; @ 203
Event: 10.425 Thread 0x00000000587a3800 Uncommon trap: reason=class_check action=maybe_recompile pc=0x000000000301f834 method=java.util.HashMap.putVal(ILjava/lang/Object;Ljava/lang/Object;ZZ)Ljava/lang/Object; @ 203
Event: 10.425 Thread 0x00000000587a3800 Uncommon trap: reason=class_check action=maybe_recompile pc=0x000000000301f834 method=java.util.HashMap.putVal(ILjava/lang/Object;Ljava/lang/Object;ZZ)Ljava/lang/Object; @ 203
Event: 10.425 Thread 0x00000000587a3800 Uncommon trap: reason=bimorphic action=maybe_recompile pc=0x00000000031b3658 method=java.util.HashMap.putVal(ILjava/lang/Object;Ljava/lang/Object;ZZ)Ljava/lang/Object; @ 203
Event: 10.425 Thread 0x00000000587a3800 Uncommon trap: reason=bimorphic action=maybe_recompile pc=0x00000000031b3658 method=java.util.HashMap.putVal(ILjava/lang/Object;Ljava/lang/Object;ZZ)Ljava/lang/Object; @ 203
Event: 13.510 Thread 0x00000000587a3800 Uncommon trap: reason=unstable_if action=reinterpret pc=0x0000000003052e40 method=java.util.HashMap.getNode(ILjava/lang/Object;)Ljava/util/HashMap$Node; @ 129
Event: 13.511 Thread 0x00000000587a3800 Uncommon trap: reason=bimorphic action=maybe_recompile pc=0x00000000031b1210 method=java.util.HashMap.putVal(ILjava/lang/Object;Ljava/lang/Object;ZZ)Ljava/lang/Object; @ 203
Event: 13.511 Thread 0x00000000587a3800 Uncommon trap: reason=unstable_if action=reinterpret pc=0x0000000003035368 method=java.util.HashMap.getNode(ILjava/lang/Object;)Ljava/util/HashMap$Node; @ 129

Internal exceptions (10 events):
Event: 13.459 Thread 0x00000000587a3800 Exception <a 'java/lang/ClassNotFoundException': groovy/lang/ExpandoMetaClassBeanInfo> (0x00000000ead6fbb8) thrown at [C:\workspace\8-2-build-windows-amd64-cygwin\jdk8u65\4987\hotspot\src\share\vm\classfile\systemDictionary.cpp, line 210]
Event: 13.460 Thread 0x00000000587a3800 Exception <a 'java/lang/ClassNotFoundException': groovy/lang/MetaClassImplBeanInfo> (0x00000000ead7a410) thrown at [C:\workspace\8-2-build-windows-amd64-cygwin\jdk8u65\4987\hotspot\src\share\vm\classfile\systemDictionary.cpp, line 210]
Event: 13.460 Thread 0x00000000587a3800 Exception <a 'java/lang/ClassNotFoundException': java/lang/ObjectBeanInfo> (0x00000000ead7f240) thrown at [C:\workspace\8-2-build-windows-amd64-cygwin\jdk8u65\4987\hotspot\src\share\vm\classfile\systemDictionary.cpp, line 210]
Event: 13.460 Thread 0x00000000587a3800 Exception <a 'java/lang/ClassNotFoundException': java/lang/ObjectCustomizer> (0x00000000ead84160) thrown at [C:\workspace\8-2-build-windows-amd64-cygwin\jdk8u65\4987\hotspot\src\share\vm\classfile\systemDictionary.cpp, line 210]
Event: 13.466 Thread 0x00000000587a3800 Exception <a 'java/lang/ClassNotFoundException': groovy/lang/MetaClassImplCustomizer> (0x00000000ead96718) thrown at [C:\workspace\8-2-build-windows-amd64-cygwin\jdk8u65\4987\hotspot\src\share\vm\classfile\systemDictionary.cpp, line 210]
Event: 13.471 Thread 0x00000000587a3800 Exception <a 'java/lang/ClassNotFoundException': groovy/lang/ExpandoMetaClassCustomizer> (0x00000000eadca080) thrown at [C:\workspace\8-2-build-windows-amd64-cygwin\jdk8u65\4987\hotspot\src\share\vm\classfile\systemDictionary.cpp, line 210]
Event: 13.482 Thread 0x00000000587a3800 Exception <a 'java/lang/ClassNotFoundException': org/gradle/api/internal/plugins/DefaultExtraPropertiesExtensionBeanInfo> (0x00000000eae4f380) thrown at [C:\workspace\8-2-build-windows-amd64-cygwin\jdk8u65\4987\hotspot\src\share\vm\classfile\systemDictiona í}ô%˜*@
Event: 13.483 Thread 0x00000000587a3800 Exception <a 'java/lang/ClassNotFoundException': groovy/lang/GroovyObjectSupportBeanInfo> (0x00000000eae5acd8) thrown at [C:\workspace\8-2-build-windows-amd64-cygwin\jdk8u65\4987\hotspot\src\share\vm\classfile\systemDictionary.cpp, line 210]
Event: 13.483 Thread 0x00000000587a3800 Exception <a 'java/lang/ClassNotFoundException': groovy/lang/GroovyObjectSupportCustomizer> (0x00000000eae66998) thrown at [C:\workspace\8-2-build-windows-amd64-cygwin\jdk8u65\4987\hotspot\src\share\vm\classfile\systemDictionary.cpp, line 210]
Event: 13.484 Thread 0x00000000587a3800 Exception <a 'java/lang/ClassNotFoundException': org/gradle/api/internal/plugins/DefaultExtraPropertiesExtensionCustomizer> (0x00000000eae7c668) thrown at [C:\workspace\8-2-build-windows-amd64-cygwin\jdk8u65\4987\hotspot\src\share\vm\classfile\systemDictioèv	+?Î*@

Events (10 events):
Event: 13.938 loading class org/gradle/internal/resource/transport/http/HttpResourceAccessor done
Event: 13.938 loading class org/gradle/internal/resource/transfer/ExternalResourceAccessor
Event: 13.938 loading class org/gradle/internal/resource/transfer/ExternalResourceAccessor done
Event: 13.939 loading class org/gradle/internal/resource/transfer/ExternalResourceReadResponse
Event: 13.939 loading class org/gradle/internal/resource/transfer/ExternalResourceReadResponse done
Event: 13.939 loading class org/gradle/internal/resource/transport/http/HttpResponseResource
Event: 13.939 loading class org/gradle/internal/resource/transport/http/HttpResponseResource done
Event: 13.940 loading class org/gradle/internal/resource/transport/http/HttpResourceAccessor$1
Event: 13.940 loading class org/gradle/internal/resource/transport/http/HttpResourceAccessor$1 done
Event: 13.940 Executing VM operation: CollectForMetadataAllocation


Dynamic libraries:
0x000000013f410000 - 0x000000013f447000 	C:\Program Files\Java\jdk1.8.0_65\bin\java.exe
0x0000000077490000 - 0x0000000077639000 	C:\Windows\SYSTEM32\ntdll.dll
0x0000000077270000 - 0x000000007738f000 	C:\Windows\system32\kernel32.dll
0x000007fefd630000 - 0x000007fefd69b000 	C:\Windows\system32\KERNELBASE.dll
0x000007fefd710000 - 0x000007fefd7eb000 	C:\Windows\system32\ADVAPI32.dll
0x000007fefd900000 - 0x000007fefd99f000 	C:\Windows\system32\msvcrt.dll
0x000007feff620000 - 0x000007feff63f000 	C:\Windows\SYSTEM32\sechost.dll
0x000007fefeca0000 - 0x000007fefedcd000 	C:\Windows\system32\RPCRT4.dll
0x0000000077390000 - 0x000000007748a000 	C:\Windows\system32\USER32.dll
0x000007fefd6a0000 - 0x000007fefd707000 	C:\Windows\system32\GDI32.dll
0x000007fefd9a0000 - 0x000007fefd9ae000 	C:\Windows\system32\LPK.dll
0x000007feff350000 - 0x000007feff419000 	C:\Windows\system32\USP10.dll
0x000007fefbde0000 - 0x000007fefbfd4000 	C:\Windows\WinSxS\amd64_microsoft.windows.common-controls_6595b64144ccf1df_6.0.7601.17514_none_fa396087175ac9ac\COMCTL32.dll
0x000007feff040000 - 0x000007feff0b1000 	C:\Windows\system32\SHLWAPI.dll
0x000007fefe740000 - 0x000007fefe76e000 	C:\Windows\system32\IMM32.DLL
0x000007feff500000 - 0x000007feff609000 	C:\Windows\system32\MSCTF.dll
0x000007fefd010000 - 0x000007fefd0a6000 	C:\Windows\system32\guard64.dll
0x000007fefedd0000 - 0x000007fefefd3000 	C:\Windows\system32\ole32.dll
0x0000000077650000 - 0x0000000077657000 	C:\Windows\system32\PSAPI.DLL
0x000007fefcfe0000 - 0x000007fefcfec000 	C:\Windows\system32\VERSION.dll
0x000007fefcfd0000 - 0x000007fefcfd9000 	C:\Windows\system32\fltlib.dll
0x0000000074a10000 - 0x0000000074ae2000 	C:\Program Files\Java\jdk1.8.0_65\jre\bin\msvcr100.dll
0x000000006a2b0000 - 0x000000006ab39000 	C:\Program Files\Java\jdk1.8.0_65\jre\bin\server\jvm.dll
0x000007fefa6c0000 - 0x000007fefa6c9000 	C:\Windows\system32\WSOCK32.dll
0x00000000022a0000 - 0x00000000022ed000 	C:\Windows\system32\WS2_32.dll
0x000007feff610000 - 0x000007feff618000 	C:\Windows\system32\NSI.dll
0x000007fefb150000 - 0x000007fefb18b000 	C:\Windows\system32\WINMM.dll
0x0000000074e00000 - 0x0000000074e0f000 	C:\Program Files\Java\jdk1.8.0_65\jre\bin\verify.dll
0x0000000074d70000 - 0x0000000074d99000 	C:\Program Files\Java\jdk1.8.0_65\jre\bin\java.dll
0x0000000074de0000 - 0x0000000074df6000 	C:\Program Files\Java\jdk1.8.0_65\jre\bin\zip.dll
0x00000000562a0000 - 0x0000000057028000 	C:\Windows\system32\SHELL32.dll
0x000007fefd260000 - 0x000007fefd26f000 	C:\Windows\system32\profapi.dll
0x0000000074d50000 - 0x0000000074d6a000 	C:\Program Files\Java\jdk1.8.0_65\jre\bin\net.dll
0x000007fefc9d0000 - 0x000007fefca25000 	C:\Windows\system32\mswsock.dll
0x000007fefc9c0000 - 0x000007fefc9c7000 	C:\Windows\System32\wship6.dll
0x0000000074d30000 - 0x0000000074d41000 	C:\Program Files\Java\jdk1.8.0_65\jre\bin\nio.dll
0x000007fef2fd0000 - 0x000007fef2fe2000 	C:\Users\tsar\.gradle\native\19\windows-amd64\native-platform.dll
0x000007fefc3a0000 - 0x000007fefc3c7000 	C:\Windows\system32\IPHLPAPI.DLL
0x000007fefc2d0000 - 0x000007fefc2db000 	C:\Windows\system32\WINNSI.DLL
0x000007fef9b00000 - 0x000007fef9b18000 	C:\Windows\system32\dhcpcsvc.DLL
0x000007fef9500000 - 0x000007fef9511000 	C:\Windows\system32\dhcpcsvc6.DLL
0x000007fefca30000 - 0x000007fefca47000 	C:\Windows\system32\CRYPTSP.dll
0x000007fefc730000 - 0x000007fefc777000 	C:\Windows\system32\rsaenh.dll
0x000007fefc4f0000 - 0x000007fefc50e000 	C:\Windows\system32\USERENV.dll
0x000007fefd150000 - 0x000007fefd15f000 	C:\Windows\system32\CRYPTBASE.dll

VM Arguments:
jvm_args: -XX:MaxPermSize=256m -XX:+HeapDumpOnOutOfMemoryError -Xmx1024m -Dfile.encoding=windows-1251 -Duser.country=RU -Duser.language=ru -Duser.variant 
java_command: org.gradle.launcher.daemon.bootstrap.GradleDaemon 2.8
java_class_path (initial): C:\Program Files\Android\Android Studio\gradle\gradle-2.8\lib\gradle-launcher-2.8.jar
Launcher Type: SUN_STANDARD

Environment Variables:
PATH=C:\ProgramData\Oracle\Java\javapath;C:\Program Files (x86)\Intel\iCLS Client\;C:\Program Files\Intel\iCLS Client\;C:\Windows\system32;C:\Windows;C:\Windows\System32\Wbem;C:\Windows\System32\WindowsPowerShell\v1.0\;C:\Program Files\Intel\Intel(R) Management Engine Components\DAL;C:\Program Files\Intel\Intel(R) Management Engine Components\IPT;C:\Program Files (x86)\Intel\Intel(R) Management Engine Components\DAL;C:\Program Files (x86)\Intel\Intel(R) Management Engine Components\IPT
USERNAME=tsar
OS=Windows_NT
PROCESSOR_IDENTIFIER=Intel64 Family 6 Model 42 Stepping 7, GenuineIntel



---------------  S Y S T E M  ---------------

OS: Windows 7 , 64 bit Build 7601 (6.1.7601.18015)

CPU:total 2 (2 cores per cpu, 1 threads per core) family 6 model 42 stepping 7, cmov, cx8, fxsr, mmx, sse, sse2, sse3, ssse3, sse4.1, sse4.2, popcnt, clmul, tsc, tscinvbit

Memory: 4k page, physical 3023216k(111560k free), swap 4045356k(5108k free)

vm_info: Java HotSpot(TM) 64-Bit Server VM (25.65-b01) for windows-amd64 JRE (1.8.0_65-b17), built on Oct  6 2015 16:39:20 by "java_re" with MS VC++ 10.0 (VS2010)

time: Thu Dec 24 15:33:30 2015
elapsed time: 13 seconds (0d 0h 0m 13s)

