#
# There is insufficient memory for the Java Runtime Environment to continue.
# Native memory allocation (malloc) failed to allocate 32744 bytes for ChunkPool::allocate
# Possible reasons:
#   The system is out of physical RAM or swap space
#   In 32 bit mode, the process size limit was hit
# Possible solutions:
#   Reduce memory load on the system
#   Increase physical memory or swap space
#   Check if swap backing store is full
#   Use 64 bit Java on a 64 bit OS
#   Decrease Java heap size (-Xmx/-Xms)
#   Decrease number of Java threads
#   Decrease Java thread stack sizes (-Xss)
#   Set larger code cache with -XX:ReservedCodeCacheSize=
# This output file may be truncated or incomplete.
#
#  Out of Memory Error (allocation.cpp:273), pid=4900, tid=3268
#
# JRE version: Java(TM) SE Runtime Environment (8.0_65-b17) (build 1.8.0_65-b17)
# Java VM: Java HotSpot(TM) 64-Bit Server VM (25.65-b01 mixed mode windows-amd64 compressed oops)
# Failed to write core dump. Minidumps are not enabled by default on client versions of Windows
#

---------------  T H R E A D  ---------------

Current thread (0x00000000553b9000):  JavaThread "C2 CompilerThread0" daemon [_thread_in_native, id=3268, stack(0x0000000056510000,0x0000000056610000)]

Stack: [0x0000000056510000,0x0000000056610000]
[error occurred during error reporting (printing stack bounds), id 0xc0000005]

Native frames: (J=compiled Java code, j=interpreted, Vv=VM code, C=native code)


Current CompileTask:
C2:2407395 8781       4       com.sun.org.apache.xerces.internal.dom.CoreDocumentImpl::setUserData (179 bytes)


---------------  P R O C E S S  ---------------

Java Threads: ( => current thread )
  0x0000000057ff7000 JavaThread "stdout" daemon [_thread_in_native, id=4964, stack(0x0000000062990000,0x0000000062a90000)]
  0x0000000057ff6000 JavaThread "stderr" daemon [_thread_in_native, id=580, stack(0x0000000063c70000,0x0000000063d70000)]
  0x0000000057ff5800 JavaThread "stdout" daemon [_thread_in_native, id=3084, stack(0x0000000063a30000,0x0000000063b30000)]
  0x0000000057ff4800 JavaThread "stderr" daemon [_thread_in_native, id=3156, stack(0x0000000063870000,0x0000000063970000)]
  0x0000000059b87000 JavaThread "stdout" daemon [_thread_in_native, id=3080, stack(0x0000000061560000,0x0000000061660000)]
  0x0000000059b86800 JavaThread "stderr" daemon [_thread_in_native, id=220, stack(0x00000000636f0000,0x00000000637f0000)]
  0x0000000059b85800 JavaThread "stdout" daemon [_thread_in_native, id=1012, stack(0x00000000635d0000,0x00000000636d0000)]
  0x0000000059b85000 JavaThread "stderr" daemon [_thread_in_native, id=3600, stack(0x00000000634d0000,0x00000000635d0000)]
  0x0000000059b84000 JavaThread "stdout" daemon [_thread_in_native, id=2344, stack(0x0000000063380000,0x0000000063480000)]
  0x0000000059b83800 JavaThread "stderr" daemon [_thread_in_native, id=3140, stack(0x00000000631f0000,0x00000000632f0000)]
  0x0000000059b82800 JavaThread "stdout" daemon [_thread_in_native, id=2332, stack(0x0000000063060000,0x0000000063160000)]
  0x0000000059b82000 JavaThread "stderr" daemon [_thread_in_native, id=3532, stack(0x0000000062e80000,0x0000000062f80000)]
  0x0000000059b81000 JavaThread "stdout" daemon [_thread_in_native, id=3604, stack(0x0000000062c70000,0x0000000062d70000)]
  0x0000000059b80800 JavaThread "stderr" daemon [_thread_in_native, id=2940, stack(0x0000000062780000,0x0000000062880000)]
  0x0000000057390800 JavaThread "stdout" daemon [_thread_in_native, id=4064, stack(0x0000000062aa0000,0x0000000062ba0000)]
  0x000000005738f800 JavaThread "stderr" daemon [_thread_in_native, id=720, stack(0x0000000062890000,0x0000000062990000)]
  0x000000005738f000 JavaThread "stdout" daemon [_thread_in_native, id=4172, stack(0x0000000062670000,0x0000000062770000)]
  0x000000005738e000 JavaThread "stderr" daemon [_thread_in_native, id=1700, stack(0x000000005e630000,0x000000005e730000)]
  0x000000005738d800 JavaThread "stdout" daemon [_thread_in_native, id=4788, stack(0x0000000062530000,0x0000000062630000)]
  0x000000005738c800 JavaThread "stderr" daemon [_thread_in_native, id=4244, stack(0x00000000623a0000,0x00000000624a0000)]
  0x000000005738c000 JavaThread "stdout" daemon [_thread_in_native, id=2240, stack(0x0000000061eb0000,0x0000000061fb0000)]
  0x000000005738b000 JavaThread "stderr" daemon [_thread_in_native, id=1692, stack(0x0000000062170000,0x0000000062270000)]
  0x000000005738a800 JavaThread "stdout" daemon [_thread_in_native, id=4524, stack(0x0000000062010000,0x0000000062110000)]
  0x0000000057389800 JavaThread "stderr" daemon [_thread_in_native, id=1164, stack(0x0000000061910000,0x0000000061a10000)]
  0x000000005d4b7800 JavaThread "stdout" daemon [_thread_in_native, id=3640, stack(0x0000000061db0000,0x0000000061eb0000)]
  0x000000005d4b7000 JavaThread "stderr" daemon [_thread_in_native, id=3364, stack(0x0000000061c10000,0x0000000061d10000)]
  0x000000005d4b6000 JavaThread "stdout" daemon [_thread_in_native, id=2648, stack(0x0000000061a20000,0x0000000061b20000)]
  0x000000005d4b5800 JavaThread "stderr" daemon [_thread_in_native, id=4188, stack(0x00000000617d0000,0x00000000618d0000)]
  0x000000005d4b4800 JavaThread "stdout" daemon [_thread_in_native, id=3172, stack(0x000000005b190000,0x000000005b290000)]
  0x000000005d4b4000 JavaThread "stderr" daemon [_thread_in_native, id=2316, stack(0x0000000061670000,0x0000000061770000)]
  0x000000005d4b3000 JavaThread "stdout" daemon [_thread_in_native, id=4412, stack(0x0000000061430000,0x0000000061530000)]
  0x000000005d4b2800 JavaThread "stderr" daemon [_thread_in_native, id=5000, stack(0x0000000060bb0000,0x0000000060cb0000)]
  0x000000005d4b1800 JavaThread "stdout" daemon [_thread_in_native, id=3332, stack(0x0000000061280000,0x0000000061380000)]
  0x000000005d4b1000 JavaThread "stderr" daemon [_thread_in_native, id=3456, stack(0x0000000061090000,0x0000000061190000)]
  0x000000005b79c000 JavaThread "stdout" daemon [_thread_in_native, id=4748, stack(0x0000000060f20000,0x0000000061020000)]
  0x000000005b79b000 JavaThread "stderr" daemon [_thread_in_native, id=608, stack(0x0000000060e00000,0x0000000060f00000)]
  0x000000005b79a800 JavaThread "stdout" daemon [_thread_in_native, id=3148, stack(0x0000000060cf0000,0x0000000060df0000)]
  0x000000005b799800 JavaThread "stderr" daemon [_thread_in_native, id=1316, stack(0x0000000060ab0000,0x0000000060bb0000)]
  0x000000005b799000 JavaThread "stdout" daemon [_thread_in_native, id=4928, stack(0x00000000605d0000,0x00000000606d0000)]
  0x000000005b798000 JavaThread "stderr" daemon [_thread_in_native, id=1832, stack(0x00000000608b0000,0x00000000609b0000)]
  0x000000005a0ac800 JavaThread "pool-2-thread-2" [_thread_blocked, id=4120, stack(0x000000005ec70000,0x000000005ed70000)]
  0x000000005a0ab800 JavaThread "pool-2-thread-1" [_thread_in_native, id=4592, stack(0x000000005eb50000,0x000000005ec50000)]
  0x0000000058013000 JavaThread "Stdin handler" [_thread_blocked, id=2744, stack(0x000000005c880000,0x000000005c980000)]
  0x0000000058012800 JavaThread "Daemon worker Thread 3" [_thread_in_vm, id=3360, stack(0x000000005c6a0000,0x000000005c7a0000)]
  0x000000005800f800 JavaThread "Cancel handler" [_thread_blocked, id=3520, stack(0x00000000591d0000,0x00000000592d0000)]
  0x0000000058010000 JavaThread "Handler for socket connection from /127.0.0.1:49657 to /127.0.0.1:53144" [_thread_in_native, id=712, stack(0x0000000059070000,0x0000000059170000)]
  0x000000005800e800 JavaThread "Daemon Thread 3" [_thread_blocked, id=4308, stack(0x0000000058e40000,0x0000000058f40000)]
  0x0000000057223000 JavaThread "File lock request listener" [_thread_in_native, id=3432, stack(0x0000000059a80000,0x0000000059b80000)]
  0x0000000056be6800 JavaThread "Incoming local TCP Connector on port 49657" [_thread_in_native, id=4540, stack(0x0000000056e60000,0x0000000056f60000)]
  0x0000000056860800 JavaThread "Service Thread" daemon [_thread_blocked, id=2400, stack(0x0000000056d60000,0x0000000056e60000)]
  0x0000000055418800 JavaThread "C1 CompilerThread1" daemon [_thread_blocked, id=4036, stack(0x0000000056760000,0x0000000056860000)]
=>0x00000000553b9000 JavaThread "C2 CompilerThread0" daemon [_thread_in_native, id=3268, stack(0x0000000056510000,0x0000000056610000)]
  0x00000000553b3800 JavaThread "Attach Listener" daemon [_thread_blocked, id=4284, stack(0x0000000056400000,0x0000000056500000)]
  0x00000000553c2000 JavaThread "Signal Dispatcher" daemon [_thread_blocked, id=5116, stack(0x00000000562b0000,0x00000000563b0000)]
  0x000000005535c800 JavaThread "Finalizer" daemon [_thread_blocked, id=2424, stack(0x0000000056120000,0x0000000056220000)]
  0x0000000055353800 JavaThread "Reference Handler" daemon [_thread_blocked, id=1556, stack(0x0000000055ff0000,0x00000000560f0000)]
  0x00000000028de800 JavaThread "main" [_thread_blocked, id=4500, stack(0x0000000002a30000,0x0000000002b30000)]

Other Threads:
  0x000000005534e000 VMThread [stack: 0x0000000055e70000,0x0000000055f70000] [id=4252]
  0x0000000056864000 WatcherThread [stack: 0x0000000056fd0000,0x00000000570d0000] [id=1548]

VM state:not at safepoint (normal execution)

VM Mutex/Monitor currently owned by a thread: None

Heap:
 PSYoungGen      total 185856K, used 38458K [0x00000000eab00000, 0x00000000f7600000, 0x0000000100000000)
  eden space 170496K, 13% used [0x00000000eab00000,0x00000000ec194ce8,0x00000000f5180000)
  from space 15360K, 99% used [0x00000000f6380000,0x00000000f7279e20,0x00000000f7280000)
  to   space 18432K, 0% used [0x00000000f5180000,0x00000000f5180000,0x00000000f6380000)
 ParOldGen       total 51712K, used 28891K [0x00000000c0000000, 0x00000000c3280000, 0x00000000eab00000)
  object space 51712K, 55% used [0x00000000c0000000,0x00000000c1c36d40,0x00000000c3280000)
 Metaspace       used 46952K, capacity 48576K, committed 49792K, reserved 1091584K
  class space    used 6307K, capacity 6595K, committed 7040K, reserved 1048576K

Card table byte_map: [0x00000000121c0000,0x00000000123d0000] byte_map_base: 0x0000000011bc0000

Marking Bits: (ParMarkBitMap*) 0x000000006cb2a5b0
 Begin Bits: [0x0000000012820000, 0x0000000013820000)
 End Bits:   [0x0000000013820000, 0x0000000014820000)

Polling page: 0x0000000002300000

CodeCache: size=245760Kb used=25794Kb max_used=25808Kb free=219965Kb
 bounds [0x0000000002e00000, 0x00000000047c0000, 0x0000000011e00000]
 total_blobs=7897 nmethods=7206 adapters=602
 compilation: enabled

Compilation events (10 events):
Event: 2405.988 Thread 0x00000000553b9000 nmethod 8773 0x0000000003474690 code [0x0000000003474860, 0x00000000034757d8]
Event: 2405.988 Thread 0x0000000055418800 8777       3       com.google.common.base.Equivalence$Equals::doHash (5 bytes)
Event: 2405.988 Thread 0x00000000553b9000 8775       4       com.sun.org.apache.xerces.internal.impl.XMLDocumentFragmentScannerImpl::setProperty (154 bytes)
Event: 2405.988 Thread 0x0000000055418800 nmethod 8777 0x00000000045c1610 code [0x00000000045c1780, 0x00000000045c19a8]
Event: 2405.989 Thread 0x0000000055418800 8778       3       com.google.common.cache.LocalCache::rehash (49 bytes)
Event: 2405.989 Thread 0x0000000055418800 nmethod 8778 0x0000000004173750 code [0x00000000041738a0, 0x0000000004173a10]
Event: 2405.989 Thread 0x0000000055418800 8779   !   3       com.google.common.cache.LocalCache$Segment::get (210 bytes)
Event: 2405.992 Thread 0x0000000055418800 nmethod 8779 0x0000000003e32f10 code [0x0000000003e33400, 0x0000000003e36388]
Event: 2406.011 Thread 0x00000000553b9000 nmethod 8775 0x00000000047418d0 code [0x0000000004741a80, 0x00000000047427b8]
Event: 2406.273 Thread 0x00000000553b9000 8781       4       com.sun.org.apache.xerces.internal.dom.CoreDocumentImpl::setUserData (179 bytes)

GC Heap History (10 events):
Event: 103.148 GC heap before
{Heap before GC invocations=20 (full 3):
 PSYoungGen      total 152064K, used 138752K [0x00000000eab00000, 0x00000000f4f80000, 0x0000000100000000)
  eden space 138752K, 100% used [0x00000000eab00000,0x00000000f3280000,0x00000000f3280000)
  from space 13312K, 0% used [0x00000000f4080000,0x00000000f4080000,0x00000000f4d80000)
  to   space 14336K, 0% used [0x00000000f3280000,0x00000000f3280000,0x00000000f4080000)
 ParOldGen       total 51712K, used 41305K [0x00000000c0000000, 0x00000000c3280000, 0x00000000eab00000)
  object space 51712K, 79% used [0x00000000c0000000,0x00000000c2856798,0x00000000c3280000)
 Metaspace       used 45881K, capacity 47784K, committed 48128K, reserved 1091584K
  class space    used 6336K, capacity 6800K, committed 6912K, reserved 1048576K
Event: 103.231 GC heap after
Heap after GC invocations=20 (full 3):
 PSYoungGen      total 153088K, used 11340K [0x00000000eab00000, 0x00000000f6680000, 0x0000000100000000)
  eden space 138752K, 0% used [0x00000000eab00000,0x00000000eab00000,0x00000000f3280000)
  from space 14336K, 79% used [0x00000000f3280000,0x00000000f3d932a8,0x00000000f4080000)
  to   space 15872K, 0% used [0x00000000f5700000,0x00000000f5700000,0x00000000f6680000)
 ParOldGen       total 51712K, used 41313K [0x00000000c0000000, 0x00000000c3280000, 0x00000000eab00000)
  object space 51712K, 79% used [0x00000000c0000000,0x00000000c2858798,0x00000000c3280000)
 Metaspace       used 45881K, capacity 47784K, committed 48128K, reserved 1091584K
  class space    used 6336K, capacity 6800K, committed 6912K, reserved 1048576K
}
Event: 2161.688 GC heap before
{Heap before GC invocations=21 (full 3):
 PSYoungGen      total 153088K, used 132083K [0x00000000eab00000, 0x00000000f6680000, 0x0000000100000000)
  eden space 138752K, 87% used [0x00000000eab00000,0x00000000f20e9b58,0x00000000f3280000)
  from space 14336K, 79% used [0x00000000f3280000,0x00000000f3d932a8,0x00000000f4080000)
  to   space 15872K, 0% used [0x00000000f5700000,0x00000000f5700000,0x00000000f6680000)
 ParOldGen       total 51712K, used 41313K [0x00000000c0000000, 0x00000000c3280000, 0x00000000eab00000)
  object space 51712K, 79% used [0x00000000c0000000,0x00000000c2858798,0x00000000c3280000)
 Metaspace       used 47003K, capacity 48960K, committed 49280K, reserved 1091584K
  class space    used 6467K, capacity 6970K, committed 7040K, reserved 1048576K
Event: 2161.805 GC heap after
Heap after GC invocations=21 (full 3):
 PSYoungGen      total 174080K, used 6447K [0x00000000eab00000, 0x00000000f6480000, 0x0000000100000000)
  eden space 160256K, 0% used [0x00000000eab00000,0x00000000eab00000,0x00000000f4780000)
  from space 13824K, 46% used [0x00000000f5700000,0x00000000f5d4bf38,0x00000000f6480000)
  to   space 14848K, 0% used [0x00000000f4780000,0x00000000f4780000,0x00000000f5600000)
 ParOldGen       total 51712K, used 41321K [0x00000000c0000000, 0x00000000c3280000, 0x00000000eab00000)
  object space 51712K, 79% used [0x00000000c0000000,0x00000000c285a798,0x00000000c3280000)
 Metaspace       used 47003K, capacity 48960K, committed 49280K, reserved 1091584K
  class space    used 6467K, capacity 6970K, committed 7040K, reserved 1048576K
}
Event: 2161.815 GC heap before
{Heap before GC invocations=22 (full 4):
 PSYoungGen      total 174080K, used 6447K [0x00000000eab00000, 0x00000000f6480000, 0x0000000100000000)
  eden space 160256K, 0% used [0x00000000eab00000,0x00000000eab00000,0x00000000f4780000)
  from space 13824K, 46% used [0x00000000f5700000,0x00000000f5d4bf38,0x00000000f6480000)
  to   space 14848K, 0% used [0x00000000f4780000,0x00000000f4780000,0x00000000f5600000)
 ParOldGen       total 51712K, used 41321K [0x00000000c0000000, 0x00000000c3280000, 0x00000000eab00000)
  object space 51712K, 79% used [0x00000000c0000000,0x00000000c285a798,0x00000000c3280000)
 Metaspace       used 47003K, capacity 48960K, committed 49280K, reserved 1091584K
  class space    used 6467K, capacity 6970K, committed 7040K, reserved 1048576K
Event: 2167.895 GC heap after
Heap after GC invocations=22 (full 4):
 PSYoungGen      total 174080K, used 0K [0x00000000eab00000, 0x00000000f6480000, 0x0000000100000000)
  eden space 160256K, 0% used [0x00000000eab00000,0x00000000eab00000,0x00000000f4780000)
  from space 13824K, 0% used [0x00000000f5700000,0x00000000f5700000,0x00000000f6480000)
  to   space 14848K, 0% used [0x00000000f4780000,0x00000000f4780000,0x00000000f5600000)
 ParOldGen       total 51712K, used 27118K [0x00000000c0000000, 0x00000000c3280000, 0x00000000eab00000)
  object space 51712K, 52% used [0x00000000c0000000,0x00000000c1a7b9d8,0x00000000c3280000)
 Metaspace       used 45479K, capacity 46558K, committed 49280K, reserved 1091584K
  class space    used 6114K, capacity 6305K, committed 7040K, reserved 1048576K
}
Event: 2216.396 GC heap before
{Heap before GC invocations=23 (full 4):
 PSYoungGen      total 174080K, used 160256K [0x00000000eab00000, 0x00000000f6480000, 0x0000000100000000)
  eden space 160256K, 100% used [0x00000000eab00000,0x00000000f4780000,0x00000000f4780000)
  from space 13824K, 0% used [0x00000000f5700000,0x00000000f5700000,0x00000000f6480000)
  to   space 14848K, 0% used [0x00000000f4780000,0x00000000f4780000,0x00000000f5600000)
 ParOldGen       total 51712K, used 27118K [0x00000000c0000000, 0x00000000c3280000, 0x00000000eab00000)
  object space 51712K, 52% used [0x00000000c0000000,0x00000000c1a7b9d8,0x00000000c3280000)
 Metaspace       used 46213K, capacity 47744K, committed 49280K, reserved 1091584K
  class space    used 6239K, capacity 6491K, committed 7040K, reserved 1048576K
Event: 2216.434 GC heap after
Heap after GC invocations=23 (full 4):
 PSYoungGen      total 175104K, used 10043K [0x00000000eab00000, 0x00000000f7280000, 0x0000000100000000)
  eden space 160256K, 0% used [0x00000000eab00000,0x00000000eab00000,0x00000000f4780000)
  from space 14848K, 67% used [0x00000000f4780000,0x00000000f514eda0,0x00000000f5600000)
  to   space 15360K, 0% used [0x00000000f6380000,0x00000000f6380000,0x00000000f7280000)
 ParOldGen       total 51712K, used 27118K [0x00000000c0000000, 0x00000000c3280000, 0x00000000eab00000)
  object space 51712K, 52% used [0x00000000c0000000,0x00000000c1a7b9d8,0x00000000c3280000)
 Metaspace       used 46213K, capacity 47744K, committed 49280K, reserved 1091584K
  class space    used 6239K, capacity 6491K, committed 7040K, reserved 1048576K
}
Event: 2389.280 GC heap before
{Heap before GC invocations=24 (full 4):
 PSYoungGen      total 175104K, used 170299K [0x00000000eab00000, 0x00000000f7280000, 0x0000000100000000)
  eden space 160256K, 100% used [0x00000000eab00000,0x00000000f4780000,0x00000000f4780000)
  from space 14848K, 67% used [0x00000000f4780000,0x00000000f514eda0,0x00000000f5600000)
  to   space 15360K, 0% used [0x00000000f6380000,0x00000000f6380000,0x00000000f7280000)
 ParOldGen       total 51712K, used 27118K [0x00000000c0000000, 0x00000000c3280000, 0x00000000eab00000)
  object space 51712K, 52% used [0x00000000c0000000,0x00000000c1a7b9d8,0x00000000c3280000)
 Metaspace       used 46892K, capacity 48576K, committed 49792K, reserved 1091584K
  class space    used 6306K, capacity 6595K, committed 7040K, reserved 1048576K
Event: 2389.400 GC heap after
Heap after GC invocations=24 (full 4):
 PSYoungGen      total 185856K, used 15335K [0x00000000eab00000, 0x00000000f7600000, 0x0000000100000000)
  eden space 170496K, 0% used [0x00000000eab00000,0x00000000eab00000,0x00000000f5180000)
  from space 15360K, 99% used [0x00000000f6380000,0x00000000f7279e20,0x00000000f7280000)
  to   space 18432K, 0% used [0x00000000f5180000,0x00000000f5180000,0x00000000f6380000)
 ParOldGen       total 51712K, used 28891K [0x00000000c0000000, 0x00000000c3280000, 0x00000000eab00000)
  object space 51712K, 55% used [0x00000000c0000000,0x00000000c1c36d40,0x00000000c3280000)
 Metaspace       used 46892K, capacity 48576K, committed 49792K, reserved 1091584K
  class space    used 6306K, capacity 6595K, committed 7040K, reserved 1048576K
}

Deoptimization events (10 events):
Event: 2385.997 Thread 0x0000000058012800 Uncommon trap: reason=bimorphic action=maybe_recompile pc=0x00000000046803ac method=com.sun.org.apache.xerces.internal.dom.NodeImpl.ownerDocument()Lcom/sun/org/apache/xerces/internal/dom/CoreDocumentImpl; @ 11
Event: 2385.997 Thread 0x0000000058012800 Uncommon trap: reason=bimorphic action=maybe_recompile pc=0x0000000003225288 method=com.sun.org.apache.xerces.internal.dom.NodeImpl.ownerDocument()Lcom/sun/org/apache/xerces/internal/dom/CoreDocumentImpl; @ 11
Event: 2385.997 Thread 0x0000000058012800 Uncommon trap: reason=bimorphic action=maybe_recompile pc=0x00000000046803ac method=com.sun.org.apache.xerces.internal.dom.NodeImpl.ownerDocument()Lcom/sun/org/apache/xerces/internal/dom/CoreDocumentImpl; @ 11
Event: 2385.997 Thread 0x0000000058012800 Uncommon trap: reason=bimorphic action=maybe_recompile pc=0x0000000003225288 method=com.sun.org.apache.xerces.internal.dom.NodeImpl.ownerDocument()Lcom/sun/org/apache/xerces/internal/dom/CoreDocumentImpl; @ 11
Event: 2385.997 Thread 0x0000000058012800 Uncommon trap: reason=bimorphic action=maybe_recompile pc=0x00000000046803ac method=com.sun.org.apache.xerces.internal.dom.NodeImpl.ownerDocument()Lcom/sun/org/apache/xerces/internal/dom/CoreDocumentImpl; @ 11
Event: 2385.998 Thread 0x0000000058012800 Uncommon trap: reason=class_check action=maybe_recompile pc=0x0000000002f0a070 method=com.sun.org.apache.xerces.internal.dom.ElementImpl.getAttributes()Lorg/w3c/dom/NamedNodeMap; @ 8
Event: 2385.999 Thread 0x0000000058012800 Uncommon trap: reason=class_check action=maybe_recompile pc=0x0000000002f0a070 method=com.sun.org.apache.xerces.internal.dom.ElementImpl.getAttributes()Lorg/w3c/dom/NamedNodeMap; @ 8
Event: 2386.000 Thread 0x0000000058012800 Uncommon trap: reason=class_check action=maybe_recompile pc=0x0000000002f0a070 method=com.sun.org.apache.xerces.internal.dom.ElementImpl.getAttributes()Lorg/w3c/dom/NamedNodeMap; @ 8
Event: 2386.235 Thread 0x0000000058012800 Uncommon trap: reason=null_check action=make_not_entrant pc=0x00000000036058a4 method=com.android.ide.common.res2.NodeUtils.processSingleNodeNamespace(Lorg/w3c/dom/Node;Lorg/w3c/dom/Document;)Z @ 8
Event: 2395.080 Thread 0x000000005a0b0000 Uncommon trap: reason=unstable_if action=reinterpret pc=0x0000000002fd8e7c method=java.lang.ThreadLocal.get()Ljava/lang/Object; @ 11

Internal exceptions (10 events):
Event: 2213.749 Thread 0x0000000058010000 Implicit null exception at 0x0000000003cc9fa0 to 0x0000000003ccf815
Event: 2214.490 Thread 0x0000000058010000 Exception <a 'java/lang/ClassNotFoundException': groovy/runtime/metaclass/[Lcom/android/build/gradle/internal/ConfigurationProvider;MetaClass> (0x00000000f0fcb6b0) thrown at [C:\workspace\8-2-build-windows-amd64-cygwin\jdk8u65\4987\hotspot\src\share\vm\pri ³lÏŒO¡@
Event: 2215.775 Thread 0x0000000058010000 Exception <a 'java/lang/SecurityException'> (0x00000000f3d11ab8) thrown at [C:\workspace\8-2-build-windows-amd64-cygwin\jdk8u65\4987\hotspot\src\share\vm\prims\jvm.cpp, line 1390]
Event: 2219.626 Thread 0x0000000058010000 Implicit null exception at 0x00000000038ed327 to 0x00000000038edab9
Event: 2221.093 Thread 0x0000000058010000 Implicit null exception at 0x000000000468986b to 0x0000000004689e61
Event: 2221.425 Thread 0x0000000058010000 Exception <a 'java/lang/reflect/InvocationTargetException'> (0x00000000ed11ca00) thrown at [C:\workspace\8-2-build-windows-amd64-cygwin\jdk8u65\4987\hotspot\src\share\vm\runtime\reflection.cpp, line 1092]
Event: 2374.327 Thread 0x0000000058012800 Exception <a 'java/lang/ClassNotFoundException': asLocalRepo46_pa7bl1vjthizjbvy1eec2rfsBeanInfo> (0x00000000ed624d28) thrown at [C:\workspace\8-2-build-windows-amd64-cygwin\jdk8u65\4987\hotspot\src\share\vm\classfile\systemDictionary.cpp, line 210]
Event: 2374.328 Thread 0x0000000058012800 Exception <a 'java/lang/ClassNotFoundException': asLocalRepo46_pa7bl1vjthizjbvy1eec2rfsCustomizer> (0x00000000ed62e188) thrown at [C:\workspace\8-2-build-windows-amd64-cygwin\jdk8u65\4987\hotspot\src\share\vm\classfile\systemDictionary.cpp, line 210]
Event: 2386.235 Thread 0x0000000058012800 Implicit null exception at 0x0000000003605757 to 0x0000000003605893
Event: 2395.080 Thread 0x000000005a0b0000 Implicit null exception at 0x0000000002fd8dd8 to 0x0000000002fd8e69

Events (10 events):
Event: 2395.493 Thread 0x0000000055418800 flushing nmethod 0x0000000003851590
Event: 2395.495 Thread 0x000000005a0b1000 Thread exited: 0x000000005a0b1000
Event: 2395.495 Thread 0x0000000055418800 flushing nmethod 0x0000000003a11ad0
Event: 2395.495 Thread 0x0000000055418800 flushing nmethod 0x0000000003a1b610
Event: 2395.495 Thread 0x0000000055418800 flushing nmethod 0x0000000003a1b950
Event: 2395.496 Thread 0x0000000055418800 flushing nmethod 0x0000000003a8de50
Event: 2395.497 Thread 0x000000005b58b000 Thread exited: 0x000000005b58b000
Event: 2395.498 Thread 0x0000000055418800 flushing nmethod 0x0000000003e00410
Event: 2395.499 Thread 0x000000005b58c800 Thread exited: 0x000000005b58c800
Event: 2395.501 Thread 0x000000005b58e000 Thread exited: 0x000000005b58e000


Dynamic libraries:
0x000000013f550000 - 0x000000013f587000 	C:\Program Files\Java\jdk1.8.0_65\bin\java.exe
0x0000000077a60000 - 0x0000000077c09000 	C:\Windows\SYSTEM32\ntdll.dll
0x0000000077940000 - 0x0000000077a5f000 	C:\Windows\system32\kernel32.dll
0x000007fefdb50000 - 0x000007fefdbbb000 	C:\Windows\system32\KERNELBASE.dll
0x000007fefdf00000 - 0x000007fefdfdb000 	C:\Windows\system32\ADVAPI32.dll
0x000007feff350000 - 0x000007feff3ef000 	C:\Windows\system32\msvcrt.dll
0x000007feffcd0000 - 0x000007feffcef000 	C:\Windows\SYSTEM32\sechost.dll
0x000007fefe320000 - 0x000007fefe44d000 	C:\Windows\system32\RPCRT4.dll
0x0000000077840000 - 0x000000007793a000 	C:\Windows\system32\USER32.dll
0x000007feff860000 - 0x000007feff8c7000 	C:\Windows\system32\GDI32.dll
0x000007feffa30000 - 0x000007feffa3e000 	C:\Windows\system32\LPK.dll
0x000007fefe450000 - 0x000007fefe519000 	C:\Windows\system32\USP10.dll
0x000007fefc3c0000 - 0x000007fefc5b4000 	C:\Windows\WinSxS\amd64_microsoft.windows.common-controls_6595b64144ccf1df_6.0.7601.17514_none_fa396087175ac9ac\COMCTL32.dll
0x000007feffc50000 - 0x000007feffcc1000 	C:\Windows\system32\SHLWAPI.dll
0x000007feffa40000 - 0x000007feffa6e000 	C:\Windows\system32\IMM32.DLL
0x000007fefdfe0000 - 0x000007fefe0e9000 	C:\Windows\system32\MSCTF.dll
0x000007fefd5c0000 - 0x000007fefd656000 	C:\Windows\system32\guard64.dll
0x000007feff470000 - 0x000007feff673000 	C:\Windows\system32\ole32.dll
0x0000000077c30000 - 0x0000000077c37000 	C:\Windows\system32\PSAPI.DLL
0x000007fefd5b0000 - 0x000007fefd5bc000 	C:\Windows\system32\VERSION.dll
0x000007fefd5a0000 - 0x000007fefd5a9000 	C:\Windows\system32\fltlib.dll
0x000000006a050000 - 0x000000006a122000 	C:\Program Files\Java\jdk1.8.0_65\jre\bin\msvcr100.dll
0x000000006c320000 - 0x000000006cba9000 	C:\Program Files\Java\jdk1.8.0_65\jre\bin\server\jvm.dll
0x000007fef9b80000 - 0x000007fef9b89000 	C:\Windows\system32\WSOCK32.dll
0x0000000002190000 - 0x00000000021dd000 	C:\Windows\system32\WS2_32.dll
0x00000000021e0000 - 0x00000000021e8000 	C:\Windows\system32\NSI.dll
0x000007fefb660000 - 0x000007fefb69b000 	C:\Windows\system32\WINMM.dll
0x00000000749c0000 - 0x00000000749cf000 	C:\Program Files\Java\jdk1.8.0_65\jre\bin\verify.dll
0x000000006c210000 - 0x000000006c239000 	C:\Program Files\Java\jdk1.8.0_65\jre\bin\java.dll
0x000000006c1f0000 - 0x000000006c206000 	C:\Program Files\Java\jdk1.8.0_65\jre\bin\zip.dll
0x000007fefe5c0000 - 0x000007feff348000 	C:\Windows\system32\SHELL32.dll
0x000007fefd830000 - 0x000007fefd83f000 	C:\Windows\system32\profapi.dll
0x000000006c1d0000 - 0x000000006c1ea000 	C:\Program Files\Java\jdk1.8.0_65\jre\bin\net.dll
0x000007fefcfd0000 - 0x000007fefd025000 	C:\Windows\system32\mswsock.dll
0x000007fefcfc0000 - 0x000007fefcfc7000 	C:\Windows\System32\wship6.dll
0x000000006c1b0000 - 0x000000006c1c1000 	C:\Program Files\Java\jdk1.8.0_65\jre\bin\nio.dll
0x000007fef5da0000 - 0x000007fef5db2000 	C:\Users\tsar\.gradle\native\19\windows-amd64\native-platform.dll
0x000007fefc5c0000 - 0x000007fefc5e7000 	C:\Windows\system32\IPHLPAPI.DLL
0x000007fefc3b0000 - 0x000007fefc3bb000 	C:\Windows\system32\WINNSI.DLL
0x000007fefa040000 - 0x000007fefa058000 	C:\Windows\system32\dhcpcsvc.DLL
0x000007fef9ad0000 - 0x000007fef9ae1000 	C:\Windows\system32\dhcpcsvc6.DLL
0x000007fefd030000 - 0x000007fefd047000 	C:\Windows\system32\CRYPTSP.dll
0x000007fefcd30000 - 0x000007fefcd77000 	C:\Windows\system32\rsaenh.dll
0x000007fefcac0000 - 0x000007fefcade000 	C:\Windows\system32\USERENV.dll
0x000007fefd720000 - 0x000007fefd72f000 	C:\Windows\system32\CRYPTBASE.dll
0x000007fefd6c0000 - 0x000007fefd717000 	C:\Windows\system32\apphelp.dll
0x000000006bfb0000 - 0x000000006bfbd000 	C:\Program Files\Java\jdk1.8.0_65\jre\bin\management.dll

VM Arguments:
jvm_args: -XX:MaxPermSize=256m -XX:+HeapDumpOnOutOfMemoryError -Xmx1024m -Dfile.encoding=windows-1251 -Duser.country=RU -Duser.language=ru -Duser.variant 
java_command: org.gradle.launcher.daemon.bootstrap.GradleDaemon 2.8
java_class_path (initial): C:\Program Files\Android\Android Studio\gradle\gradle-2.8\lib\gradle-launcher-2.8.jar
Launcher Type: SUN_STANDARD

Environment Variables:
PATH=C:\ProgramData\Oracle\Java\javapath;C:\Program Files (x86)\Intel\iCLS Client\;C:\Program Files\Intel\iCLS Client\;C:\Windows\system32;C:\Windows;C:\Windows\System32\Wbem;C:\Windows\System32\WindowsPowerShell\v1.0\;C:\Program Files\Intel\Intel(R) Management Engine Components\DAL;C:\Program Files\Intel\Intel(R) Management Engine Components\IPT;C:\Program Files (x86)\Intel\Intel(R) Management Engine Components\DAL;C:\Program Files (x86)\Intel\Intel(R) Management Engine Components\IPT
USERNAME=tsar
OS=Windows_NT
PROCESSOR_IDENTIFIER=Intel64 Family 6 Model 42 Stepping 7, GenuineIntel



---------------  S Y S T E M  ---------------

OS: Windows 7 , 64 bit Build 7601 (6.1.7601.18015)

CPU:total 2 (2 cores per cpu, 1 threads per core) family 6 model 42 stepping 7, cmov, cx8, fxsr, mmx, sse, sse2, sse3, ssse3, sse4.1, sse4.2, popcnt, clmul, tsc, tscinvbit

Memory: 4k page, physical 3023216k(72816k free), swap 4045356k(4696k free)

vm_info: Java HotSpot(TM) 64-Bit Server VM (25.65-b01) for windows-amd64 JRE (1.8.0_65-b17), built on Oct  6 2015 16:39:20 by "java_re" with MS VC++ 10.0 (VS2010)

time: Sun Dec 20 10:55:59 2015
elapsed time: 2407 seconds (0d 0h 40m 7s)

