JvmtiExport can_access_local_variables 0
JvmtiExport can_hotswap_or_post_breakpoint 0
JvmtiExport can_post_on_exceptions 0
# 160 ciObject found
instanceKlass com/google/common/base/Throwables
instanceKlass com/android/utils/PositionXmlParser$Position
instanceKlass com/sun/org/apache/xerces/internal/util/EntityResolver2Wrapper
instanceKlass com/sun/org/apache/xerces/internal/dom/ParentNode$UserDataRecord
instanceKlass org/xml/sax/ext/DeclHandler
instanceKlass org/xml/sax/ext/LexicalHandler
instanceKlass com/android/utils/PositionXmlParser
instanceKlass com/android/ide/common/resources/configuration/ResourceQualifier
instanceKlass com/android/ide/common/resources/configuration/FolderConfiguration
instanceKlass org/gradle/messaging/remote/internal/Message$1
instanceKlass org/gradle/messaging/remote/internal/Message$CausePlaceholder
instanceKlass org/gradle/messaging/remote/internal/Message$ExceptionPlaceholder
instanceKlass java/lang/Throwable$PrintStreamOrWriter
instanceKlass org/gradle/BuildExceptionReporter$2
instanceKlass org/gradle/logging/internal/BufferingStyledTextOutput$ChangeStyleAction
instanceKlass org/gradle/logging/internal/BufferingStyledTextOutput$1
instanceKlass org/gradle/BuildExceptionReporter$FailureDetails
instanceKlass java/util/logging/LogRecord
instanceKlass org/codehaus/groovy/runtime/StackTraceUtils
instanceKlass org/gradle/internal/exceptions/Contextual
instanceKlass com/android/ide/common/res2/MergingException$Builder
instanceKlass com/android/build/gradle/internal/pipeline/ImmutableTransformInput
instanceKlass com/android/build/gradle/internal/pipeline/QualifiedContentImpl
instanceKlass com/android/build/api/transform/DirectoryInput
instanceKlass com/android/build/gradle/internal/pipeline/IntermediateFolderUtils$7
instanceKlass com/android/build/gradle/internal/pipeline/IntermediateFolderUtils$6
instanceKlass com/android/build/gradle/internal/pipeline/IntermediateFolderUtils$5
instanceKlass com/android/build/gradle/internal/pipeline/IntermediateFolderUtils$2
instanceKlass com/android/build/gradle/internal/pipeline/IntermediateFolderUtils$InputGenerator
instanceKlass com/android/build/gradle/internal/pipeline/IntermediateFolderUtils
instanceKlass com/google/common/collect/StandardTable$Row$RowEntrySet$1
instanceKlass com/google/common/collect/StandardTable$RowMap$EntrySet$1
instanceKlass com/google/common/collect/Tables$AbstractCell
instanceKlass com/google/common/collect/Tables$1
instanceKlass com/google/common/collect/Table$Cell
instanceKlass com/google/common/collect/RowSortedTable
instanceKlass com/google/common/collect/Tables
instanceKlass com/google/common/collect/StandardTable$CellIterator
instanceKlass com/android/builder/internal/SymbolWriter
instanceKlass com/android/builder/internal/SymbolLoader$SymbolEntry
instanceKlass com/google/common/collect/HashBasedTable$Factory
instanceKlass com/google/common/collect/AbstractTable
instanceKlass com/google/common/io/LineBuffer
instanceKlass com/google/common/io/LineReader
instanceKlass com/google/common/io/CharStreams
instanceKlass com/google/common/io/Files$1
instanceKlass com/google/common/collect/Table
instanceKlass com/android/builder/internal/SymbolLoader
instanceKlass com/android/build/gradle/internal/process/GradleProcessResult
instanceKlass org/gradle/process/internal/DefaultExecHandle$ExecResultImpl
instanceKlass org/gradle/process/internal/shutdown/ShutdownHookActionRegister$GradleShutdownHook
instanceKlass org/gradle/process/internal/shutdown/ShutdownHookActionRegister
instanceKlass org/gradle/process/internal/streams/ExecOutputHandleRunner
instanceKlass org/gradle/util/DisconnectableInputStream$1
instanceKlass org/gradle/util/DisconnectableInputStream$ThreadExecuter
instanceKlass net/rubygrapefruit/platform/internal/jni/WindowsHandleFunctions
instanceKlass org/gradle/process/internal/ProcessBuilderFactory
instanceKlass org/gradle/process/internal/ExecHandleRunner
instanceKlass org/gradle/process/internal/ExecHandleShutdownHookAction
instanceKlass net/rubygrapefruit/platform/internal/DefaultProcessLauncher
instanceKlass net/rubygrapefruit/platform/internal/WindowsProcessLauncher
instanceKlass net/rubygrapefruit/platform/internal/WrapperProcessLauncher
instanceKlass org/gradle/process/internal/DefaultExecHandle
instanceKlass org/gradle/process/internal/ProcessSettings
instanceKlass org/gradle/process/internal/streams/StreamsForwarder
instanceKlass org/gradle/process/internal/streams/SafeStreams
instanceKlass org/gradle/process/internal/ExecHandleListener
instanceKlass org/gradle/process/internal/ExecHandle
instanceKlass org/gradle/process/internal/streams/StreamsHandler
instanceKlass com/android/build/gradle/internal/process/GradleProcessExecutor$ExecAction
instanceKlass com/android/ide/common/process/BaseProcessOutputHandler$BaseProcessOutput
instanceKlass com/android/ide/common/process/ProcessInfoBuilder$ProcessInfoImpl
instanceKlass com/android/ide/common/process/JavaProcessInfo
instanceKlass com/android/ide/common/blame/MergingLogRewriter$1
instanceKlass com/android/ide/common/blame/MergingLogRewriter
instanceKlass com/android/ide/common/blame/parser/aapt/AbstractAaptOutputParser
instanceKlass com/android/ide/common/blame/parser/aapt/AaptOutputParser
instanceKlass com/android/ide/common/blame/parser/ToolOutputParser
instanceKlass com/android/ide/common/process/BaseProcessOutputHandler
instanceKlass com/android/ide/common/process/ProcessEnvBuilder
instanceKlass com/google/common/collect/TransformedIterator
instanceKlass com/android/build/gradle/tasks/ManifestProcessorTask$1
instanceKlass org/gradle/api/internal/changedetection/state/DefaultFileCollectionSnapshotter$MissingFileSnapshot
instanceKlass org/gradle/api/internal/changedetection/state/DefaultFileCollectionSnapshotter$DirSnapshot
instanceKlass org/gradle/api/internal/changedetection/state/CacheBackedTaskHistoryRepository$1$1
instanceKlass org/gradle/api/internal/changedetection/state/MapMergeChangeListener$DefaultMerge
instanceKlass org/gradle/api/internal/changedetection/state/FileCollectionSnapshot$Merge
instanceKlass org/gradle/util/NoOpChangeListener
instanceKlass org/gradle/api/internal/changedetection/state/MapMergeChangeListener
instanceKlass org/gradle/api/internal/changedetection/rules/OutputFilesStateChangeRule$1$2
instanceKlass org/gradle/api/internal/changedetection/state/DefaultFileCollectionSnapshotter$FileCollectionSnapshotImpl$3
instanceKlass org/gradle/api/internal/changedetection/state/OutputFilesCollectionSnapshotter$OutputFilesDiff
instanceKlass com/android/utils/XmlUtils$PositionAwareStringBuilder
instanceKlass com/sun/org/apache/xerces/internal/dom/CoreDOMImplementationImpl
instanceKlass org/w3c/dom/ls/DOMImplementationLS
instanceKlass org/w3c/dom/DOMImplementation
instanceKlass java/util/concurrent/ConcurrentHashMap$MapEntry
instanceKlass com/google/common/cache/LocalCache$WriteThroughEntry
instanceKlass com/google/common/cache/LocalCache$HashIterator
instanceKlass com/android/builder/png/AaptProcess$NotifierProcessOutput
instanceKlass com/android/builder/tasks/JobContext
instanceKlass com/android/utils/GrabProcessOutput
instanceKlass com/android/builder/png/AaptProcess$ProcessOutputFacade
instanceKlass com/android/builder/png/AaptProcess
instanceKlass com/google/common/io/CharSink
instanceKlass com/android/ide/common/blame/SourceFileJsonTypeAdapter$1
instanceKlass com/google/common/collect/GenericMapMaker
instanceKlass com/android/ide/common/blame/MergingLogPersistUtil
instanceKlass com/google/common/util/concurrent/Uninterruptibles
instanceKlass com/google/common/base/Platform
instanceKlass com/google/common/cache/LocalCache$AbstractReferenceEntry
instanceKlass com/google/common/base/Stopwatch
instanceKlass com/google/common/util/concurrent/ExecutionList
instanceKlass com/google/common/util/concurrent/AbstractFuture
instanceKlass com/android/builder/png/AaptProcess$Builder
instanceKlass com/google/common/util/concurrent/ListenableFuture
instanceKlass com/google/common/cache/LocalCache$LoadingValueReference
instanceKlass com/android/builder/tasks/WorkQueue$QueueTask
instanceKlass com/android/builder/tasks/BooleanLatch
instanceKlass com/android/builder/png/QueuedCruncher$2
instanceKlass com/android/ide/common/res2/MergedResourceWriter$2
instanceKlass java/util/concurrent/Executors$RunnableAdapter
instanceKlass java/util/concurrent/FutureTask$WaitNode
instanceKlass java/util/concurrent/FutureTask
instanceKlass com/android/ide/common/res2/MergedResourceWriter$1
instanceKlass com/google/common/cache/RemovalListener
instanceKlass com/google/common/cache/Weigher
instanceKlass com/google/common/cache/LocalCache$StrongValueReference
instanceKlass com/google/common/cache/LocalCache$1
instanceKlass java/util/concurrent/RunnableFuture
instanceKlass com/google/common/util/concurrent/ListeningScheduledExecutorService
instanceKlass com/google/common/util/concurrent/ListeningExecutorService
instanceKlass com/google/common/util/concurrent/MoreExecutors
instanceKlass com/google/common/cache/LocalCache$ReferenceEntry
instanceKlass com/google/common/cache/LocalCache$ValueReference
instanceKlass com/google/common/cache/LocalCache$LocalManualCache
instanceKlass com/google/common/cache/CacheBuilder$2
instanceKlass com/google/common/cache/CacheStats
instanceKlass com/google/common/cache/CacheBuilder$1
instanceKlass com/google/common/cache/AbstractCache$StatsCounter
instanceKlass com/google/common/cache/LoadingCache
instanceKlass com/google/common/cache/Cache
instanceKlass com/google/common/base/Ticker
instanceKlass com/google/common/cache/CacheBuilder
instanceKlass com/google/common/cache/CacheLoader
instanceKlass com/android/ide/common/blame/MergingLog
instanceKlass java/util/concurrent/Executors$DefaultThreadFactory
instanceKlass java/util/concurrent/ExecutorCompletionService
instanceKlass java/util/concurrent/CompletionService
instanceKlass com/android/ide/common/internal/WaitableExecutor
instanceKlass com/android/builder/tasks/WorkQueue
instanceKlass com/android/builder/png/QueuedCruncher$1
instanceKlass com/android/builder/tasks/Job
instanceKlass com/android/builder/tasks/Task
instanceKlass com/android/builder/tasks/QueueThreadContext
instanceKlass com/android/builder/png/QueuedCruncher
instanceKlass com/android/ide/common/res2/MergeWriter
instanceKlass com/android/ide/common/res2/ResourceSet$1
instanceKlass com/android/resources/FolderTypeRelationship
instanceKlass com/android/ide/common/res2/ResourceSet$FolderData
instanceKlass com/android/ide/common/res2/DataSet$1
instanceKlass com/google/common/base/AbstractIterator$1
instanceKlass com/google/common/collect/AbstractMapBasedMultimap$KeySet$1
instanceKlass com/google/common/collect/AbstractMapBasedMultimap$AsMap$AsMapIterator
instanceKlass com/android/ide/common/res2/ValueResourceNameValidator
instanceKlass com/android/ide/common/res2/ValueResourceParser2
instanceKlass com/android/layoutlib/api/IStyleResourceValue
instanceKlass com/android/layoutlib/api/IDensityBasedResourceValue
instanceKlass com/android/ide/common/rendering/api/ResourceReference
instanceKlass com/android/layoutlib/api/IResourceValue
instanceKlass com/android/utils/SdkUtils
instanceKlass com/android/ide/common/res2/FileResourceNameValidator
instanceKlass com/android/ide/common/res2/NodeUtils
instanceKlass com/android/ide/common/res2/DataItem
instanceKlass com/android/ide/common/resources/configuration/Configurable
instanceKlass com/android/ide/common/res2/DataMerger
instanceKlass java/awt/image/RenderedImage
instanceKlass com/android/builder/png/VectorDrawableRenderer
instanceKlass com/android/build/gradle/internal/tasks/IncrementalTask$2
instanceKlass com/android/build/gradle/internal/tasks/IncrementalTask$1
instanceKlass org/gradle/api/internal/changedetection/changes/StatefulIncrementalTaskInputs
instanceKlass org/gradle/api/internal/changedetection/changes/IncrementalTaskInputsInternal
instanceKlass org/gradle/api/internal/changedetection/rules/FileChange
instanceKlass org/gradle/api/tasks/incremental/InputFileDetails
instanceKlass com/google/common/cache/RemovalNotification
instanceKlass org/gradle/cache/internal/DefaultMultiProcessSafePersistentIndexedCache$2
instanceKlass org/gradle/cache/internal/DefaultMultiProcessSafePersistentIndexedCache$3
instanceKlass com/google/common/base/Optional
instanceKlass com/sun/org/apache/xml/internal/utils/XMLString
instanceKlass com/sun/org/apache/xml/internal/dtm/DTMAxisTraverser
instanceKlass com/sun/org/apache/xml/internal/dtm/Axis
instanceKlass com/sun/org/apache/xpath/internal/objects/Comparator
instanceKlass com/sun/org/apache/xml/internal/dtm/ref/dom2dtm/DOM2DTMdefaultNamespaceDeclarationNode
instanceKlass com/sun/org/apache/xml/internal/utils/NSInfo
instanceKlass com/sun/org/apache/xml/internal/utils/DOMHelper
instanceKlass org/xml/sax/helpers/LocatorImpl
instanceKlass com/sun/org/apache/xml/internal/utils/TreeWalker
instanceKlass com/sun/org/apache/xml/internal/utils/SuballocatedIntVector
instanceKlass com/sun/org/apache/xml/internal/dtm/ref/DTMDefaultBase
instanceKlass javax/xml/transform/dom/DOMSource
instanceKlass javax/xml/transform/Source
instanceKlass com/sun/org/apache/xml/internal/dtm/ref/DTMNodeProxy
instanceKlass org/w3c/dom/DocumentFragment
instanceKlass org/w3c/dom/ProcessingInstruction
instanceKlass com/sun/org/apache/xml/internal/dtm/ref/ExpandedNameTable$HashEntry
instanceKlass com/sun/org/apache/xml/internal/dtm/ref/ExtendedType
instanceKlass com/sun/org/apache/xml/internal/dtm/ref/ExpandedNameTable
instanceKlass com/sun/org/apache/xml/internal/dtm/DTM
instanceKlass com/sun/org/apache/xml/internal/utils/XMLStringFactory
instanceKlass com/sun/org/apache/xpath/internal/XPathContext$XPathExpressionContext
instanceKlass com/sun/org/apache/xalan/internal/extensions/ExpressionContext
instanceKlass com/sun/org/apache/xml/internal/utils/NodeVector
instanceKlass com/sun/org/apache/xpath/internal/SourceTreeManager
instanceKlass com/sun/org/apache/xpath/internal/VariableStack
instanceKlass com/sun/org/apache/xml/internal/utils/IntVector
instanceKlass com/sun/org/apache/xml/internal/dtm/DTMManager
instanceKlass com/sun/org/apache/xpath/internal/axes/IteratorPool
instanceKlass com/sun/org/apache/xpath/internal/axes/SubContextList
instanceKlass com/sun/org/apache/xpath/internal/axes/PathComponent
instanceKlass com/sun/org/apache/xml/internal/dtm/DTMIterator
instanceKlass com/sun/org/apache/xpath/internal/axes/WalkerFactory
instanceKlass com/sun/org/apache/xpath/internal/compiler/OpMapVector
instanceKlass com/sun/org/apache/xpath/internal/compiler/Lexer
instanceKlass com/sun/org/apache/xml/internal/utils/ObjectVector
instanceKlass com/sun/org/apache/xpath/internal/compiler/OpMap
instanceKlass com/sun/org/apache/xpath/internal/compiler/XPathParser
instanceKlass com/sun/org/apache/xml/internal/utils/DefaultErrorHandler
instanceKlass javax/xml/transform/ErrorListener
instanceKlass com/sun/org/apache/xpath/internal/Expression
instanceKlass com/sun/org/apache/xpath/internal/XPathVisitable
instanceKlass com/sun/org/apache/xpath/internal/ExpressionNode
instanceKlass javax/xml/transform/SourceLocator
instanceKlass com/sun/org/apache/xpath/internal/compiler/FunctionTable
instanceKlass com/sun/org/apache/xpath/internal/XPath
instanceKlass com/sun/org/apache/xpath/internal/ExpressionOwner
instanceKlass com/sun/org/apache/xalan/internal/utils/FactoryImpl
instanceKlass javax/xml/namespace/QName$1
instanceKlass javax/xml/namespace/QName
instanceKlass javax/xml/xpath/XPathConstants
instanceKlass com/google/common/io/ByteArrayDataOutput
instanceKlass com/google/common/io/ByteArrayDataInput
instanceKlass com/google/common/io/ByteStreams
instanceKlass com/google/common/io/Closer$SuppressingSuppressor
instanceKlass com/google/common/io/Closer$Suppressor
instanceKlass com/google/common/io/Closer
instanceKlass com/google/common/io/CharSource
instanceKlass com/google/common/hash/PrimitiveSink
instanceKlass com/android/utils/XmlUtils
instanceKlass com/sun/org/apache/xpath/internal/jaxp/JAXPPrefixResolver
instanceKlass com/sun/org/apache/xml/internal/utils/PrefixResolver
instanceKlass com/android/xml/AndroidXPathFactory$AndroidNamespaceContext
instanceKlass com/sun/org/apache/xpath/internal/jaxp/XPathImpl
instanceKlass javax/xml/xpath/XPath
instanceKlass com/sun/org/apache/xalan/internal/utils/SecuritySupport$9
instanceKlass com/sun/org/apache/xalan/internal/utils/SecuritySupport$4
instanceKlass com/sun/org/apache/xalan/internal/utils/SecuritySupport
instanceKlass com/sun/org/apache/xalan/internal/utils/FeaturePropertyBase
instanceKlass javax/xml/xpath/SecuritySupport$5
instanceKlass javax/xml/xpath/XPathFactoryFinder$2
instanceKlass javax/xml/xpath/SecuritySupport$8
instanceKlass javax/xml/xpath/SecuritySupport$2
instanceKlass javax/xml/xpath/XPathFactoryFinder
instanceKlass javax/xml/xpath/SecuritySupport$1
instanceKlass javax/xml/xpath/SecuritySupport
instanceKlass javax/xml/xpath/XPathFactory
instanceKlass javax/xml/namespace/NamespaceContext
instanceKlass com/android/xml/AndroidXPathFactory
instanceKlass com/android/builder/model/NativeToolchain
instanceKlass org/gradle/api/internal/changedetection/rules/InputFilesStateChangeRule$ChangeListenerAdapter
instanceKlass org/gradle/api/internal/changedetection/state/CacheBackedTaskHistoryRepository$LazyTaskExecution$1
instanceKlass org/gradle/api/internal/changedetection/rules/OutputFilesStateChangeRule$ChangeListenerAdapter
instanceKlass org/gradle/api/internal/changedetection/state/OutputFilesCollectionSnapshotter$OutputFilesSnapshot$1
instanceKlass org/gradle/api/internal/changedetection/state/OutputFilesCollectionSnapshotter$AddIgnoreChangeListenerAdapter
instanceKlass org/gradle/api/internal/changedetection/state/DefaultFileCollectionSnapshotter$FileCollectionSnapshotImpl$2
instanceKlass org/gradle/api/internal/changedetection/state/OutputFilesCollectionSnapshotter$OutputFilesSnapshot$2
instanceKlass org/gradle/api/internal/changedetection/rules/TaskStateChange
instanceKlass org/gradle/api/internal/changedetection/state/CacheBackedTaskHistoryRepository$LazyTaskExecution$2
instanceKlass org/apache/commons/lang/ObjectUtils$Null
instanceKlass org/apache/commons/lang/exception/Nestable
instanceKlass org/apache/commons/lang/ObjectUtils
instanceKlass org/gradle/util/DiffUtil
instanceKlass org/gradle/api/internal/changedetection/rules/InputPropertiesStateChangeRule$1$1
instanceKlass org/gradle/api/internal/changedetection/rules/SummaryTaskStateChanges
instanceKlass org/gradle/api/internal/changedetection/rules/InputFilesStateChangeRule$1
instanceKlass org/gradle/api/internal/changedetection/rules/InputFilesStateChangeRule
instanceKlass org/gradle/api/internal/changedetection/state/DefaultFileCollectionSnapshotter$FileCollectionSnapshotImpl$1
instanceKlass org/gradle/api/internal/file/collections/SingletonFileTree
instanceKlass org/gradle/api/internal/changedetection/rules/CachingTaskStateChanges
instanceKlass org/gradle/api/internal/changedetection/rules/OutputFilesStateChangeRule$1
instanceKlass org/gradle/api/internal/changedetection/state/FilesSnapshotSet
instanceKlass org/gradle/api/internal/changedetection/state/DefaultFileCollectionSnapshotter$FileHashSnapshot
instanceKlass org/gradle/api/internal/changedetection/state/DefaultFileCollectionSnapshotter$IncrementalFileSnapshot
instanceKlass org/gradle/api/internal/changedetection/state/DefaultFileCollectionSnapshotter$1
instanceKlass org/gradle/api/internal/file/AbstractFileTreeElement
instanceKlass org/gradle/api/internal/changedetection/state/FileCollectionSnapshot$Diff
instanceKlass org/gradle/api/internal/changedetection/state/FileCollectionSnapshot$ChangeIterator
instanceKlass org/gradle/api/internal/changedetection/state/OutputFilesCollectionSnapshotter$1
instanceKlass org/gradle/api/internal/changedetection/rules/OutputFilesStateChangeRule
instanceKlass org/gradle/util/ChangeListener
instanceKlass org/gradle/api/internal/changedetection/rules/InputPropertiesStateChangeRule
instanceKlass org/gradle/api/internal/changedetection/rules/TaskTypeStateChangeRule
instanceKlass org/gradle/api/internal/changedetection/rules/SimpleTaskStateChanges
instanceKlass org/gradle/api/internal/changedetection/rules/NoHistoryStateChangeRule
instanceKlass org/gradle/api/internal/changedetection/rules/TaskStateChanges
instanceKlass org/gradle/api/internal/changedetection/rules/TaskUpToDateState
instanceKlass org/gradle/api/internal/changedetection/state/CacheBackedTaskHistoryRepository$1
instanceKlass org/gradle/api/internal/changedetection/state/InputPropertiesSerializer
instanceKlass org/gradle/api/internal/changedetection/state/CacheBackedTaskHistoryRepository$LazyTaskExecution$TaskHistorySerializer
instanceKlass org/gradle/api/internal/changedetection/state/CacheBackedTaskHistoryRepository$TaskHistory
instanceKlass org/gradle/cache/internal/btree/FreeListBlockStore$FreeListEntry
instanceKlass org/gradle/api/internal/changedetection/state/CacheBackedTaskHistoryRepository$2
instanceKlass org/gradle/api/internal/changedetection/changes/DefaultTaskArtifactStateRepository$TaskArtifactStateImpl
instanceKlass org/gradle/api/internal/changedetection/changes/NoHistoryArtifactState
instanceKlass com/android/builder/profile/ExecutionRecord
instanceKlass com/google/common/base/Ascii
instanceKlass org/gradle/api/internal/tasks/execution/DefaultTaskExecutionContext
instanceKlass com/android/build/gradle/internal/profile/RecordingBuildListener$TaskRecord
instanceKlass org/gradle/internal/progress/OperationIdGenerator
instanceKlass org/gradle/execution/taskgraph/AbstractTaskPlanExecutor$TaskExecutorWorker
instanceKlass org/gradle/api/execution/TaskActionListener
instanceKlass org/gradle/api/internal/tasks/execution/ExecuteActionsTaskExecuter
instanceKlass org/gradle/api/internal/tasks/execution/PostExecutionAnalysisTaskExecuter
instanceKlass org/gradle/api/internal/tasks/execution/SkipUpToDateTaskExecuter
instanceKlass org/gradle/api/internal/tasks/execution/ValidatingTaskExecuter
instanceKlass org/gradle/api/internal/tasks/execution/SkipEmptySourceFilesTaskExecuter
instanceKlass org/gradle/api/internal/tasks/execution/SkipTaskWithNoActionsExecuter
instanceKlass org/gradle/api/internal/tasks/execution/SkipOnlyIfTaskExecuter
instanceKlass org/gradle/api/internal/tasks/execution/ExecuteAtMostOnceTaskExecuter
instanceKlass org/gradle/api/execution/internal/TaskInputsListener$1
instanceKlass org/gradle/api/execution/internal/TaskInputsListener
instanceKlass org/gradle/api/internal/changedetection/changes/DefaultTaskArtifactStateRepository
instanceKlass org/gradle/api/internal/changedetection/TaskArtifactState
instanceKlass org/gradle/api/internal/changedetection/changes/ShortCircuitTaskArtifactStateRepository
instanceKlass org/gradle/api/internal/changedetection/state/CacheBackedTaskHistoryRepository$TaskHistorySerializer
instanceKlass org/gradle/api/internal/changedetection/state/CacheBackedFileSnapshotRepository
instanceKlass org/gradle/api/internal/changedetection/state/TaskHistoryRepository$History
instanceKlass org/gradle/api/internal/changedetection/state/TaskExecution
instanceKlass org/gradle/api/internal/changedetection/state/CacheBackedTaskHistoryRepository
instanceKlass org/gradle/api/internal/changedetection/state/OutputFilesSnapshotSerializer
instanceKlass org/gradle/api/internal/changedetection/state/OutputFilesCollectionSnapshotter$OutputFilesSnapshot
instanceKlass org/gradle/api/internal/changedetection/state/DefaultFileSnapshotterSerializer
instanceKlass org/gradle/api/internal/changedetection/state/DefaultFileCollectionSnapshotter$FileCollectionSnapshotImpl
instanceKlass org/gradle/internal/serialize/LongSerializer
instanceKlass org/gradle/api/internal/changedetection/state/OutputFilesCollectionSnapshotter
instanceKlass org/gradle/api/internal/changedetection/state/FileCollectionSnapshot
instanceKlass org/gradle/api/internal/changedetection/state/DefaultFileCollectionSnapshotter
instanceKlass org/gradle/api/internal/changedetection/state/InMemoryTaskArtifactCache$1
instanceKlass com/google/common/cache/Striped64$Cell
instanceKlass com/google/common/cache/Striped64$1
instanceKlass com/google/common/cache/LongAddable
instanceKlass com/google/common/cache/LongAddables$2
instanceKlass com/google/common/cache/LongAddables$1
instanceKlass com/google/common/cache/LongAddables
instanceKlass com/google/common/cache/AbstractCache$SimpleStatsCounter
instanceKlass org/gradle/api/internal/changedetection/state/InMemoryTaskArtifactCache$LoggingEvictionListener
instanceKlass org/gradle/api/internal/changedetection/state/DefaultTaskArtifactStateCacheAccess
instanceKlass org/gradle/api/internal/changedetection/state/InMemoryTaskArtifactCache$CacheCapSizer
instanceKlass org/gradle/execution/taskgraph/DefaultTaskGraphExecuter$EventFiringTaskWorker
instanceKlass org/gradle/internal/progress/PercentageProgressFormatter
instanceKlass org/gradle/execution/taskgraph/DefaultTaskExecutionPlan$2
instanceKlass org/gradle/execution/taskgraph/DefaultTaskExecutionPlan$TaskInfoInVisitingSegment
instanceKlass org/gradle/execution/taskgraph/DefaultTaskExecutionPlan$1
instanceKlass org/gradle/execution/taskgraph/DefaultTaskGraphExecuter$1
instanceKlass org/gradle/execution/SelectedTaskExecutionAction$BindAllReferencesOfProjectsToExecuteListener
instanceKlass org/gradle/execution/DefaultBuildExecuter$1
instanceKlass org/gradle/initialization/DefaultGradleLauncher$4
instanceKlass org/gradle/api/internal/file/collections/BuildDependenciesOnlyFileCollectionResolveContext
instanceKlass org/gradle/api/internal/tasks/CachingTaskDependencyResolveContext$TaskGraphImpl
instanceKlass org/gradle/api/internal/tasks/CachingTaskDependencyResolveContext
instanceKlass org/gradle/execution/taskgraph/TaskInfo
instanceKlass org/gradle/cli/ParsedCommandLine
instanceKlass org/gradle/cli/CommandLineParser$OptionParserState
instanceKlass org/gradle/cli/CommandLineParser$ParserState
instanceKlass org/gradle/cli/CommandLineParser
instanceKlass org/gradle/execution/TaskSelector$TaskSelection
instanceKlass org/gradle/execution/TaskNameResolver$1
instanceKlass org/gradle/execution/taskpath/ResolvedTaskPath
instanceKlass org/gradle/util/NameMatcher
instanceKlass org/gradle/execution/DefaultBuildConfigurationActionExecuter$1
instanceKlass org/gradle/initialization/DefaultGradleLauncher$3
instanceKlass org/gradle/messaging/remote/internal/Message
instanceKlass org/gradle/internal/DefaultTaskExecutionRequest
instanceKlass org/gradle/internal/classloader/ClassLoaderSpec$1
instanceKlass org/gradle/launcher/daemon/registry/PersistentDaemonRegistry$3
instanceKlass org/gradle/cache/internal/DefaultMultiProcessSafePersistentIndexedCache$4
instanceKlass org/apache/tools/ant/IntrospectionHelper$NestedCreator
instanceKlass org/apache/tools/ant/IntrospectionHelper$AttributeSetter
instanceKlass org/apache/tools/ant/IntrospectionHelper
instanceKlass com/google/common/collect/ImmutableSet$SerializedForm
instanceKlass com/google/common/collect/ImmutableList$SerializedForm
instanceKlass com/google/common/collect/ImmutableMap$SerializedForm
instanceKlass com/google/common/collect/AbstractMapEntry
instanceKlass com/google/common/collect/ImmutableMap$Builder
instanceKlass org/gradle/tooling/internal/provider/DefaultPayloadClassLoaderRegistry$1
instanceKlass org/gradle/tooling/internal/provider/BuildActionResult
instanceKlass org/gradle/api/internal/artifacts/result/DefaultUnresolvedComponentResult
instanceKlass org/gradle/api/artifacts/result/UnresolvedComponentResult
instanceKlass com/android/build/gradle/internal/model/VariantImpl
instanceKlass com/android/builder/model/Variant
instanceKlass com/android/builder/model/JavaArtifact
instanceKlass com/android/build/gradle/internal/model/ModelBuilder$1
instanceKlass com/android/builder/model/JavaLibrary
instanceKlass com/android/build/gradle/internal/model/LibraryImpl
instanceKlass com/android/ide/common/caching/CreatingCache$1
instanceKlass com/android/ide/common/caching/CreatingCache$ValueState
instanceKlass java/util/concurrent/CountDownLatch
instanceKlass com/android/build/gradle/internal/model/BaseArtifactImpl
instanceKlass com/android/build/gradle/internal/model/AndroidArtifactOutputImpl
instanceKlass com/android/builder/model/AndroidArtifactOutput
instanceKlass com/android/build/gradle/internal/model/OutputFileImpl
instanceKlass com/android/build/gradle/internal/model/ModelBuilder$SourceProviders
instanceKlass com/android/build/gradle/internal/model/BuildTypeContainerImpl
instanceKlass com/android/builder/model/BuildTypeContainer
instanceKlass com/android/build/gradle/internal/model/ApiVersionImpl
instanceKlass com/android/build/gradle/internal/model/BaseConfigImpl
instanceKlass com/android/build/gradle/internal/model/SourceProviderImpl
instanceKlass com/android/build/gradle/internal/model/SourceProviderContainerImpl
instanceKlass com/android/builder/model/SourceProviderContainer
instanceKlass com/android/build/gradle/internal/model/ProductFlavorContainerImpl
instanceKlass com/android/build/gradle/internal/model/DefaultJavaCompileOptions
instanceKlass com/android/build/gradle/internal/model/SigningConfigImpl
instanceKlass com/android/build/gradle/internal/model/DefaultAndroidProject
instanceKlass com/android/build/gradle/internal/model/AaptOptionsImpl
instanceKlass com/android/build/gradle/internal/model/ArtifactMetaDataImpl
instanceKlass com/android/builder/model/ArtifactMetaData
instanceKlass java/lang/reflect/WeakCache$LookupValue
instanceKlass org/gradle/tooling/internal/gradle/DefaultGradleBuild
instanceKlass org/gradle/plugins/ide/idea/model/JarDirectory
instanceKlass org/gradle/plugins/ide/idea/model/ModuleLibrary
instanceKlass org/gradle/plugins/ide/idea/model/Path
instanceKlass org/gradle/plugins/ide/idea/model/internal/IdeaDependenciesProvider$6
instanceKlass java/util/AbstractList$1
instanceKlass com/google/common/base/Predicates$IsEqualToPredicate
instanceKlass org/gradle/tooling/model/idea/IdeaContentRoot
instanceKlass org/gradle/api/tasks/SourceSetOutput
instanceKlass java/io/Console
instanceKlass java/lang/invoke/SerializedLambda
instanceKlass java/util/TreeMap$TreeMapSpliterator
instanceKlass java/security/PublicKey
instanceKlass java/security/Key
instanceKlass org/codehaus/groovy/runtime/metaclass/ClosureMetaClass$6
instanceKlass org/gradle/api/internal/project/AbstractProject$2
instanceKlass org/gradle/tooling/internal/provider/connection/ProviderBuildResult
instanceKlass org/gradle/api/internal/artifacts/ivyservice/ivyresolve/CachingModuleComponentRepository$ArtifactIdToMetaData
instanceKlass org/gradle/api/internal/artifacts/ivyservice/modulecache/DefaultModuleArtifactsCache$DefaultCachedArtifacts
instanceKlass org/gradle/api/internal/artifacts/ivyservice/modulecache/DefaultModuleArtifactsCache$ModuleArtifactsCacheEntry
instanceKlass org/gradle/api/internal/artifacts/ivyservice/modulecache/DefaultModuleArtifactsCache$ModuleArtifactsCacheEntrySerializer
instanceKlass org/gradle/api/internal/artifacts/ivyservice/modulecache/DefaultModuleArtifactsCache$ModuleArtifactsKeySerializer
instanceKlass org/gradle/api/internal/artifacts/ivyservice/modulecache/DefaultModuleArtifactsCache$ModuleArtifactsKey
instanceKlass org/gradle/plugins/ide/idea/model/internal/IdeaDependenciesProvider$3
instanceKlass com/google/common/collect/LinkedHashMultimap$1
instanceKlass org/gradle/api/internal/artifacts/result/DefaultArtifactResolutionResult
instanceKlass org/gradle/api/internal/artifacts/result/DefaultResolvedArtifactResult
instanceKlass org/gradle/api/artifacts/result/ResolvedArtifactResult
instanceKlass org/gradle/api/internal/artifacts/result/DefaultComponentArtifactsResult
instanceKlass org/gradle/api/artifacts/result/ArtifactResolutionResult
instanceKlass org/gradle/api/internal/artifacts/query/DefaultArtifactResolutionQuery$1
instanceKlass org/gradle/api/internal/artifacts/configurations/DetachedConfigurationsProvider
instanceKlass com/google/common/collect/AbstractMapBasedMultimap$KeySet$1
instanceKlass org/gradle/api/artifacts/result/ArtifactResult
instanceKlass org/gradle/api/artifacts/result/ComponentArtifactsResult
instanceKlass org/gradle/api/artifacts/result/ComponentResult
instanceKlass org/gradle/api/internal/artifacts/query/DefaultArtifactResolutionQuery
instanceKlass org/gradle/plugins/ide/internal/resolver/model/IdeExtendedRepoFileDependency$FileNameComparator
instanceKlass org/gradle/plugins/ide/internal/resolver/model/IdeDependency
instanceKlass org/gradle/plugins/ide/internal/resolver/DefaultIdeDependencyResolver$2
instanceKlass org/gradle/plugins/ide/internal/resolver/DefaultIdeDependencyResolver$1
instanceKlass java/util/EnumMap$EnumMapIterator
instanceKlass org/gradle/plugins/ide/idea/model/internal/IdeaDependenciesProvider$8
instanceKlass org/gradle/plugins/ide/idea/model/internal/IdeaDependenciesProvider$7
instanceKlass org/gradle/plugins/ide/idea/model/internal/IdeaDependenciesProvider$1
instanceKlass org/gradle/plugins/ide/idea/model/internal/IdeaScopeMappingRule
instanceKlass org/gradle/plugins/ide/internal/resolver/DefaultIdeDependencyResolver
instanceKlass org/gradle/plugins/ide/internal/resolver/IdeDependencyResolver
instanceKlass org/gradle/plugins/ide/internal/resolver/model/IdeDependencyKey
instanceKlass org/gradle/plugins/ide/internal/IdeDependenciesExtractor
instanceKlass org/gradle/plugins/ide/internal/resolver/model/IdeDependencyKey$DependencyBuilder
instanceKlass org/gradle/plugins/ide/idea/model/internal/IdeaDependenciesProvider
instanceKlass org/gradle/plugins/ide/internal/tooling/idea/DefaultIdeaCompilerOutput
instanceKlass org/gradle/plugins/ide/internal/tooling/idea/DefaultIdeaModule
instanceKlass org/gradle/plugins/ide/internal/tooling/idea/DefaultIdeaContentRoot
instanceKlass org/gradle/plugins/ide/internal/tooling/idea/DefaultIdeaLanguageLevel
instanceKlass org/gradle/plugins/ide/internal/tooling/idea/DefaultIdeaProject
instanceKlass org/gradle/util/DistributionLocator
instanceKlass org/gradle/buildinit/tasks/internal/TaskConfiguration$3
instanceKlass org/gradle/api/internal/AbstractTask$5
instanceKlass org/gradle/buildinit/tasks/internal/TaskConfiguration$2
instanceKlass org/gradle/buildinit/tasks/internal/TaskConfiguration$1
instanceKlass org/gradle/api/internal/tasks/options/OptionValues
instanceKlass org/gradle/api/tasks/diagnostics/internal/TaskReportModel
instanceKlass org/gradle/internal/graph/GraphRenderer
instanceKlass org/gradle/api/plugins/HelpTasksPlugin$Rules$1
instanceKlass org/gradle/api/tasks/diagnostics/internal/graph/nodes/RenderableDependency
instanceKlass org/gradle/api/tasks/diagnostics/internal/graph/NodeRenderer
instanceKlass org/gradle/api/tasks/diagnostics/internal/DependencyReportRenderer
instanceKlass org/gradle/language/base/plugins/LifecycleBasePlugin$1$1
instanceKlass com/google/common/base/Strings
instanceKlass org/gradle/api/internal/tasks/PublicTaskSpecification
instanceKlass org/gradle/plugins/ide/internal/tooling/ToolingModelBuilderSupport
instanceKlass org/gradle/tooling/internal/gradle/DefaultGradleScript
instanceKlass org/gradle/tooling/model/gradle/GradleScript
instanceKlass org/codehaus/groovy/runtime/metaclass/ClosureMetaClass$4
instanceKlass org/codehaus/groovy/runtime/NumberAwareComparator
instanceKlass groovy/util/OrderBy
instanceKlass org/codehaus/groovy/runtime/metaclass/ClosureMetaClass$3
instanceKlass org/gradle/plugins/ide/internal/configurer/DeduplicationTarget
instanceKlass org/gradle/plugins/ide/internal/configurer/ModuleNameDeduper
instanceKlass org/gradle/plugins/ide/internal/configurer/ProjectDeduper
instanceKlass org/codehaus/groovy/runtime/callsite/BooleanReturningMethodInvoker
instanceKlass org/gradle/plugins/ide/idea/internal/IdeaNameDeduper
instanceKlass org/gradle/plugins/ide/idea/internal/IdeaScalaConfigurer
instanceKlass org/gradle/api/plugins/scala/ScalaBasePlugin
instanceKlass org/gradle/plugins/ide/idea/model/Dependency
instanceKlass org/gradle/api/internal/ConventionAwareHelper$1
instanceKlass org/gradle/plugins/ide/idea/model/ProjectLibrary
instanceKlass org/gradle/plugins/ide/idea/model/PathFactory
instanceKlass org/gradle/plugins/ide/idea/model/IdeaLanguageLevel
instanceKlass org/gradle/api/internal/TaskExecutionHistory
instanceKlass groovy/util/Node
instanceKlass org/gradle/plugins/ide/internal/generator/generator/PersistableConfigurationObjectGenerator
instanceKlass org/gradle/internal/xml/XmlTransformer
instanceKlass org/gradle/plugins/ide/internal/generator/generator/Generator
instanceKlass org/gradle/plugins/ide/api/FileContentMerger
instanceKlass org/gradle/plugins/ide/internal/generator/AbstractPersistableConfigurationObject
instanceKlass org/gradle/plugins/ide/internal/generator/generator/PersistableConfigurationObject
instanceKlass org/gradle/plugins/ide/idea/model/IdeaWorkspace
instanceKlass org/gradle/plugins/ide/idea/model/IdeaProject
instanceKlass org/gradle/plugins/ide/idea/model/IdeaModule
instanceKlass org/gradle/plugins/ide/idea/model/IdeaModel
instanceKlass org/gradle/plugins/ide/internal/IdePlugin
instanceKlass sun/reflect/generics/tree/DoubleSignature
instanceKlass sun/reflect/generics/tree/LongSignature
instanceKlass java/util/concurrent/ForkJoinTask
instanceKlass java/util/function/ToLongBiFunction
instanceKlass java/util/function/ToIntBiFunction
instanceKlass java/util/function/ToDoubleBiFunction
instanceKlass java/util/function/LongBinaryOperator
instanceKlass java/util/function/IntBinaryOperator
instanceKlass java/util/function/DoubleBinaryOperator
instanceKlass org/gradle/tooling/model/idea/IdeaSourceDirectory
instanceKlass org/gradle/tooling/model/SourceDirectory
instanceKlass org/gradle/tooling/internal/protocol/InternalProjectOutcomes
instanceKlass org/gradle/tooling/internal/protocol/InternalBuildEnvironment
instanceKlass org/gradle/tooling/internal/protocol/InternalBasicIdeaProject
instanceKlass org/gradle/tooling/internal/protocol/InternalGradleProject
instanceKlass org/gradle/tooling/internal/protocol/InternalIdeaProject
instanceKlass org/gradle/tooling/internal/protocol/eclipse/EclipseProjectVersion3
instanceKlass org/gradle/tooling/internal/protocol/ProjectVersion3
instanceKlass org/gradle/tooling/internal/protocol/BuildableProjectVersion1
instanceKlass org/gradle/tooling/internal/protocol/eclipse/HierarchicalEclipseProjectVersion1
instanceKlass org/gradle/tooling/internal/protocol/HierarchicalProjectVersion1
instanceKlass org/gradle/tooling/internal/protocol/ModelIdentifier
instanceKlass org/gradle/tooling/internal/protocol/BuildResult
instanceKlass org/gradle/tooling/internal/provider/runner/DefaultBuildController
instanceKlass com/android/builder/internal/compiler/PreProcessCache$KeyFactory
instanceKlass com/android/builder/internal/compiler/PreProcessCache$Key
instanceKlass com/android/builder/internal/compiler/PreProcessCache$BaseItem
instanceKlass com/android/builder/internal/compiler/PreProcessCache
instanceKlass com/android/ide/common/internal/ExecutorSingleton
instanceKlass org/gradle/logging/internal/AbstractStyledTextOutput$StyleOverrideTextOutput
instanceKlass org/gradle/logging/internal/StyledTextOutputEvent$Span
instanceKlass com/android/build/gradle/internal/api/BaseVariantOutputImpl
instanceKlass com/android/build/gradle/api/ApkVariantOutput
instanceKlass com/android/build/gradle/api/BaseVariantOutput
instanceKlass com/android/build/gradle/internal/ApiObjectFactory
instanceKlass com/android/build/gradle/internal/tasks/SigningReportTask$SigningInfo
instanceKlass java/security/cert/X509Extension
instanceKlass com/android/build/gradle/internal/TaskManager$41
instanceKlass org/gradle/api/internal/AbstractTask$9
instanceKlass com/android/build/gradle/internal/tasks/DeviceProviderInstrumentTestTask$ConfigAction$4
instanceKlass com/android/build/gradle/internal/tasks/DeviceProviderInstrumentTestTask$ConfigAction$3
instanceKlass com/android/build/gradle/internal/tasks/DeviceProviderInstrumentTestTask$ConfigAction$2
instanceKlass com/android/build/gradle/internal/tasks/DeviceProviderInstrumentTestTask$ConfigAction$1
instanceKlass com/android/builder/testing/TestRunner
instanceKlass com/android/build/gradle/internal/tasks/DeviceProviderInstrumentTestTask$ConfigAction
instanceKlass com/android/build/gradle/internal/test/AbstractTestDataImpl
instanceKlass com/android/build/gradle/internal/TaskManager$27
instanceKlass com/android/build/gradle/internal/variant/TestVariantData$1
instanceKlass com/android/build/gradle/internal/tasks/AndroidTestTask
instanceKlass com/android/build/gradle/tasks/ProcessTestManifest$ConfigAction$8
instanceKlass com/android/build/gradle/tasks/ProcessTestManifest$ConfigAction$7
instanceKlass com/android/build/gradle/tasks/ProcessTestManifest$ConfigAction$6
instanceKlass com/android/build/gradle/tasks/ProcessTestManifest$ConfigAction$5
instanceKlass com/android/build/gradle/tasks/ProcessTestManifest$ConfigAction$4
instanceKlass com/android/build/gradle/tasks/ProcessTestManifest$ConfigAction$3
instanceKlass com/android/build/gradle/tasks/ProcessTestManifest$ConfigAction$2
instanceKlass com/android/build/gradle/tasks/ProcessTestManifest$ConfigAction$1
instanceKlass com/android/build/gradle/tasks/ProcessTestManifest$ConfigAction
instanceKlass org/gradle/api/internal/artifacts/ivyservice/ShortCircuitEmptyConfigurationResolver$EmptyResolvedConfiguration$1
instanceKlass org/gradle/listener/ClosureBackedMethodInvocationDispatch
instanceKlass com/android/build/gradle/internal/publishing/BasePublishArtifact$DefaultTaskDependency
instanceKlass com/android/build/gradle/internal/publishing/BasePublishArtifact
instanceKlass com/android/build/gradle/internal/TaskManager$50
instanceKlass org/gradle/api/internal/artifacts/ivyservice/ShortCircuitEmptyConfigurationResolver$EmptyResolvedConfiguration
instanceKlass com/android/build/gradle/internal/TaskManager$31
instanceKlass org/gradle/api/internal/tasks/testing/WorkerTestClassProcessorFactory
instanceKlass org/gradle/api/internal/tasks/testing/detection/TestFrameworkDetector
instanceKlass com/android/build/gradle/tasks/factory/UnitTestConfigAction$1
instanceKlass org/gradle/api/plugins/JavaBasePlugin$18
instanceKlass org/gradle/api/plugins/JavaBasePlugin$17
instanceKlass org/gradle/api/plugins/JavaBasePlugin$16
instanceKlass org/gradle/api/internal/tasks/testing/filter/DefaultTestFilter
instanceKlass org/gradle/api/reporting/internal/TaskReportContainer$1
instanceKlass org/gradle/api/reporting/internal/DefaultReportContainer$2
instanceKlass org/gradle/api/reporting/internal/DefaultReportContainer$1
instanceKlass org/gradle/api/reporting/Report$1
instanceKlass org/gradle/api/reporting/internal/TaskReportContainer$2
instanceKlass org/gradle/api/internal/tasks/testing/logging/DefaultTestLogging
instanceKlass org/gradle/api/internal/tasks/testing/logging/DefaultTestLoggingContainer
instanceKlass org/gradle/process/internal/JvmOptions
instanceKlass org/gradle/api/internal/file/AbstractFileResolver$2
instanceKlass org/gradle/process/internal/DefaultProcessForkOptions
instanceKlass org/gradle/api/tasks/testing/TestOutputEvent
instanceKlass org/gradle/api/internal/tasks/testing/TestCompleteEvent
instanceKlass org/gradle/api/tasks/testing/TestResult
instanceKlass org/gradle/api/internal/tasks/testing/TestStartEvent
instanceKlass org/gradle/api/internal/tasks/testing/TestDescriptorInternal
instanceKlass org/gradle/api/tasks/testing/TestDescriptor
instanceKlass org/gradle/api/internal/tasks/testing/results/TestListenerInternal
instanceKlass org/gradle/api/internal/tasks/options/Option
instanceKlass org/gradle/api/tasks/testing/logging/TestLoggingContainer
instanceKlass org/gradle/api/tasks/testing/logging/TestLogging
instanceKlass org/gradle/api/tasks/testing/TestFrameworkOptions
instanceKlass org/gradle/api/tasks/testing/TestFilter
instanceKlass org/gradle/api/internal/tasks/testing/logging/TestExceptionFormatter
instanceKlass org/gradle/api/reporting/internal/SimpleReport
instanceKlass org/gradle/api/tasks/testing/TestTaskReports
instanceKlass org/gradle/api/reporting/ReportContainer
instanceKlass org/gradle/api/internal/tasks/testing/junit/result/TestResultsProvider
instanceKlass org/gradle/api/tasks/testing/JUnitXmlReport
instanceKlass org/gradle/api/reporting/DirectoryReport
instanceKlass org/gradle/api/internal/tasks/testing/junit/report/TestReporter
instanceKlass org/gradle/api/internal/tasks/testing/TestResultProcessor
instanceKlass org/gradle/api/internal/tasks/testing/detection/TestExecuter
instanceKlass org/gradle/api/tasks/testing/TestOutputListener
instanceKlass org/gradle/api/internal/tasks/testing/TestFramework
instanceKlass org/gradle/api/reporting/ConfigurableReport
instanceKlass org/gradle/api/reporting/Report
instanceKlass com/android/build/gradle/tasks/factory/UnitTestConfigAction
instanceKlass com/android/build/gradle/internal/VariantManager$10
instanceKlass org/gradle/api/artifacts/cache/ArtifactResolutionControl
instanceKlass org/gradle/api/internal/artifacts/DefaultArtifactIdentifier
instanceKlass org/gradle/internal/resource/cached/DefaultCachedArtifact
instanceKlass org/gradle/internal/resource/cached/ivy/AbstractCachedIndex$1
instanceKlass org/gradle/internal/resource/cached/ivy/ArtifactAtRepositoryKey
instanceKlass org/gradle/api/internal/artifacts/ivyservice/ivyresolve/CachingModuleComponentRepository$CachingModuleSource
instanceKlass org/gradle/api/internal/artifacts/ivyservice/ivyresolve/parser/IvyXmlModuleDescriptorParser$2
instanceKlass com/sun/org/apache/xerces/internal/parsers/AbstractSAXParser$LocatorProxy
instanceKlass org/xml/sax/ext/Locator2
instanceKlass com/sun/org/apache/xerces/internal/util/ErrorHandlerWrapper
instanceKlass com/sun/org/apache/xerces/internal/xni/parser/XMLErrorHandler
instanceKlass com/sun/org/apache/xerces/internal/parsers/AbstractSAXParser$AttributesProxy
instanceKlass org/xml/sax/ext/Attributes2
instanceKlass org/xml/sax/AttributeList
instanceKlass org/xml/sax/XMLReader
instanceKlass org/xml/sax/Parser
instanceKlass com/sun/org/apache/xerces/internal/xs/PSVIProvider
instanceKlass javax/xml/parsers/SAXParserFactory
instanceKlass org/gradle/api/internal/artifacts/ivyservice/ivyresolve/parser/IvyXmlModuleDescriptorParser$ParserHelper
instanceKlass org/gradle/api/internal/artifacts/ivyservice/ivyresolve/parser/IvyXmlModuleDescriptorParser$Parser$1
instanceKlass org/gradle/internal/component/external/model/IvyModuleResolveMetaData
instanceKlass org/gradle/api/internal/artifacts/ivyservice/ivyresolve/parser/IvyXmlModuleDescriptorParser$1
instanceKlass org/gradle/api/internal/artifacts/ivyservice/modulecache/CachedModuleDescriptorParseContext
instanceKlass org/gradle/api/internal/jvm/ClassDirectoryBinarySpecInternal
instanceKlass org/gradle/jvm/ClassDirectoryBinarySpec
instanceKlass org/gradle/api/file/SourceDirectorySet
instanceKlass com/android/build/gradle/tasks/Lint$ConfigAction
instanceKlass com/android/build/gradle/internal/TaskManager$29
instanceKlass com/android/build/gradle/internal/TaskManager$52
instanceKlass com/android/build/gradle/internal/tasks/UninstallTask$ConfigAction$1
instanceKlass com/android/build/gradle/internal/tasks/UninstallTask$1
instanceKlass com/android/build/gradle/internal/tasks/UninstallTask$ConfigAction
instanceKlass com/android/build/gradle/internal/tasks/InstallVariantTask$ConfigAction$2
instanceKlass com/android/ide/common/process/ProcessInfo
instanceKlass com/android/build/gradle/internal/tasks/InstallVariantTask$ConfigAction$1
instanceKlass com/android/build/gradle/internal/tasks/InstallVariantTask$1
instanceKlass com/android/builder/testing/api/DeviceConfigProvider
instanceKlass com/android/build/gradle/internal/tasks/InstallVariantTask$ConfigAction
instanceKlass com/android/build/gradle/tasks/ZipAlign$ConfigAction$3
instanceKlass com/android/build/gradle/tasks/ZipAlign$ConfigAction$2
instanceKlass com/android/build/gradle/tasks/ZipAlign$ConfigAction$1
instanceKlass com/android/build/gradle/tasks/ZipAlign$ConfigAction
instanceKlass com/android/build/gradle/tasks/PackageApplication$ConfigAction$9
instanceKlass com/android/build/gradle/tasks/PackageApplication$ConfigAction$8
instanceKlass com/android/build/gradle/tasks/PackageApplication$ConfigAction$7
instanceKlass com/android/build/gradle/tasks/PackageApplication$ConfigAction$6
instanceKlass com/android/build/gradle/tasks/PackageApplication$ConfigAction$5
instanceKlass com/android/build/gradle/tasks/PackageApplication$ConfigAction$4
instanceKlass com/android/build/gradle/tasks/PackageApplication$ConfigAction$3
instanceKlass com/android/build/gradle/tasks/PackageApplication$ConfigAction$2
instanceKlass com/android/build/gradle/internal/annotations/ApkFile
instanceKlass com/android/build/gradle/tasks/PackageApplication$3
instanceKlass com/android/build/gradle/tasks/PackageApplication$2
instanceKlass com/android/build/gradle/tasks/PackageApplication$1
instanceKlass com/android/build/gradle/internal/pipeline/FilterableStreamCollection$StreamFilter
instanceKlass com/android/build/gradle/tasks/PackageApplication$ConfigAction
instanceKlass com/android/build/gradle/internal/transforms/MergeJavaResourcesTransform$NativeLibValidator
instanceKlass com/android/build/gradle/internal/TaskManager$26
instanceKlass com/android/build/gradle/internal/TaskManager$25
instanceKlass com/android/build/gradle/internal/TaskManager$24
instanceKlass org/gradle/api/plugins/BasePlugin$1$4
instanceKlass org/gradle/api/plugins/BasePlugin$1$3
instanceKlass org/gradle/jvm/tasks/Jar$2
instanceKlass org/gradle/jvm/tasks/Jar$1
instanceKlass org/gradle/api/java/archives/internal/DefaultAttributes
instanceKlass org/gradle/api/java/archives/Attributes
instanceKlass org/gradle/api/java/archives/internal/DefaultManifest
instanceKlass com/android/build/gradle/tasks/BinaryFileProviderTask$Artifact
instanceKlass org/gradle/api/internal/file/copy/ZipCompressor
instanceKlass org/gradle/api/internal/file/archive/compression/ArchiveOutputStreamFactory
instanceKlass com/android/build/gradle/internal/TaskManager$49
instanceKlass com/android/build/gradle/tasks/factory/AbstractCompilesUtil
instanceKlass com/android/build/gradle/tasks/factory/JavaCompileConfigAction$1
instanceKlass org/gradle/api/plugins/JavaBasePlugin$10$1
instanceKlass org/gradle/api/plugins/JavaBasePlugin$9$2
instanceKlass org/gradle/api/plugins/JavaBasePlugin$9$1
instanceKlass org/gradle/api/internal/tasks/compile/CleaningJavaCompilerSupport
instanceKlass org/gradle/api/internal/tasks/compile/DefaultJvmLanguageCompileSpec
instanceKlass org/gradle/api/tasks/compile/AbstractOptions
instanceKlass org/gradle/api/internal/tasks/compile/incremental/cache/CompileCaches
instanceKlass org/gradle/api/internal/tasks/compile/JavaCompileSpec
instanceKlass org/gradle/api/internal/tasks/compile/JvmLanguageCompileSpec
instanceKlass org/gradle/language/base/internal/compile/CompileSpec
instanceKlass com/android/build/gradle/tasks/factory/JavaCompileConfigAction
instanceKlass com/android/build/gradle/tasks/AidlCompile$ConfigAction$2
instanceKlass com/android/ide/common/process/ProcessOutput
instanceKlass com/android/build/gradle/tasks/AidlCompile$ConfigAction$1
instanceKlass com/android/builder/internal/incremental/DependencyData
instanceKlass com/android/build/gradle/tasks/AidlCompile$ConfigAction
instanceKlass com/android/build/gradle/internal/pipeline/TransformTask$ConfigAction
instanceKlass com/android/build/gradle/internal/pipeline/IntermediateStream$Builder
instanceKlass com/android/build/api/transform/TransformOutputProvider
instanceKlass com/google/common/base/Predicates$NotPredicate
instanceKlass com/google/common/collect/AbstractIterator$1
instanceKlass com/google/common/base/Predicates$InPredicate
instanceKlass com/google/common/base/Predicates
instanceKlass com/android/build/gradle/internal/transforms/MergeJavaResourcesTransform$1
instanceKlass com/android/builder/signing/SignedJarBuilder$IZipEntryFilter
instanceKlass com/android/build/gradle/internal/transforms/MergeJavaResourcesTransform$FileValidator
instanceKlass com/google/common/base/Suppliers$SupplierOfInstance
instanceKlass com/google/common/base/Suppliers
instanceKlass org/gradle/api/file/FileCopyDetails
instanceKlass com/google/common/util/concurrent/Callables$1
instanceKlass com/google/common/util/concurrent/Callables
instanceKlass org/gradle/api/internal/project/taskfactory/AnnotationProcessingTaskFactory$PropertyInfo$5
instanceKlass org/gradle/api/internal/file/copy/DefaultCopySpec$DefaultCopySpecResolver$1
instanceKlass org/gradle/api/internal/project/taskfactory/AnnotationProcessingTaskFactory$PropertyInfo$4
instanceKlass org/gradle/api/internal/tasks/DefaultTaskInputs$5
instanceKlass org/gradle/api/internal/file/copy/DefaultCopySpec$DefaultCopySpecResolver
instanceKlass org/gradle/api/internal/file/copy/PathNotationConverter
instanceKlass org/gradle/api/internal/file/copy/CopySpecResolver
instanceKlass org/gradle/api/internal/file/copy/DefaultCopySpec
instanceKlass org/gradle/api/internal/file/copy/DelegatingCopySpecInternal
instanceKlass com/android/build/gradle/tasks/factory/ProcessJavaResConfigAction
instanceKlass com/android/build/gradle/tasks/ProcessAndroidResources$ConfigAction$7
instanceKlass com/android/build/gradle/tasks/ProcessAndroidResources$ConfigAction$6
instanceKlass com/android/build/gradle/tasks/ProcessAndroidResources$ConfigAction$5
instanceKlass com/android/build/gradle/tasks/ProcessAndroidResources$ConfigAction$4
instanceKlass com/android/build/gradle/tasks/ProcessAndroidResources$ConfigAction$3
instanceKlass com/android/build/gradle/tasks/ProcessAndroidResources$ConfigAction$2
instanceKlass com/android/build/gradle/internal/dependency/SymbolFileProviderImpl
instanceKlass com/android/build/gradle/tasks/ProcessAndroidResources$ConfigAction$1
instanceKlass org/gradle/api/internal/tasks/DefaultTaskInputs$3
instanceKlass org/gradle/api/internal/project/taskfactory/NestedBeanPropertyAnnotationHandler$1$1
instanceKlass org/gradle/api/internal/project/taskfactory/InputDirectoryPropertyAnnotationHandler$2
instanceKlass org/gradle/api/internal/project/taskfactory/NestedBeanPropertyAnnotationHandler$1
instanceKlass com/android/ide/common/blame/parser/PatternAwareOutputParser
instanceKlass com/android/build/gradle/tasks/ProcessAndroidResources$ConfigAction
instanceKlass com/android/build/gradle/tasks/GenerateBuildConfig$ConfigAction
instanceKlass com/android/build/gradle/tasks/MergeSourceSetFolders$ConfigAction
instanceKlass com/android/build/gradle/tasks/MergeResources$ConfigAction$1
instanceKlass com/android/ide/common/res2/FileValidity
instanceKlass com/android/ide/common/res2/MergeConsumer
instanceKlass com/android/build/gradle/tasks/MergeResources$ConfigAction
instanceKlass com/android/build/gradle/tasks/RenderscriptCompile$ConfigAction
instanceKlass com/android/build/gradle/internal/scope/AndroidTask$1
instanceKlass com/android/build/FilterData
instanceKlass com/android/build/gradle/tasks/BinaryFileProviderTask
instanceKlass com/android/build/api/transform/Context
instanceKlass com/android/build/gradle/tasks/GenerateResValues$ConfigAction
instanceKlass com/android/build/gradle/internal/scope/VariantOutputScope$1
instanceKlass com/android/build/gradle/tasks/MergeManifests$ConfigAction$4
instanceKlass com/android/build/gradle/tasks/MergeManifests$ConfigAction$3
instanceKlass com/android/build/gradle/tasks/MergeManifests$ConfigAction$2
instanceKlass com/android/build/gradle/internal/dependency/ManifestDependencyImpl
instanceKlass com/android/build/gradle/tasks/MergeManifests$ConfigAction$1
instanceKlass org/gradle/api/internal/project/taskfactory/AnnotationProcessingTaskFactory$4
instanceKlass org/gradle/api/internal/project/taskfactory/InputFilesPropertyAnnotationHandler$1
instanceKlass org/gradle/api/tasks/SkipWhenEmpty
instanceKlass org/gradle/api/tasks/incremental/IncrementalTaskInputs
instanceKlass com/android/build/gradle/tasks/MergeManifests$ConfigAction
instanceKlass com/android/build/gradle/internal/TaskManager$15
instanceKlass com/android/build/gradle/internal/TaskManager$14
instanceKlass com/android/build/gradle/internal/TaskManager$13
instanceKlass com/android/build/gradle/internal/TaskManager$12
instanceKlass com/android/build/gradle/internal/TaskManager$10
instanceKlass com/android/build/gradle/internal/TaskManager$11
instanceKlass com/android/build/gradle/internal/TaskManager$9
instanceKlass com/google/common/collect/Iterables
instanceKlass com/android/build/gradle/internal/TaskManager$8
instanceKlass com/android/build/gradle/internal/pipeline/OriginalStream$Builder
instanceKlass com/android/build/gradle/internal/pipeline/OriginalStream$1
instanceKlass com/android/build/api/transform/QualifiedContent
instanceKlass com/android/build/gradle/internal/pipeline/IncrementalTransformInput
instanceKlass com/android/build/api/transform/TransformInput
instanceKlass com/android/build/gradle/internal/scope/AndroidTask$2
instanceKlass com/android/build/gradle/internal/TaskManager$62$1
instanceKlass com/android/build/gradle/internal/TaskManager$62
instanceKlass com/android/build/gradle/internal/TaskManager$61
instanceKlass com/android/build/gradle/internal/TaskManager$59
instanceKlass com/android/build/gradle/internal/TaskManager$58
instanceKlass com/android/build/gradle/internal/TaskManager$57
instanceKlass com/android/build/gradle/internal/VariantManager$6
instanceKlass com/android/build/gradle/internal/TaskManager$39
instanceKlass com/android/build/gradle/internal/TaskManager$38
instanceKlass com/android/build/gradle/internal/TaskManager$37
instanceKlass com/android/build/gradle/internal/TaskManager$36
instanceKlass com/android/build/gradle/internal/TaskManager$34
instanceKlass com/android/build/gradle/internal/TaskManager$33
instanceKlass com/android/builder/core/BuilderConstants
instanceKlass org/gradle/api/internal/ConventionAwareHelper$MappedPropertyImpl
instanceKlass org/gradle/api/internal/ConventionAwareHelper$2
instanceKlass com/android/build/gradle/internal/scope/ConventionMappingHelper
instanceKlass com/android/build/gradle/internal/tasks/MockableAndroidJarTask$ConfigAction$1
instanceKlass com/android/build/gradle/internal/tasks/MockableAndroidJarTask$ConfigAction
instanceKlass com/android/build/gradle/internal/VariantDimensionData$1
instanceKlass org/gradle/api/internal/project/taskfactory/OutputDirectoryPropertyAnnotationHandler$2$1
instanceKlass org/gradle/api/internal/tasks/DefaultTaskInputs$1
instanceKlass org/gradle/api/internal/project/taskfactory/OutputDirectoryPropertyAnnotationHandler$2
instanceKlass org/gradle/api/internal/project/taskfactory/InputFilePropertyAnnotationHandler$2
instanceKlass org/gradle/api/internal/artifacts/configurations/TasksFromDependentProjects$TaskDependencyChecker
instanceKlass org/gradle/api/internal/file/pattern/FixedPatternStep
instanceKlass org/gradle/api/internal/file/pattern/RegExpPatternStep
instanceKlass org/gradle/api/internal/file/pattern/GreedyPathMatcher
instanceKlass org/apache/tools/ant/util/SymbolicLinkUtils
instanceKlass org/apache/tools/ant/DirectoryScanner
instanceKlass org/apache/tools/ant/types/selectors/SelectorScanner
instanceKlass org/apache/tools/ant/FileScanner
instanceKlass org/gradle/api/internal/file/RelativePathSpec
instanceKlass org/gradle/api/internal/file/pattern/PatternMatcherFactory$PathMatcherBackedSpec
instanceKlass org/gradle/api/internal/file/pattern/FixedStepsPathMatcher
instanceKlass org/gradle/api/internal/file/pattern/WildcardPrefixPatternStep
instanceKlass org/gradle/api/internal/file/pattern/AnyWildcardPatternStep
instanceKlass org/gradle/api/internal/file/pattern/PatternStep
instanceKlass org/gradle/api/internal/file/pattern/PatternStepFactory
instanceKlass org/gradle/api/internal/file/pattern/EndOfPathMatcher
instanceKlass org/gradle/api/internal/file/pattern/PathMatcher
instanceKlass org/gradle/api/internal/file/pattern/PatternMatcherFactory
instanceKlass org/gradle/api/file/RelativePath
instanceKlass org/gradle/api/file/EmptyFileVisitor
instanceKlass org/gradle/api/internal/file/collections/DirectoryFileTree
instanceKlass org/gradle/api/internal/file/collections/LocalFileTree
instanceKlass org/gradle/api/internal/file/collections/RandomAccessFileCollection
instanceKlass org/gradle/api/internal/file/collections/PatternFilterableFileTree
instanceKlass java/util/IdentityHashMap$IdentityHashMapIterator
instanceKlass com/android/build/gradle/internal/model/MavenCoordinatesImpl
instanceKlass com/android/build/gradle/internal/dependency/JarInfo
instanceKlass org/gradle/api/internal/artifacts/ivyservice/resolveengine/result/DefaultResolutionResultBuilder$RootFactory
instanceKlass org/gradle/api/internal/artifacts/result/AbstractDependencyResult
instanceKlass org/gradle/api/artifacts/result/ResolvedDependencyResult
instanceKlass org/gradle/api/internal/artifacts/ivyservice/resolveengine/result/DefaultInternalDependencyResult
instanceKlass org/gradle/api/internal/artifacts/ivyservice/resolveengine/result/DefaultModuleVersionSelection
instanceKlass org/gradle/api/internal/artifacts/result/DefaultResolvedComponentResult
instanceKlass org/gradle/api/internal/artifacts/ivyservice/resolveengine/result/CachingDependencyResultFactory
instanceKlass org/gradle/api/artifacts/result/UnresolvedDependencyResult
instanceKlass org/gradle/api/artifacts/result/DependencyResult
instanceKlass org/gradle/api/artifacts/result/ResolvedComponentResult
instanceKlass org/gradle/api/internal/artifacts/ivyservice/resolveengine/result/DefaultResolutionResultBuilder
instanceKlass org/gradle/api/internal/artifacts/ivyservice/resolveengine/result/StreamingResolutionResultBuilder$RootFactory$1$1
instanceKlass org/gradle/api/internal/cache/BinaryStore$ReadAction
instanceKlass org/gradle/api/internal/artifacts/ivyservice/resolveengine/result/StreamingResolutionResultBuilder$RootFactory$1
instanceKlass org/gradle/api/internal/artifacts/ivyservice/DefaultLenientConfiguration$1$1
instanceKlass org/gradle/api/internal/artifacts/ivyservice/DefaultLenientConfiguration$1
instanceKlass org/gradle/api/internal/artifacts/ivyservice/ErrorHandlingConfigurationResolver$ErrorHandlingLenientConfiguration
instanceKlass org/gradle/internal/resource/metadata/DefaultExternalResourceMetaData
instanceKlass org/apache/ivy/core/module/descriptor/ConfigurationAware
instanceKlass org/gradle/api/internal/artifacts/ivyservice/resolutionstrategy/DefaultCachePolicy$AbstractResolutionControl
instanceKlass org/gradle/api/artifacts/cache/ModuleResolutionControl
instanceKlass org/gradle/api/artifacts/cache/ResolutionControl
instanceKlass org/gradle/api/internal/artifacts/ivyservice/modulecache/DefaultCachedMetaData
instanceKlass org/gradle/cache/internal/btree/BTreePersistentIndexedCache$Lookup
instanceKlass org/gradle/cache/internal/btree/BTreePersistentIndexedCache$IndexEntry
instanceKlass org/gradle/cache/internal/DefaultMultiProcessSafePersistentIndexedCache$1
instanceKlass org/gradle/cache/internal/btree/BTreePersistentIndexedCache$IndexRoot
instanceKlass org/gradle/cache/internal/btree/BlockPointer
instanceKlass org/gradle/cache/internal/btree/FreeListBlockStore$2
instanceKlass org/gradle/cache/internal/btree/FreeListBlockStore$1
instanceKlass org/gradle/cache/internal/btree/BTreePersistentIndexedCache$2
instanceKlass org/gradle/cache/internal/btree/BTreePersistentIndexedCache$1
instanceKlass org/gradle/cache/internal/btree/FreeListBlockStore
instanceKlass org/gradle/cache/internal/btree/StateCheckBlockStore
instanceKlass org/apache/commons/collections/OrderedMapIterator
instanceKlass org/apache/commons/collections/OrderedIterator
instanceKlass org/apache/commons/collections/OrderedMap
instanceKlass org/apache/commons/collections/BoundedMap
instanceKlass org/gradle/cache/internal/btree/Block
instanceKlass org/gradle/cache/internal/btree/FileBackedBlockStore
instanceKlass org/gradle/cache/internal/btree/CachingBlockStore
instanceKlass org/gradle/cache/internal/btree/BlockStore
instanceKlass org/gradle/cache/internal/btree/BlockPayload
instanceKlass org/gradle/cache/internal/btree/BlockStore$Factory
instanceKlass org/gradle/cache/internal/btree/BTreePersistentIndexedCache
instanceKlass org/gradle/cache/internal/DefaultMultiProcessSafePersistentIndexedCache$5
instanceKlass org/gradle/api/internal/artifacts/ivyservice/modulecache/DefaultModuleMetaDataCache$RevisionKey
instanceKlass org/gradle/api/internal/artifacts/ivyservice/modulecache/ModuleDescriptorCacheEntry
instanceKlass org/gradle/api/internal/artifacts/ivyservice/modulecache/ModuleDescriptorCacheEntrySerializer
instanceKlass org/gradle/api/internal/artifacts/ivyservice/modulecache/DefaultModuleMetaDataCache$RevisionKeySerializer
instanceKlass com/android/build/gradle/internal/profile/SpanRecorders
instanceKlass com/android/build/gradle/TestAndroidConfig
instanceKlass com/android/builder/dependency/LibraryBundle
instanceKlass com/android/builder/dependency/JarDependency
instanceKlass com/android/builder/dependency/LibraryDependency
instanceKlass com/android/builder/dependency/SymbolFileProvider
instanceKlass com/android/builder/dependency/ManifestDependency
instanceKlass com/android/builder/dependency/ManifestProvider
instanceKlass com/android/build/gradle/internal/dependency/DependencyChecker
instanceKlass org/gradle/api/artifacts/ExcludeRule
instanceKlass org/codehaus/groovy/runtime/metaclass/DefaultMetaClassInfo$ConstantMetaClassVersioning
instanceKlass org/codehaus/groovy/runtime/metaclass/DefaultMetaClassInfo
instanceKlass org/codehaus/groovy/runtime/typehandling/NumberMath
instanceKlass org/codehaus/groovy/runtime/typehandling/NumberMathModificationInfo
instanceKlass com/android/build/gradle/internal/variant/BaseVariantOutputData$1
instanceKlass com/android/build/gradle/internal/variant/BaseVariantData$2
instanceKlass com/android/ide/common/res2/NoOpResourcePreprocessor
instanceKlass com/google/common/base/Splitter$5
instanceKlass com/google/common/base/AbstractIterator
instanceKlass com/google/common/base/Splitter$1
instanceKlass com/google/common/base/Splitter$Strategy
instanceKlass com/google/common/base/Splitter
instanceKlass com/android/ide/common/res2/DataFile
instanceKlass com/android/ide/common/res2/ResourcePreprocessor
instanceKlass com/android/ide/common/res2/DataSet
instanceKlass com/android/ide/common/res2/DataMap
instanceKlass com/android/ide/common/res2/SourceSet
instanceKlass com/android/utils/FileUtils$1
instanceKlass com/android/utils/FileUtils
instanceKlass com/android/build/gradle/internal/scope/VariantScopeImpl
instanceKlass com/android/build/gradle/internal/core/MergedNdkConfig
instanceKlass com/android/io/IAbstractFile
instanceKlass com/android/builder/core/DefaultManifestParser
instanceKlass com/android/builder/core/ManifestParser
instanceKlass com/android/build/gradle/BasePlugin$11
instanceKlass com/android/builder/sdk/TargetInfo
instanceKlass com/android/sdklib/internal/androidTarget/OptionalLibraryImpl
instanceKlass com/android/sdklib/IAndroidTarget$OptionalLibrary
instanceKlass com/google/gson/internal/ConstructorConstructor$8
instanceKlass com/google/gson/internal/Primitives
instanceKlass com/google/gson/annotations/SerializedName
instanceKlass com/google/gson/internal/ConstructorConstructor$3
instanceKlass com/google/gson/internal/JsonReaderInternalAccess
instanceKlass com/google/common/collect/FluentIterable
instanceKlass com/google/common/io/ByteSource
instanceKlass com/google/common/io/InputSupplier
instanceKlass com/google/common/io/ByteSink
instanceKlass com/google/common/io/OutputSupplier
instanceKlass com/google/common/io/LineProcessor
instanceKlass com/google/common/collect/TreeTraverser
instanceKlass com/google/common/io/Files
instanceKlass com/google/gson/internal/$Gson$Types$ParameterizedTypeImpl
instanceKlass com/android/sdklib/repository/local/LocalPlatformPkgInfo$Library
instanceKlass com/android/sdklib/SdkManager$LayoutlibVersion
instanceKlass com/android/utils/ArrayUtils
instanceKlass com/android/utils/SparseArray
instanceKlass com/android/sdklib/repository/descriptors/PkgDesc$Builder$1
instanceKlass com/android/sdklib/internal/androidTarget/PlatformTarget
instanceKlass com/android/sdklib/repository/descriptors/IdDisplay
instanceKlass com/android/sdklib/SystemImage
instanceKlass com/android/io/IAbstractFolder
instanceKlass com/android/io/IAbstractResource
instanceKlass com/android/sdklib/internal/project/ProjectProperties
instanceKlass com/android/sdklib/internal/project/IPropertySource
instanceKlass com/google/common/collect/AbstractMapBasedMultimap$WrappedCollection$WrappedIterator
instanceKlass com/android/sdklib/repository/FullRevision$1
instanceKlass com/android/sdklib/repository/descriptors/PkgDesc
instanceKlass com/android/sdklib/repository/descriptors/PkgDesc$Builder$3
instanceKlass com/android/sdklib/repository/descriptors/PkgDesc$IGetPath
instanceKlass com/android/sdklib/repository/descriptors/PkgDesc$IIsUpdateFor
instanceKlass com/android/sdklib/repository/descriptors/IPkgDesc
instanceKlass com/android/sdklib/repository/descriptors/PkgDesc$Builder
instanceKlass com/android/sdklib/IAndroidTarget
instanceKlass com/android/sdklib/repository/local/PackageParserUtils
instanceKlass com/android/sdklib/repository/local/LocalDirInfo$1
instanceKlass com/android/sdklib/repository/local/LocalDirInfo
instanceKlass com/android/sdklib/repository/local/LocalSdk$1
instanceKlass com/android/sdklib/repository/local/LocalDirInfo$MapComparator
instanceKlass com/android/SdkConstants
instanceKlass com/android/builder/sdk/SdkInfo
instanceKlass com/google/common/collect/SortedIterable
instanceKlass com/android/sdklib/io/FileOp
instanceKlass com/google/common/collect/Ordering
instanceKlass com/google/common/collect/SortedSetMultimap
instanceKlass com/google/common/collect/SetMultimap
instanceKlass com/android/sdklib/repository/local/LocalPkgInfo
instanceKlass com/android/sdklib/repository/IListDescription
instanceKlass com/android/sdklib/repository/IDescription
instanceKlass com/android/sdklib/ISystemImage
instanceKlass com/android/sdklib/io/IFileOp
instanceKlass com/android/sdklib/repository/local/LocalSdk
instanceKlass com/android/sdklib/repository/descriptors/IPkgCapabilities
instanceKlass com/android/sdklib/SdkManager
instanceKlass com/android/builder/sdk/DefaultSdkLoader
instanceKlass com/android/builder/sdk/SdkLoader
instanceKlass org/gradle/api/plugins/JavaPlugin
instanceKlass com/android/sdklib/AndroidVersion
instanceKlass com/android/sdklib/AndroidTargetHash
instanceKlass org/gradle/api/plugins/JavaBasePlugin$13$1
instanceKlass org/gradle/api/artifacts/FileCollectionDependency
instanceKlass org/gradle/api/file/FileVisitDetails
instanceKlass org/gradle/api/file/FileTreeElement
instanceKlass org/gradle/api/internal/tasks/TaskDependencyResolveContext
instanceKlass org/gradle/api/internal/file/collections/ListBackedFileSet
instanceKlass com/google/common/base/Objects$ToStringHelper$ValueHolder
instanceKlass com/google/common/base/Objects$ToStringHelper
instanceKlass com/google/common/base/Objects
instanceKlass org/gradle/internal/reflect/JavaReflectionUtil$2
instanceKlass org/gradle/api/internal/coerce/StringToEnumTransformer$1
instanceKlass com/android/builder/core/DefaultApiVersion
instanceKlass com/android/builder/core/LibraryRequest
instanceKlass com/android/build/gradle/BasePlugin$10
instanceKlass org/gradle/api/internal/AbstractTask$12
instanceKlass com/android/build/gradle/internal/TaskManager$28$1
instanceKlass com/android/build/gradle/internal/TaskManager$28
instanceKlass com/android/build/gradle/internal/TaskManager$7
instanceKlass com/android/builder/model/JavaCompileOptions
instanceKlass com/android/builder/model/ProductFlavorContainer
instanceKlass com/android/sdklib/BuildToolInfo
instanceKlass com/android/builder/model/AndroidProject
instanceKlass com/android/tools/lint/client/api/IssueRegistry
instanceKlass com/android/build/gradle/internal/TaskManager$6
instanceKlass com/android/build/gradle/internal/TaskManager$5
instanceKlass org/gradle/api/internal/tasks/DefaultTaskInputs$7
instanceKlass org/gradle/api/internal/project/taskfactory/OutputFilePropertyAnnotationHandler$2$1
instanceKlass org/gradle/api/internal/tasks/DefaultTaskOutputs$3
instanceKlass org/gradle/api/internal/project/taskfactory/AnnotationProcessingTaskFactory$Validator$1
instanceKlass org/gradle/api/internal/project/taskfactory/InputPropertyAnnotationHandler$1
instanceKlass org/gradle/api/internal/project/taskfactory/OutputFilePropertyAnnotationHandler$2
instanceKlass org/gradle/api/tasks/diagnostics/internal/text/TextReportBuilder
instanceKlass org/gradle/api/tasks/diagnostics/internal/TextReportRenderer
instanceKlass org/gradle/api/internal/tasks/DefaultTaskOutputs$2
instanceKlass org/gradle/api/tasks/diagnostics/AbstractReportTask$1
instanceKlass org/gradle/api/internal/tasks/DefaultTaskOutputs
instanceKlass org/gradle/api/tasks/diagnostics/internal/ReportRenderer
instanceKlass com/android/build/gradle/internal/TaskManager$4
instanceKlass com/android/build/gradle/internal/TaskManager$3
instanceKlass com/android/build/gradle/internal/TaskManager$2
instanceKlass com/android/build/gradle/internal/TaskManager$1
instanceKlass com/android/build/gradle/internal/TaskContainerAdaptor
instanceKlass com/android/utils/StringHelper
instanceKlass com/android/prefs/AndroidLocation
instanceKlass com/android/utils/GrabProcessOutput$IProcessOutput
instanceKlass java/security/KeyStore$ProtectionParameter
instanceKlass com/android/ide/common/signing/KeystoreHelper
instanceKlass java/security/KeyStore$1
instanceKlass java/security/KeyStore
instanceKlass com/android/build/gradle/BasePlugin$UnsupportedAction
instanceKlass com/android/build/gradle/BasePlugin$8
instanceKlass com/android/build/gradle/BasePlugin$7
instanceKlass com/android/build/gradle/BasePlugin$6
instanceKlass com/android/build/gradle/internal/NativeLibraryFactoryImpl
instanceKlass com/android/build/gradle/internal/ConfigurationProviderImpl
instanceKlass com/android/build/gradle/internal/ConfigurationProvider
instanceKlass com/android/build/gradle/internal/api/VariantFilter
instanceKlass com/android/build/gradle/api/VariantFilter
instanceKlass com/android/build/gradle/internal/VariantDimensionData
instanceKlass com/android/build/gradle/internal/api/BaseVariantImpl
instanceKlass com/android/build/gradle/internal/variant/TestedVariantData
instanceKlass com/android/build/gradle/internal/api/ReadOnlyObjectProvider
instanceKlass com/android/build/gradle/internal/variant/ApplicationVariantFactory
instanceKlass com/android/build/gradle/api/ApkOutputFile
instanceKlass com/android/build/gradle/internal/scope/VariantOutputScope
instanceKlass com/android/build/OutputFile
instanceKlass android/databinding/tool/LayoutXmlProcessor
instanceKlass android/databinding/tool/LayoutXmlProcessor$OriginalFileLookup
instanceKlass com/android/build/gradle/internal/pipeline/FilterableStreamCollection
instanceKlass com/android/build/gradle/internal/scope/AndroidTaskRegistry
instanceKlass com/android/build/gradle/internal/scope/GlobalScope
instanceKlass com/android/build/gradle/internal/tasks/FileSupplier
instanceKlass com/android/build/gradle/internal/scope/AndroidTask
instanceKlass com/android/build/gradle/internal/scope/VariantScope
instanceKlass com/android/build/gradle/internal/TaskFactory
instanceKlass com/android/build/gradle/internal/dependency/VariantDependencies
instanceKlass com/android/builder/dependency/DependencyContainer
instanceKlass com/android/build/gradle/internal/pipeline/TransformTask$ConfigActionCallback
instanceKlass com/android/builder/testing/TestData
instanceKlass com/android/build/gradle/internal/scope/BaseScope
instanceKlass com/android/build/api/transform/QualifiedContent$ContentType
instanceKlass com/android/build/gradle/internal/variant/BaseVariantOutputData
instanceKlass com/android/build/VariantOutput
instanceKlass com/android/builder/core/VariantConfiguration
instanceKlass com/android/build/gradle/internal/pipeline/TransformStream
instanceKlass com/google/common/base/Supplier
instanceKlass com/android/build/gradle/internal/scope/TaskConfigAction
instanceKlass com/android/builder/model/MavenCoordinates
instanceKlass com/android/build/gradle/api/ApplicationVariant
instanceKlass com/android/build/gradle/internal/api/TestedVariant
instanceKlass com/android/build/gradle/internal/api/DefaultAndroidSourceFile
instanceKlass org/gradle/internal/typeconversion/CharSequenceNotationParser
instanceKlass org/gradle/api/tasks/util/PatternSet
instanceKlass com/android/build/gradle/internal/api/DefaultAndroidSourceDirectorySet
instanceKlass com/android/build/gradle/api/AndroidSourceFile
instanceKlass com/android/build/gradle/api/AndroidSourceDirectorySet
instanceKlass com/android/build/gradle/internal/api/DefaultAndroidSourceSet
instanceKlass com/android/build/gradle/BaseExtension$1
instanceKlass com/android/build/gradle/internal/dsl/AndroidSourceSetFactory
instanceKlass com/android/build/gradle/api/AndroidSourceSet
instanceKlass com/google/common/collect/Iterators$2
instanceKlass com/google/common/collect/PeekingIterator
instanceKlass com/google/common/collect/Iterators
instanceKlass com/google/common/collect/Hashing
instanceKlass com/google/common/collect/Platform
instanceKlass java/util/RegularEnumSet$EnumSetIterator
instanceKlass com/android/resources/Density$1
instanceKlass com/android/resources/ResourceEnum
instanceKlass com/android/build/gradle/internal/dsl/SplitOptions
instanceKlass com/android/build/gradle/internal/dsl/LanguageSplitOptions
instanceKlass com/android/build/gradle/internal/dsl/TestOptions$UnitTestOptions
instanceKlass com/google/common/collect/Sets
instanceKlass com/android/tools/lint/LintCliFlags
instanceKlass com/android/tools/lint/client/api/LintClient
instanceKlass com/android/build/gradle/internal/dsl/NdkOptions
instanceKlass com/android/build/gradle/internal/dsl/CoreNdkOptions
instanceKlass com/android/builder/model/ApiVersion
instanceKlass com/android/builder/testing/api/DeviceProvider
instanceKlass com/android/builder/testing/api/TestServer
instanceKlass com/android/build/gradle/internal/dsl/DataBindingOptions
instanceKlass com/android/build/api/transform/Transform
instanceKlass com/android/build/gradle/api/TestVariant
instanceKlass com/android/build/gradle/api/ApkVariant
instanceKlass com/android/build/gradle/api/UnitTestVariant
instanceKlass com/android/build/gradle/api/BaseVariant
instanceKlass com/android/build/gradle/TestedAndroidConfig
instanceKlass com/android/build/gradle/internal/dsl/SigningConfigFactory
instanceKlass com/android/builder/signing/DefaultSigningConfig
instanceKlass com/android/build/gradle/internal/dsl/CoreSigningConfig
instanceKlass com/android/builder/model/SigningConfig
instanceKlass com/android/build/gradle/internal/dsl/ProductFlavorFactory
instanceKlass org/gradle/api/internal/DynamicPropertyNamer
instanceKlass com/android/build/gradle/internal/dsl/BuildTypeFactory
instanceKlass com/android/builder/internal/BaseConfigImpl
instanceKlass com/android/build/gradle/internal/dsl/CoreBuildType
instanceKlass com/android/builder/model/BuildType
instanceKlass com/android/build/gradle/BasePlugin$5
instanceKlass org/gradle/execution/taskgraph/DefaultTaskExecutionPlan$RethrowingFailureHandler
instanceKlass org/gradle/execution/taskgraph/TaskDependencyGraph
instanceKlass org/gradle/internal/graph/GraphNodeRenderer
instanceKlass org/gradle/execution/taskgraph/DefaultTaskExecutionPlan
instanceKlass org/gradle/api/execution/internal/TaskOperationInternal
instanceKlass org/gradle/api/execution/internal/InternalTaskExecutionListener
instanceKlass org/gradle/execution/taskgraph/TaskExecutionPlan
instanceKlass org/gradle/execution/taskgraph/DefaultTaskGraphExecuter
instanceKlass org/gradle/internal/service/scopes/GradleScopeServices$3
instanceKlass org/gradle/execution/taskgraph/AbstractTaskPlanExecutor
instanceKlass org/gradle/execution/taskgraph/TaskPlanExecutorFactory
instanceKlass com/google/common/base/Equivalence$Wrapper
instanceKlass javax/annotation/Nonnull
instanceKlass javax/annotation/Nullable
instanceKlass com/google/common/base/Equivalence
instanceKlass com/android/build/gradle/internal/LibraryCache
instanceKlass com/android/build/gradle/BasePlugin$4
instanceKlass org/gradle/model/internal/core/InputUsingModelAction$1
instanceKlass org/gradle/language/base/plugins/LanguageBasePlugin$1$1
instanceKlass org/gradle/api/internal/rules/AddOnlyRuleAwarePolymorphicDomainObjectContainer$RemovalPreventingDelegatingIterator
instanceKlass org/gradle/model/internal/core/InstanceModelView
instanceKlass com/android/build/gradle/internal/coverage/JacocoPlugin$4
instanceKlass com/android/build/gradle/internal/coverage/JacocoPlugin$3
instanceKlass com/android/build/gradle/internal/coverage/JacocoPlugin$2
instanceKlass com/android/build/gradle/internal/coverage/JacocoPlugin$1
instanceKlass org/gradle/internal/event/BroadcastDispatch$ActionInvocationHandler
instanceKlass org/gradle/api/plugins/JavaBasePlugin$13
instanceKlass org/gradle/api/plugins/JavaBasePlugin$12
instanceKlass org/gradle/api/reporting/Reporting
instanceKlass org/gradle/api/tasks/VerificationTask
instanceKlass org/gradle/api/plugins/JavaBasePlugin$11
instanceKlass org/gradle/api/plugins/JavaBasePlugin$1
instanceKlass com/beust/jcommander/internal/Lists
instanceKlass org/gradle/api/plugins/JavaBasePlugin$10
instanceKlass org/gradle/api/plugins/JavaBasePlugin$9
instanceKlass org/gradle/api/internal/tasks/DefaultSourceSetContainer$1
instanceKlass org/gradle/api/tasks/SourceSet
instanceKlass org/gradle/api/tasks/SourceSetContainer
instanceKlass org/gradle/api/java/archives/Manifest
instanceKlass org/gradle/api/plugins/JavaPluginConvention
instanceKlass org/gradle/model/internal/core/ExtractedModelCreator
instanceKlass org/gradle/model/internal/inspect/UnmanagedModelCreationRuleExtractor$ModelRuleInvokerBackedTransformer
instanceKlass org/gradle/language/base/ProjectSourceSet
instanceKlass org/gradle/model/internal/manage/schema/extract/ConstructableTypesRegistry
instanceKlass org/gradle/model/internal/core/ChainingModelProjection$2
instanceKlass org/gradle/model/internal/core/ChainingModelProjection$1
instanceKlass org/gradle/language/base/internal/model/ComponentSpecInitializer$1
instanceKlass org/gradle/language/base/internal/model/ComponentSpecInitializer
instanceKlass org/gradle/language/base/internal/model/BinarySpecFactoryRegistry$CollectingNamedBinarySpecFactoryRegistry
instanceKlass org/gradle/language/base/internal/model/BinarySpecFactoryRegistry
instanceKlass org/gradle/language/base/plugins/LanguageBasePlugin$1
instanceKlass org/gradle/model/internal/core/NodeBackedModelMap$2
instanceKlass org/gradle/model/internal/core/rule/describe/StandardDescriptorFactory
instanceKlass org/gradle/internal/Transformers$6
instanceKlass org/gradle/api/internal/rules/DefaultRuleAwareNamedDomainObjectFactoryRegistry
instanceKlass org/gradle/api/internal/rules/DefaultRuleAwarePolymorphicNamedEntityInstantiator
instanceKlass org/gradle/api/internal/rules/RuleAwarePolymorphicNamedEntityInstantiator
instanceKlass org/gradle/api/internal/rules/RuleAwareNamedDomainObjectFactoryRegistry
instanceKlass org/gradle/platform/base/BinaryContainer
instanceKlass org/gradle/language/base/plugins/LanguageBasePlugin
instanceKlass org/gradle/api/reporting/ReportingExtension$1
instanceKlass org/gradle/api/reporting/ReportingExtension
instanceKlass org/gradle/api/plugins/ReportingBasePlugin
instanceKlass org/gradle/api/plugins/BasePlugin$4
instanceKlass org/gradle/api/plugins/BasePlugin$3$1
instanceKlass org/gradle/api/plugins/BasePlugin$3
instanceKlass org/gradle/api/internal/plugins/DefaultArtifactPublicationSet
instanceKlass org/gradle/internal/Actions$FilteredAction
instanceKlass org/gradle/api/internal/DefaultNamedDomainObjectCollection$FilteredIndex
instanceKlass org/gradle/api/internal/tasks/RealizableTaskCollection
instanceKlass org/gradle/api/plugins/BasePlugin$1$2
instanceKlass org/gradle/api/plugins/BasePlugin$1$1
instanceKlass org/gradle/api/plugins/BasePlugin$1
instanceKlass org/gradle/api/internal/artifacts/ivyservice/projectmodule/ProjectPublication
instanceKlass org/gradle/api/plugins/BasePlugin$2
instanceKlass org/gradle/api/internal/plugins/AbstractRule
instanceKlass org/gradle/api/plugins/BasePluginConvention
instanceKlass org/gradle/language/base/plugins/LifecycleBasePlugin$6
instanceKlass org/gradle/language/base/plugins/LifecycleBasePlugin$4
instanceKlass org/gradle/language/base/plugins/LifecycleBasePlugin$3
instanceKlass org/gradle/language/base/plugins/LifecycleBasePlugin$2
instanceKlass org/gradle/language/base/internal/plugins/CleanRule
instanceKlass org/gradle/language/base/plugins/LifecycleBasePlugin$5
instanceKlass org/gradle/language/base/plugins/LifecycleBasePlugin$1
instanceKlass org/gradle/language/base/plugins/LifecycleBasePlugin
instanceKlass org/gradle/api/plugins/BasePlugin
instanceKlass org/gradle/platform/base/internal/toolchain/ToolProvider
instanceKlass org/gradle/api/internal/tasks/DefaultJavaToolChain
instanceKlass org/gradle/process/internal/ExecAction
instanceKlass org/gradle/process/internal/DefaultExecActionFactory
instanceKlass org/gradle/api/internal/tasks/compile/DefaultJavaCompilerFactory
instanceKlass org/gradle/api/internal/tasks/compile/JavaHomeBasedJavaCompilerFactory$SystemJavaCompilerFactory
instanceKlass org/gradle/api/internal/tasks/compile/JavaHomeBasedJavaCompilerFactory$SystemPropertiesJavaHomeFactory
instanceKlass org/gradle/api/internal/tasks/compile/JavaHomeBasedJavaCompilerFactory$CurrentJvmJavaHomeFactory
instanceKlass org/gradle/api/internal/tasks/compile/JavaHomeBasedJavaCompilerFactory
instanceKlass org/gradle/api/internal/tasks/compile/daemon/CompilerDaemonStarter
instanceKlass org/gradle/api/internal/tasks/compile/daemon/CompilerClientsManager
instanceKlass org/gradle/api/internal/tasks/compile/daemon/CompilerDaemon
instanceKlass org/gradle/process/internal/DefaultWorkerProcessFactory
instanceKlass org/gradle/messaging/remote/internal/hub/MessageHubBackedServer
instanceKlass org/gradle/internal/service/DefaultServiceRegistry$DefaultLookupContext$1
instanceKlass org/gradle/api/tasks/testing/TestListener
instanceKlass org/gradle/api/plugins/JavaBasePlugin$BridgedBinaries
instanceKlass org/gradle/api/plugins/JavaBasePlugin
instanceKlass android/databinding/tool/writer/JavaFileWriter
instanceKlass com/google/common/collect/ObjectArrays
instanceKlass com/android/build/gradle/internal/process/GradleJavaProcessExecutor
instanceKlass com/android/ide/common/process/ProcessResult
instanceKlass com/android/build/gradle/internal/process/GradleProcessExecutor
instanceKlass com/android/builder/core/AndroidBuilder$1
instanceKlass com/android/builder/model/ClassField
instanceKlass com/android/ide/common/internal/PngCruncher
instanceKlass com/android/ide/common/process/ProcessOutputHandler
instanceKlass com/android/builder/internal/compiler/SourceSearcher$SourceFileProcessor
instanceKlass com/android/builder/compiling/DependencyFileProcessor
instanceKlass com/google/common/io/Closeables
instanceKlass com/google/common/base/Charsets
instanceKlass com/google/gson/internal/bind/ReflectiveTypeAdapterFactory$BoundField
instanceKlass com/google/gson/internal/bind/ReflectiveTypeAdapterFactory
instanceKlass com/google/gson/internal/bind/MapTypeAdapterFactory
instanceKlass com/google/gson/internal/bind/CollectionTypeAdapterFactory
instanceKlass com/google/gson/internal/bind/ArrayTypeAdapter$1
instanceKlass com/google/gson/internal/bind/SqlDateTypeAdapter$1
instanceKlass com/google/gson/internal/bind/TimeTypeAdapter$1
instanceKlass com/google/gson/internal/bind/DateTypeAdapter$1
instanceKlass com/google/gson/internal/bind/ObjectTypeAdapter$1
instanceKlass com/google/gson/internal/ObjectConstructor
instanceKlass com/google/gson/internal/ConstructorConstructor
instanceKlass com/google/gson/Gson$2
instanceKlass com/google/gson/Gson$1
instanceKlass com/google/gson/JsonSerializationContext
instanceKlass com/google/gson/JsonDeserializationContext
instanceKlass com/google/gson/Gson
instanceKlass com/android/ide/common/blame/Message
instanceKlass com/android/ide/common/blame/SourceFilePosition
instanceKlass com/android/ide/common/blame/SourcePosition
instanceKlass com/google/gson/internal/bind/TypeAdapters$27
instanceKlass com/google/gson/internal/bind/TypeAdapters$26
instanceKlass com/google/gson/internal/bind/TypeAdapters$30
instanceKlass com/google/gson/internal/bind/TypeAdapters$22
instanceKlass com/google/gson/internal/bind/TypeAdapters$31
instanceKlass com/google/gson/internal/bind/TypeAdapters$29
instanceKlass com/google/gson/internal/bind/TypeAdapters$28
instanceKlass com/google/gson/internal/bind/TypeAdapters
instanceKlass com/google/gson/internal/$Gson$Types$GenericArrayTypeImpl
instanceKlass com/google/gson/internal/$Gson$Types
instanceKlass com/google/gson/reflect/TypeToken
instanceKlass com/google/gson/internal/$Gson$Preconditions
instanceKlass com/google/gson/InstanceCreator
instanceKlass com/google/gson/JsonDeserializer
instanceKlass com/google/gson/JsonSerializer
instanceKlass com/android/ide/common/blame/SourceFile
instanceKlass com/google/common/collect/ForwardingObject
instanceKlass com/google/gson/stream/JsonWriter
instanceKlass com/google/gson/stream/JsonReader
instanceKlass com/google/gson/JsonElement
instanceKlass com/google/gson/TypeAdapter
instanceKlass com/google/gson/internal/Excluder
instanceKlass com/google/gson/TypeAdapterFactory
instanceKlass com/google/gson/FieldNamingStrategy
instanceKlass com/google/gson/GsonBuilder
instanceKlass com/google/common/collect/AbstractMultimap
instanceKlass com/android/builder/model/SyncIssue
instanceKlass com/google/common/collect/ListMultimap
instanceKlass com/google/common/collect/Multimap
instanceKlass com/android/builder/profile/ThreadRecorder$1
instanceKlass com/android/builder/profile/ThreadRecorder
instanceKlass com/android/builder/profile/Recorder
instanceKlass com/android/build/gradle/internal/profile/RecordingBuildListener
instanceKlass com/sun/management/GarbageCollectorMXBean
instanceKlass java/lang/management/GarbageCollectorMXBean
instanceKlass sun/management/ManagementFactory
instanceKlass java/lang/management/MemoryManagerMXBean
instanceKlass sun/management/NotificationEmitterSupport
instanceKlass javax/management/NotificationEmitter
instanceKlass javax/management/NotificationBroadcaster
instanceKlass java/lang/management/MemoryMXBean
instanceKlass java/lang/management/PlatformManagedObject
instanceKlass sun/management/VMManagementImpl
instanceKlass sun/management/VMManagement
instanceKlass sun/management/ManagementFactoryHelper$4
instanceKlass sun/management/ManagementFactoryHelper
instanceKlass java/lang/management/ManagementFactory
instanceKlass com/google/common/base/Strings
instanceKlass com/android/builder/profile/ProcessRecorder$ExecutionRecordWriter
instanceKlass com/android/builder/profile/ProcessRecorderFactory
instanceKlass org/gradle/api/internal/component/SoftwareComponentInternal
instanceKlass org/gradle/api/component/SoftwareComponent
instanceKlass org/gradle/api/internal/artifacts/dsl/DefaultArtifactHandler
instanceKlass org/gradle/api/internal/file/copy/CopySpecSource
instanceKlass org/gradle/api/internal/artifacts/dsl/PublishArtifactNotationParserFactory
instanceKlass org/gradle/api/internal/file/ant/BaseDirSelector
instanceKlass org/apache/tools/ant/types/selectors/FileSelector
instanceKlass groovy/util/AntBuilderLocator
instanceKlass org/apache/tools/ant/helper/AntXMLContext
instanceKlass org/apache/tools/ant/DefaultDefinitions
instanceKlass org/apache/tools/ant/TypeAdapter
instanceKlass org/apache/tools/ant/AntTypeDefinition
instanceKlass org/apache/tools/ant/property/ParseProperties
instanceKlass org/apache/tools/ant/property/ParseNextProperty
instanceKlass org/apache/tools/ant/ComponentHelper
instanceKlass java/text/StringCharacterIterator
instanceKlass java/text/CharacterIterator
instanceKlass org/apache/tools/ant/launch/Locator
instanceKlass org/apache/tools/ant/Main$1
instanceKlass org/apache/tools/ant/Main
instanceKlass org/apache/tools/ant/launch/AntMain
instanceKlass org/apache/tools/ant/PropertyHelper$PropertySetter
instanceKlass org/apache/tools/ant/PropertyHelper$4
instanceKlass org/apache/tools/ant/PropertyHelper$3
instanceKlass org/apache/tools/ant/PropertyHelper$2
instanceKlass org/apache/tools/ant/PropertyHelper$1
instanceKlass org/apache/tools/ant/property/PropertyExpander
instanceKlass org/apache/tools/ant/PropertyHelper$PropertyEvaluator
instanceKlass org/apache/tools/ant/PropertyHelper$Delegate
instanceKlass org/apache/tools/ant/PropertyHelper
instanceKlass org/apache/tools/ant/property/GetProperty
instanceKlass java/net/CookieStore
instanceKlass java/lang/StrictMath
instanceKlass org/apache/tools/ant/util/JavaEnvUtils
instanceKlass org/apache/tools/ant/DefaultLogger
instanceKlass org/apache/tools/ant/util/StringUtils
instanceKlass org/apache/tools/ant/Target
instanceKlass org/apache/tools/ant/TaskContainer
instanceKlass org/apache/tools/ant/ProjectHelperRepository$ConstructingIterator
instanceKlass org/apache/tools/ant/helper/ProjectHelper2$AntHandler
instanceKlass org/apache/tools/ant/util/LoaderUtils
instanceKlass org/apache/tools/ant/ProjectHelperRepository
instanceKlass org/apache/tools/ant/ProjectHelper
instanceKlass org/apache/tools/ant/input/DefaultInputHandler
instanceKlass java/util/Collections$SynchronizedMap
instanceKlass org/apache/tools/ant/types/FilterSetCollection
instanceKlass org/apache/tools/ant/types/EnumeratedAttribute
instanceKlass org/apache/tools/ant/Location
instanceKlass org/apache/tools/ant/taskdefs/condition/Os
instanceKlass org/apache/tools/ant/taskdefs/condition/Condition
instanceKlass org/apache/tools/ant/util/FileUtils
instanceKlass org/apache/tools/ant/input/InputHandler
instanceKlass org/apache/tools/ant/types/resources/Appendable
instanceKlass org/apache/tools/ant/types/resources/FileProvider
instanceKlass org/apache/tools/ant/types/resources/Touchable
instanceKlass org/apache/tools/ant/ProjectComponent
instanceKlass org/apache/tools/ant/types/ResourceCollection
instanceKlass org/apache/tools/ant/Project
instanceKlass org/apache/tools/ant/types/ResourceFactory
instanceKlass org/gradle/api/internal/project/ant/AntLoggingAdapter
instanceKlass org/gradle/api/internal/project/DefaultAntBuilderFactory
instanceKlass org/gradle/internal/service/scopes/ProjectScopeServices$3
instanceKlass org/gradle/api/internal/project/AbstractProject$4
instanceKlass com/google/common/primitives/Ints
instanceKlass com/google/common/collect/CollectPreconditions
instanceKlass com/google/common/collect/Lists
instanceKlass com/android/builder/profile/Recorder$Property
instanceKlass com/google/common/base/CharMatcher
instanceKlass com/google/common/base/Predicate
instanceKlass com/android/build/gradle/AndroidGradleOptions
instanceKlass com/android/build/gradle/internal/ExecutionConfigurationUtil
instanceKlass com/android/build/gradle/internal/LoggerWrapper
instanceKlass com/android/build/gradle/internal/coverage/JacocoPlugin
instanceKlass com/android/build/gradle/internal/NdkHandler
instanceKlass com/android/build/gradle/BaseExtension
instanceKlass com/android/build/gradle/internal/dsl/AdbOptions
instanceKlass com/android/builder/model/AdbOptions
instanceKlass com/android/build/gradle/internal/coverage/JacocoOptions
instanceKlass com/android/build/gradle/internal/dsl/DexOptions
instanceKlass com/android/builder/core/DexOptions
instanceKlass com/android/build/gradle/internal/dsl/TestOptions
instanceKlass com/android/build/gradle/internal/dsl/Splits
instanceKlass com/android/build/gradle/internal/dsl/PackagingOptions
instanceKlass com/android/builder/model/PackagingOptions
instanceKlass com/android/build/gradle/internal/CompileOptions
instanceKlass com/android/sdklib/repository/FullRevision
instanceKlass com/android/build/gradle/internal/dsl/LintOptions
instanceKlass com/android/build/gradle/internal/dsl/AaptOptions
instanceKlass com/android/build/gradle/internal/dsl/CoreProductFlavor
instanceKlass com/android/build/gradle/internal/VariantManager
instanceKlass com/android/build/gradle/internal/VariantModel
instanceKlass com/android/build/gradle/internal/TaskManager
instanceKlass com/android/build/gradle/internal/DependencyManager
instanceKlass com/android/build/gradle/internal/SdkHandler
instanceKlass android/databinding/tool/DataBindingBuilder
instanceKlass com/android/builder/core/AndroidBuilder
instanceKlass com/android/build/gradle/internal/variant/VariantFactory
instanceKlass com/google/common/base/Joiner$MapJoiner
instanceKlass com/google/common/base/Preconditions
instanceKlass com/google/common/base/Joiner
instanceKlass com/google/common/collect/Multiset
instanceKlass com/google/common/collect/Collections2
instanceKlass com/google/common/collect/Maps$EntryTransformer
instanceKlass com/google/common/collect/SortedMapDifference
instanceKlass com/google/common/collect/MapDifference
instanceKlass com/google/common/collect/BiMap
instanceKlass com/google/common/base/Converter
instanceKlass com/google/common/base/Function
instanceKlass com/google/common/collect/ImmutableMap
instanceKlass com/google/common/collect/UnmodifiableIterator
instanceKlass com/google/common/collect/Maps
instanceKlass com/android/build/gradle/internal/model/DependenciesImpl$1
instanceKlass com/android/ide/common/caching/CreatingCache
instanceKlass com/android/builder/model/AndroidLibrary
instanceKlass com/android/builder/model/Library
instanceKlass com/android/ide/common/caching/CreatingCache$ValueFactory
instanceKlass com/android/build/gradle/internal/model/DependenciesImpl
instanceKlass com/android/build/gradle/internal/variant/BaseVariantData
instanceKlass com/android/builder/model/ProductFlavor
instanceKlass com/android/builder/model/DimensionAware
instanceKlass com/android/builder/model/BaseConfig
instanceKlass com/android/builder/model/AndroidArtifact
instanceKlass com/android/builder/model/BaseArtifact
instanceKlass com/android/builder/model/Dependencies
instanceKlass com/android/builder/model/SourceProvider
instanceKlass com/google/common/collect/ImmutableCollection$Builder
instanceKlass com/android/builder/model/AaptOptions
instanceKlass com/android/builder/model/LintOptions
instanceKlass com/android/build/gradle/internal/model/ModelBuilder
instanceKlass com/android/build/gradle/internal/model/NativeLibraryFactory
instanceKlass com/android/build/gradle/AndroidConfig
instanceKlass com/android/ide/common/process/ProcessExecutor
instanceKlass com/android/ide/common/process/JavaProcessExecutor
instanceKlass com/android/builder/core/ErrorReporter
instanceKlass com/android/ide/common/blame/MessageReceiver
instanceKlass com/android/builder/model/DataBindingOptions
instanceKlass com/android/utils/ILogger
instanceKlass com/android/builder/profile/Recorder$Block
instanceKlass com/android/build/gradle/BasePlugin
instanceKlass org/gradle/api/internal/plugins/DefaultObjectConfigurationAction$3
