#
# A fatal error has been detected by the Java Runtime Environment:
#
#  Internal Error (0xc06d007e), pid=2128, tid=4204
#
# JRE version:  (8.0_65-b17) (build )
# Java VM: Java HotSpot(TM) 64-Bit Server VM (25.65-b01 mixed mode windows-amd64 compressed oops)
# Problematic frame:
# C  [KERNELBASE.dll+0x9e5d]
#
# Failed to write core dump. Minidumps are not enabled by default on client versions of Windows
#
# If you would like to submit a bug report, please visit:
#   http://bugreport.java.com/bugreport/crash.jsp
# The crash happened outside the Java Virtual Machine in native code.
# See problematic frame for where to report the bug.
#

---------------  T H R E A D  ---------------

Current thread (0x00000000028fd800):  JavaThread "main" [_thread_in_native, id=4204, stack(0x0000000002c10000,0x0000000002d10000)]

siginfo: ExceptionCode=0xc06d007e, ExceptionInformation=0x0000000002d0e810 

Registers:
RAX=0x0000000075e4915c, RBX=0x0000000000000000, RCX=0x0000000002d0e110, RDX=0x0000000000000160
RSP=0x0000000002d0e720, RBP=0x0000000002d0e868, RSI=0x0000000074d8d86c, RDI=0x0000000000000000
R8 =0x0000000000000000, R9 =0x0000000000000000, R10=0x00000000c000012d, R11=0x0000000002d0e760
R12=0x0000000000000001, R13=0x0000000074d95780, R14=0x0000000074d95510, R15=0x0000000074d8d8f8
RIP=0x000007fefd639e5d, EFLAGS=0x0000000000000206

Top of Stack: (sp=0x0000000002d0e720)
0x0000000002d0e720:   0000000000000000 0000000074d8d86c
0x0000000002d0e730:   0000000000000000 00000000774e5628
0x0000000002d0e740:   00000000c06d007e 0000000000000000
0x0000000002d0e750:   000007fefd639e5d 0000000000000001
0x0000000002d0e760:   0000000002d0e810 000007fefd63bc0f
0x0000000002d0e770:   0000000000000000 0000000002d0e868
0x0000000002d0e780:   0000000074d8d86c 0000000000000000
0x0000000002d0e790:   0000000000000000 0000000000000000
0x0000000002d0e7a0:   00000000000c000b 0000000074d8cb40
0x0000000002d0e7b0:   0000000000000000 00000000772870a4
0x0000000002d0e7c0:   0000000074d8cb40 0000000074a64e7e
0x0000000002d0e7d0:   0000000074d8b6cc 0000000074a35695
0x0000000002d0e7e0:   0000000000000000 0000000074d88867
0x0000000002d0e7f0:   0000000000000040 0000000000000000
0x0000000002d0e800:   0000000000000001 0000000074a638a8
0x0000000002d0e810:   0000000000000048 0000000074d8d86c 

Instructions: (pc=0x000007fefd639e5d)
0x000007fefd639e3d:   54 24 24 48 89 4c 24 28 4d 85 c9 0f 85 3a 0a 00
0x000007fefd639e4d:   00 89 4c 24 38 48 8d 4c 24 20 ff 15 43 14 04 00
0x000007fefd639e5d:   48 81 c4 c8 00 00 00 c3 90 90 90 90 90 90 90 90
0x000007fefd639e6d:   90 90 90 48 89 5c 24 08 57 48 83 ec 20 48 8b d9 


Register to memory mapping:

RAX=0x0000000075e4915c is an unknown value
RBX=0x0000000000000000 is an unknown value
RCX=0x0000000002d0e110 is pointing into the stack for thread: 0x00000000028fd800
RDX=0x0000000000000160 is an unknown value
RSP=0x0000000002d0e720 is pointing into the stack for thread: 0x00000000028fd800
RBP=0x0000000002d0e868 is pointing into the stack for thread: 0x00000000028fd800
RSI=0x0000000074d8d86c is an unknown value
RDI=0x0000000000000000 is an unknown value
R8 =0x0000000000000000 is an unknown value
R9 =0x0000000000000000 is an unknown value
R10=
[error occurred during error reporting (printing register info), id 0xc0000005]

Stack: [0x0000000002c10000,0x0000000002d10000],  sp=0x0000000002d0e720,  free space=1017k
Native frames: (J=compiled Java code, j=interpreted, Vv=VM code, C=native code)
C  [KERNELBASE.dll+0x9e5d]
C  [java.dll+0x18867]
C  [java.dll+0x18693]
C  [java.dll+0xd26a]
C  [java.dll+0xd9a0]
C  [java.dll+0x66d8]
C  0x0000000002ff5854

Java frames: (J=compiled Java code, j=interpreted, Vv=VM code)
j  java.lang.System.initProperties(Ljava/util/Properties;)Ljava/util/Properties;+0
j  java.lang.System.initializeSystemClass()V+13
v  ~StubRoutines::call_stub

---------------  P R O C E S S  ---------------

Java Threads: ( => current thread )
  0x000000005539c000 JavaThread "Finalizer" daemon [_thread_blocked, id=4104, stack(0x0000000056060000,0x0000000056160000)]
  0x0000000055392800 JavaThread "Reference Handler" daemon [_thread_blocked, id=4348, stack(0x0000000055df0000,0x0000000055ef0000)]
=>0x00000000028fd800 JavaThread "main" [_thread_in_native, id=4204, stack(0x0000000002c10000,0x0000000002d10000)]

Other Threads:
  0x000000005538d000 VMThread [stack: 0x0000000055f30000,0x0000000056030000] [id=3432]

VM state:not at safepoint (normal execution)

VM Mutex/Monitor currently owned by a thread: None

Heap:
 PSYoungGen      total 14336K, used 491K [0x00000000eab00000, 0x00000000ebb00000, 0x0000000100000000)
  eden space 12288K, 4% used [0x00000000eab00000,0x00000000eab7aed0,0x00000000eb700000)
  from space 2048K, 0% used [0x00000000eb900000,0x00000000eb900000,0x00000000ebb00000)
  to   space 2048K, 0% used [0x00000000eb700000,0x00000000eb700000,0x00000000eb900000)
 ParOldGen       total 32768K, used 0K [0x00000000c0000000, 0x00000000c2000000, 0x00000000eab00000)
  object space 32768K, 0% used [0x00000000c0000000,0x00000000c0000000,0x00000000c2000000)
 Metaspace       used 959K, capacity 4480K, committed 4480K, reserved 1056768K
  class space    used 99K, capacity 384K, committed 384K, reserved 1048576K

Card table byte_map: [0x00000000123a0000,0x00000000125b0000] byte_map_base: 0x0000000011da0000

Marking Bits: (ParMarkBitMap*) 0x000000006aaba5b0
 Begin Bits: [0x0000000012860000, 0x0000000013860000)
 End Bits:   [0x0000000013860000, 0x0000000014860000)

Polling page: 0x00000000022e0000

CodeCache: size=245760Kb used=401Kb max_used=401Kb free=245359Kb
 bounds [0x0000000002fe0000, 0x0000000003250000, 0x0000000011fe0000]
 total_blobs=98 nmethods=0 adapters=73
 compilation: enabled

Compilation events (0 events):
No events

GC Heap History (0 events):
No events

Deoptimization events (0 events):
No events

Internal exceptions (0 events):
No events

Events (10 events):
Event: 0.240 loading class java/lang/ref/Finalizer$FinalizerThread done
Event: 0.240 Thread 0x000000005539c000 Thread added: 0x000000005539c000
Event: 0.241 loading class sun/misc/VM
Event: 0.241 loading class sun/misc/VM done
Event: 0.241 loading class java/util/Hashtable$Entry
Event: 0.247 loading class java/util/Map$Entry
Event: 0.248 loading class java/util/Map$Entry done
Event: 0.248 loading class java/util/Hashtable$Entry done
Event: 0.248 loading class java/lang/Math
Event: 0.249 loading class java/lang/Math done


Dynamic libraries:
0x000000013f410000 - 0x000000013f447000 	C:\Program Files\Java\jdk1.8.0_65\bin\java.exe
0x0000000077490000 - 0x0000000077639000 	C:\Windows\SYSTEM32\ntdll.dll
0x0000000077270000 - 0x000000007738f000 	C:\Windows\system32\kernel32.dll
0x000007fefd630000 - 0x000007fefd69b000 	C:\Windows\system32\KERNELBASE.dll
0x000007fefd710000 - 0x000007fefd7eb000 	C:\Windows\system32\ADVAPI32.dll
0x000007fefd900000 - 0x000007fefd99f000 	C:\Windows\system32\msvcrt.dll
0x000007feff620000 - 0x000007feff63f000 	C:\Windows\SYSTEM32\sechost.dll
0x000007fefeca0000 - 0x000007fefedcd000 	C:\Windows\system32\RPCRT4.dll
0x0000000077390000 - 0x000000007748a000 	C:\Windows\system32\USER32.dll
0x000007fefd6a0000 - 0x000007fefd707000 	C:\Windows\system32\GDI32.dll
0x000007fefd9a0000 - 0x000007fefd9ae000 	C:\Windows\system32\LPK.dll
0x000007feff350000 - 0x000007feff419000 	C:\Windows\system32\USP10.dll
0x000007fefbde0000 - 0x000007fefbfd4000 	C:\Windows\WinSxS\amd64_microsoft.windows.common-controls_6595b64144ccf1df_6.0.7601.17514_none_fa396087175ac9ac\COMCTL32.dll
0x000007feff040000 - 0x000007feff0b1000 	C:\Windows\system32\SHLWAPI.dll
0x000007fefe740000 - 0x000007fefe76e000 	C:\Windows\system32\IMM32.DLL
0x000007feff500000 - 0x000007feff609000 	C:\Windows\system32\MSCTF.dll
0x000007fefd010000 - 0x000007fefd0a6000 	C:\Windows\system32\guard64.dll
0x000007fefedd0000 - 0x000007fefefd3000 	C:\Windows\system32\ole32.dll
0x0000000077650000 - 0x0000000077657000 	C:\Windows\system32\PSAPI.DLL
0x000007fefcfe0000 - 0x000007fefcfec000 	C:\Windows\system32\VERSION.dll
0x000007fefcfd0000 - 0x000007fefcfd9000 	C:\Windows\system32\fltlib.dll
0x0000000074a10000 - 0x0000000074ae2000 	C:\Program Files\Java\jdk1.8.0_65\jre\bin\msvcr100.dll
0x000000006a2b0000 - 0x000000006ab39000 	C:\Program Files\Java\jdk1.8.0_65\jre\bin\server\jvm.dll
0x000007fefa6c0000 - 0x000007fefa6c9000 	C:\Windows\system32\WSOCK32.dll
0x0000000002290000 - 0x00000000022dd000 	C:\Windows\system32\WS2_32.dll
0x000007feff610000 - 0x000007feff618000 	C:\Windows\system32\NSI.dll
0x000007fefb150000 - 0x000007fefb18b000 	C:\Windows\system32\WINMM.dll
0x0000000074e00000 - 0x0000000074e0f000 	C:\Program Files\Java\jdk1.8.0_65\jre\bin\verify.dll
0x0000000074d70000 - 0x0000000074d99000 	C:\Program Files\Java\jdk1.8.0_65\jre\bin\java.dll
0x0000000074de0000 - 0x0000000074df6000 	C:\Program Files\Java\jdk1.8.0_65\jre\bin\zip.dll
0x000007fefb1f0000 - 0x000007fefb315000 	C:\Windows\system32\dbghelp.dll

VM Arguments:
jvm_args: -Djava.awt.headless=true -Xmx1024M -Dfile.encoding=windows-1251 -Duser.country=RU -Duser.language=ru -Duser.variant 
java_command: com.android.dx.command.Main --dex --num-threads=4 --output D:\Programs\Bool_SherlokHolmes\app\build\intermediates\pre-dexed\debug\debug_f4a0bdf7ad08a98edf8434b9e87b2a7162118113.jar D:\Programs\Bool_SherlokHolmes\app\build\intermediates\classes\debug
java_class_path (initial): D:\Programs\android-sdk-windows-1.6_r1\build-tools\23.0.2\lib\dx.jar
Launcher Type: SUN_STANDARD

Environment Variables:
PATH=C:\ProgramData\Oracle\Java\javapath;C:\Program Files (x86)\Intel\iCLS Client\;C:\Program Files\Intel\iCLS Client\;C:\Windows\system32;C:\Windows;C:\Windows\System32\Wbem;C:\Windows\System32\WindowsPowerShell\v1.0\;C:\Program Files\Intel\Intel(R) Management Engine Components\DAL;C:\Program Files\Intel\Intel(R) Management Engine Components\IPT;C:\Program Files (x86)\Intel\Intel(R) Management Engine Components\DAL;C:\Program Files (x86)\Intel\Intel(R) Management Engine Components\IPT
USERNAME=tsar
OS=Windows_NT
PROCESSOR_IDENTIFIER=Intel64 Family 6 Model 42 Stepping 7, GenuineIntel



---------------  S Y S T E M  ---------------

OS: Windows 7 , 64 bit Build 7601 (6.1.7601.18015)

CPU:total 2 (2 cores per cpu, 1 threads per core) family 6 model 42 stepping 7, cmov, cx8, fxsr, mmx, sse, sse2, sse3, ssse3, sse4.1, sse4.2, popcnt, clmul, tsc, tscinvbit

Memory: 4k page, physical 3023216k(302552k free), swap 4045356k(14720k free)

vm_info: Java HotSpot(TM) 64-Bit Server VM (25.65-b01) for windows-amd64 JRE (1.8.0_65-b17), built on Oct  6 2015 16:39:20 by "java_re" with MS VC++ 10.0 (VS2010)

time: Thu Dec 24 12:15:25 2015
elapsed time: 0 seconds (0d 0h 0m 0s)

