#
# There is insufficient memory for the Java Runtime Environment to continue.
# Native memory allocation (malloc) failed to allocate 32744 bytes for ChunkPool::allocate
# Possible reasons:
#   The system is out of physical RAM or swap space
#   In 32 bit mode, the process size limit was hit
# Possible solutions:
#   Reduce memory load on the system
#   Increase physical memory or swap space
#   Check if swap backing store is full
#   Use 64 bit Java on a 64 bit OS
#   Decrease Java heap size (-Xmx/-Xms)
#   Decrease number of Java threads
#   Decrease Java thread stack sizes (-Xss)
#   Set larger code cache with -XX:ReservedCodeCacheSize=
# This output file may be truncated or incomplete.
#
#  Out of Memory Error (allocation.cpp:273), pid=4100, tid=952
#
# JRE version: Java(TM) SE Runtime Environment (8.0_65-b17) (build 1.8.0_65-b17)
# Java VM: Java HotSpot(TM) 64-Bit Server VM (25.65-b01 mixed mode windows-amd64 compressed oops)
# Failed to write core dump. Minidumps are not enabled by default on client versions of Windows
#

---------------  T H R E A D  ---------------

Current thread (0x000000005548a800):  JavaThread "C2 CompilerThread0" daemon [_thread_in_native, id=952, stack(0x00000000567d0000,0x00000000568d0000)]

Stack: [0x00000000567d0000,0x00000000568d0000]
[error occurred during error reporting (printing stack bounds), id 0xc0000005]

Native frames: (J=compiled Java code, j=interpreted, Vv=VM code, C=native code)


Current CompileTask:
C2:    670  454       4       com.android.dx.util.IntList::growIfNeeded (46 bytes)


---------------  P R O C E S S  ---------------

Java Threads: ( => current thread )
  0x0000000056bf4000 JavaThread "pool-1-thread-4" [_thread_blocked, id=1300, stack(0x00000000574f0000,0x00000000575f0000)]
  0x0000000056ba1800 JavaThread "pool-1-thread-3" [_thread_blocked, id=3088, stack(0x00000000575f0000,0x00000000576f0000)]
  0x0000000056b9d000 JavaThread "pool-1-thread-2" [_thread_in_vm, id=3696, stack(0x00000000573e0000,0x00000000574e0000)]
  0x0000000056b57000 JavaThread "pool-2-thread-1" [_thread_blocked, id=4792, stack(0x00000000572d0000,0x00000000573d0000)]
  0x0000000056b53000 JavaThread "pool-1-thread-1" [_thread_blocked, id=4992, stack(0x00000000570a0000,0x00000000571a0000)]
  0x0000000056a69000 JavaThread "Service Thread" daemon [_thread_blocked, id=4520, stack(0x00000000566d0000,0x00000000567d0000)]
  0x0000000055491800 JavaThread "C1 CompilerThread1" daemon [_thread_in_native, id=3676, stack(0x0000000056940000,0x0000000056a40000)]
=>0x000000005548a800 JavaThread "C2 CompilerThread0" daemon [_thread_in_native, id=952, stack(0x00000000567d0000,0x00000000568d0000)]
  0x0000000055489000 JavaThread "Attach Listener" daemon [_thread_blocked, id=5036, stack(0x0000000056360000,0x0000000056460000)]
  0x0000000055487000 JavaThread "Signal Dispatcher" daemon [_thread_blocked, id=3808, stack(0x00000000564e0000,0x00000000565e0000)]
  0x000000005542c000 JavaThread "Finalizer" daemon [_thread_blocked, id=4948, stack(0x0000000056230000,0x0000000056330000)]
  0x0000000055422800 JavaThread "Reference Handler" daemon [_thread_blocked, id=1232, stack(0x0000000056040000,0x0000000056140000)]
  0x000000000230d800 JavaThread "main" [_thread_in_vm, id=4588, stack(0x0000000002a30000,0x0000000002b30000)]

Other Threads:
  0x000000005541d000 VMThread [stack: 0x0000000055ea0000,0x0000000055fa0000] [id=4824]
  0x0000000056a6c800 WatcherThread [stack: 0x0000000056ef0000,0x0000000056ff0000] [id=4912]

VM state:not at safepoint (normal execution)

VM Mutex/Monitor currently owned by a thread: None

Heap:
 PSYoungGen      total 14336K, used 10041K [0x00000000eab00000, 0x00000000ebb00000, 0x0000000100000000)
  eden space 12288K, 81% used [0x00000000eab00000,0x00000000eb4ce730,0x00000000eb700000)
  from space 2048K, 0% used [0x00000000eb900000,0x00000000eb900000,0x00000000ebb00000)
  to   space 2048K, 0% used [0x00000000eb700000,0x00000000eb700000,0x00000000eb900000)
 ParOldGen       total 32768K, used 0K [0x00000000c0000000, 0x00000000c2000000, 0x00000000eab00000)
  object space 32768K, 0% used [0x00000000c0000000,0x00000000c0000000,0x00000000c2000000)
 Metaspace       used 5237K, capacity 6448K, committed 6528K, reserved 1056768K
  class space    used 571K, capacity 616K, committed 640K, reserved 1048576K

Card table byte_map: [0x00000000121c0000,0x00000000123d0000] byte_map_base: 0x0000000011bc0000

Marking Bits: (ParMarkBitMap*) 0x000000006c3ba5b0
 Begin Bits: [0x00000000128f0000, 0x00000000138f0000)
 End Bits:   [0x00000000138f0000, 0x00000000148f0000)

Polling page: 0x00000000022f0000

CodeCache: size=245760Kb used=2008Kb max_used=2019Kb free=243751Kb
 bounds [0x0000000002e00000, 0x0000000003070000, 0x0000000011e00000]
 total_blobs=685 nmethods=425 adapters=174
 compilation: enabled

Compilation events (10 events):
Event: 0.660 Thread 0x0000000055491800 nmethod 423 0x0000000002ff6150 code [0x0000000002ff62a0, 0x0000000002ff63f0]
Event: 0.660 Thread 0x0000000055491800  425   !   3       com.android.dx.cf.code.BytecodeArray::parseInstruction (2764 bytes)
Event: 0.662 Thread 0x000000005548a800 nmethod 417 0x0000000002ff9410 code [0x0000000002ff9560, 0x0000000002ff9878]
Event: 0.662 Thread 0x000000005548a800  448       4       java.util.ArrayList$Itr::hasNext (20 bytes)
Event: 0.663 Thread 0x000000005548a800 nmethod 448 0x0000000002ff17d0 code [0x0000000002ff1900, 0x0000000002ff1978]
Event: 0.664 Thread 0x000000005548a800  450       4       java.util.ArrayList$Itr::next (66 bytes)
Event: 0.665 Thread 0x000000005548a800 nmethod 450 0x0000000002ff9c50 code [0x0000000002ff9da0, 0x0000000002ff9eb8]
Event: 0.667 Thread 0x000000005548a800  453       4       com.android.dx.cf.code.LineNumberList::get (9 bytes)
Event: 0.668 Thread 0x000000005548a800 nmethod 453 0x0000000002ffa010 code [0x0000000002ffa160, 0x0000000002ffa218]
Event: 0.669 Thread 0x000000005548a800  454       4       com.android.dx.util.IntList::growIfNeeded (46 bytes)

GC Heap History (0 events):
No events

Deoptimization events (4 events):
Event: 0.643 Thread 0x0000000056b53000 Uncommon trap: reason=class_check action=maybe_recompile pc=0x0000000002fb22c0 method=com.android.dx.rop.cst.CstMemberRef.compareTo0(Lcom/android/dx/rop/cst/Constant;)I @ 1
Event: 0.643 Thread 0x0000000056ba1800 Uncommon trap: reason=class_check action=maybe_recompile pc=0x0000000002fb22c0 method=com.android.dx.rop.cst.CstMemberRef.compareTo0(Lcom/android/dx/rop/cst/Constant;)I @ 1
Event: 0.643 Thread 0x0000000056ba1800 Uncommon trap: reason=class_check action=maybe_recompile pc=0x0000000002fb22c0 method=com.android.dx.rop.cst.CstMemberRef.compareTo0(Lcom/android/dx/rop/cst/Constant;)I @ 1
Event: 0.643 Thread 0x0000000056b53000 Uncommon trap: reason=class_check action=maybe_recompile pc=0x0000000002fb22c0 method=com.android.dx.rop.cst.CstMemberRef.compareTo0(Lcom/android/dx/rop/cst/Constant;)I @ 1

Internal exceptions (2 events):
Event: 0.152 Thread 0x000000000230d800 Exception <a 'java/lang/NoSuchMethodError': Method sun.misc.Unsafe.defineClass(Ljava/lang/String;[BII)Ljava/lang/Class; name or signature does not match> (0x00000000eab12fd8) thrown at [C:\workspace\8-2-build-windows-amd64-cygwin\jdk8u65\4987\hotspot\src\sxˆÑÅao√?
Event: 0.152 Thread 0x000000000230d800 Exception <a 'java/lang/NoSuchMethodError': Method sun.misc.Unsafe.prefetchRead(Ljava/lang/Object;J)V name or signature does not match> (0x00000000eab132c0) thrown at [C:\workspace\8-2-build-windows-amd64-cygwin\jdk8u65\4987\hotspot\src\share\vm\prims\jni.

Events (10 events):
Event: 0.643 Thread 0x0000000056ba1800 DEOPT PACKING pc=0x0000000002fb22c0 sp=0x00000000576eef40
Event: 0.643 Thread 0x0000000056ba1800 DEOPT UNPACKING pc=0x0000000002e4582a sp=0x00000000576eeec8 mode 2
Event: 0.643 Thread 0x0000000056ba1800 Uncommon trap: trap_request=0xffffffde fr.pc=0x0000000002fb22c0
Event: 0.643 Thread 0x0000000056ba1800 DEOPT PACKING pc=0x0000000002fb22c0 sp=0x00000000576eef10
Event: 0.643 Thread 0x0000000056ba1800 DEOPT UNPACKING pc=0x0000000002e4582a sp=0x00000000576eee98 mode 2
Event: 0.643 Thread 0x0000000056b53000 Uncommon trap: trap_request=0xffffffde fr.pc=0x0000000002fb22c0
Event: 0.643 Thread 0x0000000056b53000 DEOPT PACKING pc=0x0000000002fb22c0 sp=0x000000005719e750
Event: 0.643 Thread 0x0000000056b53000 DEOPT UNPACKING pc=0x0000000002e4582a sp=0x000000005719e6d8 mode 2
Event: 0.650 loading class com/android/dx/cf/code/BytecodeArray$ConstantParserVisitor
Event: 0.650 loading class com/android/dx/cf/code/BytecodeArray$ConstantParserVisitor done


Dynamic libraries:
0x000000013fd30000 - 0x000000013fd67000 	C:\Program Files\Java\jdk1.8.0_65\bin\java.exe
0x0000000077670000 - 0x0000000077819000 	C:\Windows\SYSTEM32\ntdll.dll
0x0000000077450000 - 0x000000007756f000 	C:\Windows\system32\kernel32.dll
0x000007fefd640000 - 0x000007fefd6ab000 	C:\Windows\system32\KERNELBASE.dll
0x000007fefe690000 - 0x000007fefe76b000 	C:\Windows\system32\ADVAPI32.dll
0x000007feff1f0000 - 0x000007feff28f000 	C:\Windows\system32\msvcrt.dll
0x000007feff290000 - 0x000007feff2af000 	C:\Windows\SYSTEM32\sechost.dll
0x000007feff3f0000 - 0x000007feff51d000 	C:\Windows\system32\RPCRT4.dll
0x0000000077570000 - 0x000000007766a000 	C:\Windows\system32\USER32.dll
0x000007feff530000 - 0x000007feff597000 	C:\Windows\system32\GDI32.dll
0x000007feff1e0000 - 0x000007feff1ee000 	C:\Windows\system32\LPK.dll
0x000007fefefa0000 - 0x000007feff069000 	C:\Windows\system32\USP10.dll
0x000007fefbe90000 - 0x000007fefc084000 	C:\Windows\WinSxS\amd64_microsoft.windows.common-controls_6595b64144ccf1df_6.0.7601.17514_none_fa396087175ac9ac\COMCTL32.dll
0x000007feff0a0000 - 0x000007feff111000 	C:\Windows\system32\SHLWAPI.dll
0x000007feff070000 - 0x000007feff09e000 	C:\Windows\system32\IMM32.DLL
0x000007feff5a0000 - 0x000007feff6a9000 	C:\Windows\system32\MSCTF.dll
0x000007fefd200000 - 0x000007fefd296000 	C:\Windows\system32\guard64.dll
0x000007fefe770000 - 0x000007fefe973000 	C:\Windows\system32\ole32.dll
0x0000000077830000 - 0x0000000077837000 	C:\Windows\system32\PSAPI.DLL
0x000007fefd1f0000 - 0x000007fefd1fc000 	C:\Windows\system32\VERSION.dll
0x000007fefd1d0000 - 0x000007fefd1d9000 	C:\Windows\system32\fltlib.dll
0x000000006aa20000 - 0x000000006aaf2000 	C:\Program Files\Java\jdk1.8.0_65\jre\bin\msvcr100.dll
0x000000006bbb0000 - 0x000000006c439000 	C:\Program Files\Java\jdk1.8.0_65\jre\bin\server\jvm.dll
0x000007fef9fe0000 - 0x000007fef9fe9000 	C:\Windows\system32\WSOCK32.dll
0x00000000022a0000 - 0x00000000022ed000 	C:\Windows\system32\WS2_32.dll
0x000007feff520000 - 0x000007feff528000 	C:\Windows\system32\NSI.dll
0x000007fefb390000 - 0x000007fefb3cb000 	C:\Windows\system32\WINMM.dll
0x0000000070c00000 - 0x0000000070c0f000 	C:\Program Files\Java\jdk1.8.0_65\jre\bin\verify.dll
0x000000006caa0000 - 0x000000006cac9000 	C:\Program Files\Java\jdk1.8.0_65\jre\bin\java.dll
0x000000006ca80000 - 0x000000006ca96000 	C:\Program Files\Java\jdk1.8.0_65\jre\bin\zip.dll
0x000007fefd900000 - 0x000007fefe688000 	C:\Windows\system32\SHELL32.dll
0x000007fefd440000 - 0x000007fefd44f000 	C:\Windows\system32\profapi.dll

VM Arguments:
jvm_args: -Djava.awt.headless=true -Xmx1024M -Dfile.encoding=windows-1251 -Duser.country=RU -Duser.language=ru -Duser.variant 
java_command: com.android.dx.command.Main --dex --num-threads=4 --output D:\Programs\Bool_SherlokHolmes\app\build\intermediates\pre-dexed\debug\debug_f4a0bdf7ad08a98edf8434b9e87b2a7162118113.jar D:\Programs\Bool_SherlokHolmes\app\build\intermediates\classes\debug
java_class_path (initial): D:\Programs\android-sdk-windows-1.6_r1\build-tools\23.0.2\lib\dx.jar
Launcher Type: SUN_STANDARD

Environment Variables:
PATH=C:\ProgramData\Oracle\Java\javapath;C:\Program Files (x86)\Intel\iCLS Client\;C:\Program Files\Intel\iCLS Client\;C:\Windows\system32;C:\Windows;C:\Windows\System32\Wbem;C:\Windows\System32\WindowsPowerShell\v1.0\;C:\Program Files\Intel\Intel(R) Management Engine Components\DAL;C:\Program Files\Intel\Intel(R) Management Engine Components\IPT;C:\Program Files (x86)\Intel\Intel(R) Management Engine Components\DAL;C:\Program Files (x86)\Intel\Intel(R) Management Engine Components\IPT
USERNAME=tsar
OS=Windows_NT
PROCESSOR_IDENTIFIER=Intel64 Family 6 Model 42 Stepping 7, GenuineIntel



---------------  S Y S T E M  ---------------

OS: Windows 7 , 64 bit Build 7601 (6.1.7601.18015)

CPU:total 2 (2 cores per cpu, 1 threads per core) family 6 model 42 stepping 7, cmov, cx8, fxsr, mmx, sse, sse2, sse3, ssse3, sse4.1, sse4.2, popcnt, clmul, tsc, tscinvbit

Memory: 4k page, physical 3023216k(181752k free), swap 4045356k(5100k free)

vm_info: Java HotSpot(TM) 64-Bit Server VM (25.65-b01) for windows-amd64 JRE (1.8.0_65-b17), built on Oct  6 2015 16:39:20 by "java_re" with MS VC++ 10.0 (VS2010)

time: Fri Dec 25 16:22:20 2015
elapsed time: 0 seconds (0d 0h 0m 0s)

