#
# There is insufficient memory for the Java Runtime Environment to continue.
# Native memory allocation (malloc) failed to allocate 149696 bytes for Chunk::new
# Possible reasons:
#   The system is out of physical RAM or swap space
#   In 32 bit mode, the process size limit was hit
# Possible solutions:
#   Reduce memory load on the system
#   Increase physical memory or swap space
#   Check if swap backing store is full
#   Use 64 bit Java on a 64 bit OS
#   Decrease Java heap size (-Xmx/-Xms)
#   Decrease number of Java threads
#   Decrease Java thread stack sizes (-Xss)
#   Set larger code cache with -XX:ReservedCodeCacheSize=
# This output file may be truncated or incomplete.
#
#  Out of Memory Error (allocation.cpp:390), pid=1408, tid=1800
#
# JRE version: Java(TM) SE Runtime Environment (8.0_65-b17) (build 1.8.0_65-b17)
# Java VM: Java HotSpot(TM) 64-Bit Server VM (25.65-b01 mixed mode windows-amd64 compressed oops)
# Failed to write core dump. Minidumps are not enabled by default on client versions of Windows
#

---------------  T H R E A D  ---------------

Current thread (0x00000000554a8800):  JavaThread "C2 CompilerThread0" daemon [_thread_in_native, id=1800, stack(0x00000000572b0000,0x00000000573b0000)]

Stack: [0x00000000572b0000,0x00000000573b0000]
[error occurred during error reporting (printing stack bounds), id 0xc0000005]

Native frames: (J=compiled Java code, j=interpreted, Vv=VM code, C=native code)


Current CompileTask:
C2:   6981 1446   !   4       com.android.dx.cf.cst.ConstantPoolParser::parse0 (731 bytes)


---------------  P R O C E S S  ---------------

Java Threads: ( => current thread )
  0x0000000057915800 JavaThread "pool-1-thread-4" [_thread_blocked, id=4172, stack(0x0000000058550000,0x0000000058650000)]
  0x0000000057914000 JavaThread "pool-1-thread-3" [_thread_blocked, id=4316, stack(0x0000000058340000,0x0000000058440000)]
  0x0000000057913800 JavaThread "pool-1-thread-2" [_thread_blocked, id=4276, stack(0x00000000580d0000,0x00000000581d0000)]
  0x0000000057910800 JavaThread "pool-2-thread-1" [_thread_blocked, id=4688, stack(0x0000000057d00000,0x0000000057e00000)]
  0x000000005790f000 JavaThread "pool-1-thread-1" [_thread_blocked, id=4880, stack(0x0000000057f30000,0x0000000058030000)]
  0x000000005770b800 JavaThread "Service Thread" daemon [_thread_blocked, id=4840, stack(0x0000000055da0000,0x0000000055ea0000)]
  0x00000000554ac800 JavaThread "C1 CompilerThread1" daemon [_thread_blocked, id=3456, stack(0x0000000057600000,0x0000000057700000)]
=>0x00000000554a8800 JavaThread "C2 CompilerThread0" daemon [_thread_in_native, id=1800, stack(0x00000000572b0000,0x00000000573b0000)]
  0x00000000554a7800 JavaThread "Attach Listener" daemon [_thread_blocked, id=1220, stack(0x00000000573b0000,0x00000000574b0000)]
  0x00000000554a2000 JavaThread "Signal Dispatcher" daemon [_thread_blocked, id=4776, stack(0x0000000057180000,0x0000000057280000)]
  0x000000005544c000 JavaThread "Finalizer" daemon [_thread_blocked, id=4272, stack(0x00000000562c0000,0x00000000563c0000)]
  0x0000000055442800 JavaThread "Reference Handler" daemon [_thread_blocked, id=4092, stack(0x00000000560d0000,0x00000000561d0000)]
  0x000000000290e000 JavaThread "main" [_thread_blocked, id=4772, stack(0x0000000002b90000,0x0000000002c90000)]

Other Threads:
  0x000000005543d000 VMThread [stack: 0x0000000055f20000,0x0000000056020000] [id=1172]
  0x000000005550f000 WatcherThread [stack: 0x0000000057be0000,0x0000000057ce0000] [id=2092]

VM state:not at safepoint (normal execution)

VM Mutex/Monitor currently owned by a thread: None

Heap:
 PSYoungGen      total 26624K, used 20992K [0x00000000eab00000, 0x00000000ec700000, 0x0000000100000000)
  eden space 24576K, 77% used [0x00000000eab00000,0x00000000ebd85948,0x00000000ec300000)
  from space 2048K, 98% used [0x00000000ec500000,0x00000000ec6faa90,0x00000000ec700000)
  to   space 2048K, 0% used [0x00000000ec300000,0x00000000ec300000,0x00000000ec500000)
 ParOldGen       total 32768K, used 1917K [0x00000000c0000000, 0x00000000c2000000, 0x00000000eab00000)
  object space 32768K, 5% used [0x00000000c0000000,0x00000000c01df5e8,0x00000000c2000000)
 Metaspace       used 6096K, capacity 7024K, committed 7296K, reserved 1056768K
  class space    used 598K, capacity 616K, committed 640K, reserved 1048576K

Card table byte_map: [0x0000000012320000,0x0000000012530000] byte_map_base: 0x0000000011d20000

Marking Bits: (ParMarkBitMap*) 0x000000006e07a5b0
 Begin Bits: [0x0000000012910000, 0x0000000013910000)
 End Bits:   [0x0000000013910000, 0x0000000014910000)

Polling page: 0x0000000002190000

CodeCache: size=245760Kb used=5964Kb max_used=5979Kb free=239796Kb
 bounds [0x0000000002f60000, 0x0000000003540000, 0x0000000011f60000]
 total_blobs=1713 nmethods=1445 adapters=182
 compilation: enabled

Compilation events (10 events):
Event: 5.920 Thread 0x00000000554a8800 nmethod 1435 0x0000000003514650 code [0x00000000035147c0, 0x0000000003514a88]
Event: 6.297 Thread 0x00000000554ac800 1442       3       java.util.concurrent.locks.LockSupport::setBlocker (12 bytes)
Event: 6.297 Thread 0x00000000554ac800 nmethod 1442 0x0000000003529450 code [0x00000000035295a0, 0x00000000035296f0]
Event: 6.321 Thread 0x00000000554ac800 1444       1       com.android.dx.dex.file.DexFile::getFieldIds (5 bytes)
Event: 6.321 Thread 0x00000000554ac800 nmethod 1444 0x0000000003529190 code [0x00000000035292e0, 0x00000000035293f0]
Event: 6.333 Thread 0x00000000554ac800 1445       3       java.util.concurrent.locks.AbstractQueuedSynchronizer$Node::predecessor (19 bytes)
Event: 6.333 Thread 0x00000000554ac800 nmethod 1445 0x0000000003528d10 code [0x0000000003528e80, 0x00000000035290c8]
Event: 6.333 Thread 0x00000000554a8800 1446   !   4       com.android.dx.cf.cst.ConstantPoolParser::parse0 (731 bytes)
Event: 6.540 Thread 0x00000000554ac800 1447       3       com.android.dx.cf.direct.StdAttributeFactory::localVariableTable (98 bytes)
Event: 6.541 Thread 0x00000000554ac800 nmethod 1447 0x0000000003526d90 code [0x0000000003527040, 0x0000000003528158]

GC Heap History (4 events):
Event: 0.910 GC heap before
{Heap before GC invocations=1 (full 0):
 PSYoungGen      total 14336K, used 12288K [0x00000000eab00000, 0x00000000ebb00000, 0x0000000100000000)
  eden space 12288K, 100% used [0x00000000eab00000,0x00000000eb700000,0x00000000eb700000)
  from space 2048K, 0% used [0x00000000eb900000,0x00000000eb900000,0x00000000ebb00000)
  to   space 2048K, 0% used [0x00000000eb700000,0x00000000eb700000,0x00000000eb900000)
 ParOldGen       total 32768K, used 0K [0x00000000c0000000, 0x00000000c2000000, 0x00000000eab00000)
  object space 32768K, 0% used [0x00000000c0000000,0x00000000c0000000,0x00000000c2000000)
 Metaspace       used 4880K, capacity 5936K, committed 6272K, reserved 1056768K
  class space    used 542K, capacity 552K, committed 640K, reserved 1048576K
Event: 0.930 GC heap after
Heap after GC invocations=1 (full 0):
 PSYoungGen      total 14336K, used 2035K [0x00000000eab00000, 0x00000000ec700000, 0x0000000100000000)
  eden space 12288K, 0% used [0x00000000eab00000,0x00000000eab00000,0x00000000eb700000)
  from space 2048K, 99% used [0x00000000eb700000,0x00000000eb8fcce8,0x00000000eb900000)
  to   space 2048K, 0% used [0x00000000ec500000,0x00000000ec500000,0x00000000ec700000)
 ParOldGen       total 32768K, used 433K [0x00000000c0000000, 0x00000000c2000000, 0x00000000eab00000)
  object space 32768K, 1% used [0x00000000c0000000,0x00000000c006c510,0x00000000c2000000)
 Metaspace       used 4880K, capacity 5936K, committed 6272K, reserved 1056768K
  class space    used 542K, capacity 552K, committed 640K, reserved 1048576K
}
Event: 1.945 GC heap before
{Heap before GC invocations=2 (full 0):
 PSYoungGen      total 14336K, used 14323K [0x00000000eab00000, 0x00000000ec700000, 0x0000000100000000)
  eden space 12288K, 100% used [0x00000000eab00000,0x00000000eb700000,0x00000000eb700000)
  from space 2048K, 99% used [0x00000000eb700000,0x00000000eb8fcce8,0x00000000eb900000)
  to   space 2048K, 0% used [0x00000000ec500000,0x00000000ec500000,0x00000000ec700000)
 ParOldGen       total 32768K, used 433K [0x00000000c0000000, 0x00000000c2000000, 0x00000000eab00000)
  object space 32768K, 1% used [0x00000000c0000000,0x00000000c006c510,0x00000000c2000000)
 Metaspace       used 5908K, capacity 6832K, committed 7040K, reserved 1056768K
  class space    used 597K, capacity 616K, committed 640K, reserved 1048576K
Event: 1.967 GC heap after
Heap after GC invocations=2 (full 0):
 PSYoungGen      total 26624K, used 2026K [0x00000000eab00000, 0x00000000ec700000, 0x0000000100000000)
  eden space 24576K, 0% used [0x00000000eab00000,0x00000000eab00000,0x00000000ec300000)
  from space 2048K, 98% used [0x00000000ec500000,0x00000000ec6faa90,0x00000000ec700000)
  to   space 2048K, 0% used [0x00000000ec300000,0x00000000ec300000,0x00000000ec500000)
 ParOldGen       total 32768K, used 1917K [0x00000000c0000000, 0x00000000c2000000, 0x00000000eab00000)
  object space 32768K, 5% used [0x00000000c0000000,0x00000000c01df5e8,0x00000000c2000000)
 Metaspace       used 5908K, capacity 6832K, committed 7040K, reserved 1056768K
  class space    used 597K, capacity 616K, committed 640K, reserved 1048576K
}

Deoptimization events (8 events):
Event: 1.160 Thread 0x0000000057913800 Uncommon trap: reason=class_check action=maybe_recompile pc=0x0000000003195ca0 method=com.android.dx.ssa.NormalSsaInsn.accept(Lcom/android/dx/ssa/SsaInsn$Visitor;)V @ 9
Event: 1.160 Thread 0x0000000057913800 Uncommon trap: reason=class_check action=maybe_recompile pc=0x0000000003195ca0 method=com.android.dx.ssa.NormalSsaInsn.accept(Lcom/android/dx/ssa/SsaInsn$Visitor;)V @ 9
Event: 1.160 Thread 0x0000000057913800 Uncommon trap: reason=class_check action=maybe_recompile pc=0x0000000003195ca0 method=com.android.dx.ssa.NormalSsaInsn.accept(Lcom/android/dx/ssa/SsaInsn$Visitor;)V @ 9
Event: 1.288 Thread 0x0000000057913800 Uncommon trap: reason=unstable_if action=reinterpret pc=0x00000000032094b8 method=java.util.HashMap.getNode(ILjava/lang/Object;)Ljava/util/HashMap$Node; @ 129
Event: 1.288 Thread 0x0000000057913800 Uncommon trap: reason=unstable_if action=reinterpret pc=0x00000000031626c4 method=java.util.HashMap.getNode(ILjava/lang/Object;)Ljava/util/HashMap$Node; @ 129
Event: 1.654 Thread 0x0000000057915800 Uncommon trap: reason=unstable_if action=reinterpret pc=0x0000000003294240 method=com.android.dx.rop.code.RegisterSpec.equals(ILcom/android/dx/rop/type/TypeBearer;Lcom/android/dx/rop/code/LocalItem;)Z @ 42
Event: 1.658 Thread 0x0000000057915800 Uncommon trap: reason=unstable_if action=reinterpret pc=0x0000000003190960 method=java.util.BitSet.nextSetBit(I)I @ 87
Event: 3.357 Thread 0x000000000290e000 Uncommon trap: reason=unstable_if action=reinterpret pc=0x00000000030cd998 method=java.lang.String.startsWith(Ljava/lang/String;I)Z @ 25

Internal exceptions (2 events):
Event: 0.289 Thread 0x000000000290e000 Exception <a 'java/lang/NoSuchMethodError': Method sun.misc.Unsafe.defineClass(Ljava/lang/String;[BII)Ljava/lang/Class; name or signature does not match> (0x00000000eab13048) thrown at [C:\workspace\8-2-build-windows-amd64-cygwin\jdk8u65\4987\hotspot\src\sîrŒûÚ~Ò?
Event: 0.289 Thread 0x000000000290e000 Exception <a 'java/lang/NoSuchMethodError': Method sun.misc.Unsafe.prefetchRead(Ljava/lang/Object;J)V name or signature does not match> (0x00000000eab13330) thrown at [C:\workspace\8-2-build-windows-amd64-cygwin\jdk8u65\4987\hotspot\src\share\vm\prims\jni.

Events (10 events):
Event: 1.658 Thread 0x0000000057915800 DEOPT UNPACKING pc=0x0000000002fa582a sp=0x000000005864ea18 mode 2
Event: 1.944 Executing VM operation: ParallelGCFailedAllocation
Event: 1.967 Executing VM operation: ParallelGCFailedAllocation done
Event: 3.357 Thread 0x000000000290e000 Uncommon trap: trap_request=0xffffff65 fr.pc=0x00000000030cd998
Event: 3.357 Thread 0x000000000290e000 DEOPT PACKING pc=0x00000000030cd998 sp=0x0000000002c8ebc0
Event: 3.357 Thread 0x000000000290e000 DEOPT UNPACKING pc=0x0000000002fa582a sp=0x0000000002c8eb38 mode 2
Event: 4.106 loading class com/android/dx/cf/attrib/AttAnnotationDefault
Event: 4.106 loading class com/android/dx/cf/attrib/AttAnnotationDefault done
Event: 4.472 Executing VM operation: EnableBiasedLocking
Event: 4.472 Executing VM operation: EnableBiasedLocking done


Dynamic libraries:
0x000000013f9c0000 - 0x000000013f9f7000 	C:\Program Files\Java\jdk1.8.0_65\bin\java.exe
0x00000000777f0000 - 0x0000000077999000 	C:\Windows\SYSTEM32\ntdll.dll
0x00000000775d0000 - 0x00000000776ef000 	C:\Windows\system32\kernel32.dll
0x000007fefd8e0000 - 0x000007fefd94b000 	C:\Windows\system32\KERNELBASE.dll
0x000007feff780000 - 0x000007feff85b000 	C:\Windows\system32\ADVAPI32.dll
0x000007feff400000 - 0x000007feff49f000 	C:\Windows\system32\msvcrt.dll
0x000007feff360000 - 0x000007feff37f000 	C:\Windows\SYSTEM32\sechost.dll
0x000007fefdbf0000 - 0x000007fefdd1d000 	C:\Windows\system32\RPCRT4.dll
0x00000000776f0000 - 0x00000000777ea000 	C:\Windows\system32\USER32.dll
0x000007fefe150000 - 0x000007fefe1b7000 	C:\Windows\system32\GDI32.dll
0x000007fefdd20000 - 0x000007fefdd2e000 	C:\Windows\system32\LPK.dll
0x000007feff5a0000 - 0x000007feff669000 	C:\Windows\system32\USP10.dll
0x000007fefc010000 - 0x000007fefc204000 	C:\Windows\WinSxS\amd64_microsoft.windows.common-controls_6595b64144ccf1df_6.0.7601.17514_none_fa396087175ac9ac\COMCTL32.dll
0x000007feff380000 - 0x000007feff3f1000 	C:\Windows\system32\SHLWAPI.dll
0x000007fefdd30000 - 0x000007fefdd5e000 	C:\Windows\system32\IMM32.DLL
0x000007feff670000 - 0x000007feff779000 	C:\Windows\system32\MSCTF.dll
0x000007fefd380000 - 0x000007fefd416000 	C:\Windows\system32\guard64.dll
0x000007feff150000 - 0x000007feff353000 	C:\Windows\system32\ole32.dll
0x00000000779c0000 - 0x00000000779c7000 	C:\Windows\system32\PSAPI.DLL
0x000007fefd370000 - 0x000007fefd37c000 	C:\Windows\system32\VERSION.dll
0x000007fefd330000 - 0x000007fefd339000 	C:\Windows\system32\fltlib.dll
0x0000000071e20000 - 0x0000000071ef2000 	C:\Program Files\Java\jdk1.8.0_65\jre\bin\msvcr100.dll
0x000000006d870000 - 0x000000006e0f9000 	C:\Program Files\Java\jdk1.8.0_65\jre\bin\server\jvm.dll
0x000007fefbfe0000 - 0x000007fefbfe9000 	C:\Windows\system32\WSOCK32.dll
0x000007feff860000 - 0x000007feff8ad000 	C:\Windows\system32\WS2_32.dll
0x000007fefdbe0000 - 0x000007fefdbe8000 	C:\Windows\system32\NSI.dll
0x000007fefb720000 - 0x000007fefb75b000 	C:\Windows\system32\WINMM.dll
0x0000000074590000 - 0x000000007459f000 	C:\Program Files\Java\jdk1.8.0_65\jre\bin\verify.dll
0x0000000074560000 - 0x0000000074589000 	C:\Program Files\Java\jdk1.8.0_65\jre\bin\java.dll
0x0000000074540000 - 0x0000000074556000 	C:\Program Files\Java\jdk1.8.0_65\jre\bin\zip.dll
0x00000000563c0000 - 0x0000000057148000 	C:\Windows\system32\SHELL32.dll
0x000007fefd5c0000 - 0x000007fefd5cf000 	C:\Windows\system32\profapi.dll

VM Arguments:
jvm_args: -Djava.awt.headless=true -Xmx1024M -Dfile.encoding=windows-1251 -Duser.country=RU -Duser.language=ru -Duser.variant 
java_command: com.android.dx.command.Main --dex --num-threads=4 --output D:\Programs\Bool_SherlokHolmes\app\build\intermediates\pre-dexed\debug\junit-4.12_228293e9d2d2efddbec34200c1d2f65f07cd26f2.jar C:\Users\tsar\.gradle\caches\modules-2\files-2.1\junit\junit\4.12\2973d150c0dc1fefe998f834810d68f278ea58ec\junit-4.12.jar
java_class_path (initial): D:\Programs\android-sdk-windows-1.6_r1\build-tools\23.0.2\lib\dx.jar
Launcher Type: SUN_STANDARD

Environment Variables:
PATH=C:\ProgramData\Oracle\Java\javapath;C:\Program Files (x86)\Intel\iCLS Client\;C:\Program Files\Intel\iCLS Client\;C:\Windows\system32;C:\Windows;C:\Windows\System32\Wbem;C:\Windows\System32\WindowsPowerShell\v1.0\;C:\Program Files\Intel\Intel(R) Management Engine Components\DAL;C:\Program Files\Intel\Intel(R) Management Engine Components\IPT;C:\Program Files (x86)\Intel\Intel(R) Management Engine Components\DAL;C:\Program Files (x86)\Intel\Intel(R) Management Engine Components\IPT
USERNAME=tsar
OS=Windows_NT
PROCESSOR_IDENTIFIER=Intel64 Family 6 Model 42 Stepping 7, GenuineIntel



---------------  S Y S T E M  ---------------

OS: Windows 7 , 64 bit Build 7601 (6.1.7601.18015)

CPU:total 2 (2 cores per cpu, 1 threads per core) family 6 model 42 stepping 7, cmov, cx8, fxsr, mmx, sse, sse2, sse3, ssse3, sse4.1, sse4.2, popcnt, clmul, tsc, tscinvbit

Memory: 4k page, physical 3023216k(202828k free), swap 4045356k(5212k free)

vm_info: Java HotSpot(TM) 64-Bit Server VM (25.65-b01) for windows-amd64 JRE (1.8.0_65-b17), built on Oct  6 2015 16:39:20 by "java_re" with MS VC++ 10.0 (VS2010)

time: Mon Dec 28 22:17:48 2015
elapsed time: 6 seconds (0d 0h 0m 6s)

