#
# A fatal error has been detected by the Java Runtime Environment:
#
#  Internal Error (0xc06d007e), pid=1564, tid=4452
#
# JRE version:  (8.0_65-b17) (build )
# Java VM: Java HotSpot(TM) 64-Bit Server VM (25.65-b01 mixed mode windows-amd64 compressed oops)
# Problematic frame:
# C  [KERNELBASE.dll+0x9e5d]
#
# Failed to write core dump. Minidumps are not enabled by default on client versions of Windows
#
# If you would like to submit a bug report, please visit:
#   http://bugreport.java.com/bugreport/crash.jsp
# The crash happened outside the Java Virtual Machine in native code.
# See problematic frame for where to report the bug.
#

---------------  T H R E A D  ---------------

Current thread (0x000000000250d800):  JavaThread "main" [_thread_in_native, id=4452, stack(0x0000000002bf0000,0x0000000002cf0000)]

siginfo: ExceptionCode=0xc06d007e, ExceptionInformation=0x0000000002cee870 

Registers:
RAX=0x0000000075305d53, RBX=0x0000000000000000, RCX=0x0000000002cee170, RDX=0x0000000000000160
RSP=0x0000000002cee780, RBP=0x0000000002cee8c8, RSI=0x0000000073c9d86c, RDI=0x0000000000000000
R8 =0x0000000000000000, R9 =0x0000000000000000, R10=0x00000000c000012d, R11=0x0000000002cee7c0
R12=0x0000000000000001, R13=0x0000000073ca5780, R14=0x0000000073ca5510, R15=0x0000000073c9d8f8
RIP=0x000007fefd5b9e5d, EFLAGS=0x0000000000000206

Top of Stack: (sp=0x0000000002cee780)
0x0000000002cee780:   0000000000000000 0000000073c9d86c
0x0000000002cee790:   0000000000000000 0000000077475628
0x0000000002cee7a0:   00000000c06d007e 0000000000000000
0x0000000002cee7b0:   000007fefd5b9e5d 0000000000000001
0x0000000002cee7c0:   0000000002cee870 000007fefd5bbc0f
0x0000000002cee7d0:   0000000000000000 0000000002cee8c8
0x0000000002cee7e0:   0000000073c9d86c 0000000000000000
0x0000000002cee7f0:   0000000000000000 0000000000000000
0x0000000002cee800:   00000000000c000b 0000000073c9cb40
0x0000000002cee810:   0000000000000000 00000000772170a4
0x0000000002cee820:   0000000073c9cb40 0000000072804e7e
0x0000000002cee830:   0000000073c9b6cc 00000000727d5695
0x0000000002cee840:   0000000000000000 0000000073c98867
0x0000000002cee850:   0000000000000040 0000000000000000
0x0000000002cee860:   0000000000000001 00000000728038a8
0x0000000002cee870:   0000000000000048 0000000073c9d86c 

Instructions: (pc=0x000007fefd5b9e5d)
0x000007fefd5b9e3d:   54 24 24 48 89 4c 24 28 4d 85 c9 0f 85 3a 0a 00
0x000007fefd5b9e4d:   00 89 4c 24 38 48 8d 4c 24 20 ff 15 43 14 04 00
0x000007fefd5b9e5d:   48 81 c4 c8 00 00 00 c3 90 90 90 90 90 90 90 90
0x000007fefd5b9e6d:   90 90 90 48 89 5c 24 08 57 48 83 ec 20 48 8b d9 


Register to memory mapping:

RAX=0x0000000075305d53 is an unknown value
RBX=0x0000000000000000 is an unknown value
RCX=0x0000000002cee170 is pointing into the stack for thread: 0x000000000250d800
RDX=0x0000000000000160 is an unknown value
RSP=0x0000000002cee780 is pointing into the stack for thread: 0x000000000250d800
RBP=0x0000000002cee8c8 is pointing into the stack for thread: 0x000000000250d800
RSI=0x0000000073c9d86c is an unknown value
RDI=0x0000000000000000 is an unknown value
R8 =0x0000000000000000 is an unknown value
R9 =0x0000000000000000 is an unknown value
R10=
[error occurred during error reporting (printing register info), id 0xc0000005]

Stack: [0x0000000002bf0000,0x0000000002cf0000],  sp=0x0000000002cee780,  free space=1017k
Native frames: (J=compiled Java code, j=interpreted, Vv=VM code, C=native code)
C  [KERNELBASE.dll+0x9e5d]
C  [java.dll+0x18867]
C  [java.dll+0x18693]
C  [java.dll+0xd26a]
C  [java.dll+0xd9a0]
C  [java.dll+0x66d8]
C  0x0000000002fd5854

Java frames: (J=compiled Java code, j=interpreted, Vv=VM code)
j  java.lang.System.initProperties(Ljava/util/Properties;)Ljava/util/Properties;+0
j  java.lang.System.initializeSystemClass()V+13
v  ~StubRoutines::call_stub

---------------  P R O C E S S  ---------------

Java Threads: ( => current thread )
  0x000000005539c000 JavaThread "Finalizer" daemon [_thread_blocked, id=2756, stack(0x0000000056320000,0x0000000056420000)]
  0x0000000055392800 JavaThread "Reference Handler" daemon [_thread_blocked, id=5184, stack(0x0000000056070000,0x0000000056170000)]
=>0x000000000250d800 JavaThread "main" [_thread_in_native, id=4452, stack(0x0000000002bf0000,0x0000000002cf0000)]

Other Threads:
  0x000000005538d000 VMThread [stack: 0x0000000055ee0000,0x0000000055fe0000] [id=2524]

VM state:not at safepoint (normal execution)

VM Mutex/Monitor currently owned by a thread: None

Heap:
 PSYoungGen      total 14336K, used 491K [0x00000000eab00000, 0x00000000ebb00000, 0x0000000100000000)
  eden space 12288K, 4% used [0x00000000eab00000,0x00000000eab7aed0,0x00000000eb700000)
  from space 2048K, 0% used [0x00000000eb900000,0x00000000eb900000,0x00000000ebb00000)
  to   space 2048K, 0% used [0x00000000eb700000,0x00000000eb700000,0x00000000eb900000)
 ParOldGen       total 32768K, used 0K [0x00000000c0000000, 0x00000000c2000000, 0x00000000eab00000)
  object space 32768K, 0% used [0x00000000c0000000,0x00000000c0000000,0x00000000c2000000)
 Metaspace       used 959K, capacity 4480K, committed 4480K, reserved 1056768K
  class space    used 99K, capacity 384K, committed 384K, reserved 1048576K

Card table byte_map: [0x0000000012380000,0x0000000012590000] byte_map_base: 0x0000000011d80000

Marking Bits: (ParMarkBitMap*) 0x000000007238a5b0
 Begin Bits: [0x0000000012860000, 0x0000000013860000)
 End Bits:   [0x0000000013860000, 0x0000000014860000)

Polling page: 0x0000000002290000

CodeCache: size=245760Kb used=401Kb max_used=401Kb free=245359Kb
 bounds [0x0000000002fc0000, 0x0000000003230000, 0x0000000011fc0000]
 total_blobs=98 nmethods=0 adapters=73
 compilation: enabled

Compilation events (0 events):
No events

GC Heap History (0 events):
No events

Deoptimization events (0 events):
No events

Internal exceptions (0 events):
No events

Events (10 events):
Event: 2.234 loading class java/lang/ref/Finalizer$FinalizerThread done
Event: 2.235 Thread 0x000000005539c000 Thread added: 0x000000005539c000
Event: 2.235 loading class sun/misc/VM
Event: 2.235 loading class sun/misc/VM done
Event: 2.235 loading class java/util/Hashtable$Entry
Event: 2.235 loading class java/util/Map$Entry
Event: 2.235 loading class java/util/Map$Entry done
Event: 2.235 loading class java/util/Hashtable$Entry done
Event: 2.235 loading class java/lang/Math
Event: 2.247 loading class java/lang/Math done


Dynamic libraries:
0x000000013f160000 - 0x000000013f197000 	C:\Program Files\Java\jdk1.8.0_65\bin\java.exe
0x0000000077420000 - 0x00000000775c9000 	C:\Windows\SYSTEM32\ntdll.dll
0x0000000077200000 - 0x000000007731f000 	C:\Windows\system32\kernel32.dll
0x000007fefd5b0000 - 0x000007fefd61b000 	C:\Windows\system32\KERNELBASE.dll
0x000007feff5a0000 - 0x000007feff67b000 	C:\Windows\system32\ADVAPI32.dll
0x000007fefead0000 - 0x000007fefeb6f000 	C:\Windows\system32\msvcrt.dll
0x000007fefd630000 - 0x000007fefd64f000 	C:\Windows\SYSTEM32\sechost.dll
0x000007feff470000 - 0x000007feff59d000 	C:\Windows\system32\RPCRT4.dll
0x0000000077320000 - 0x000000007741a000 	C:\Windows\system32\USER32.dll
0x000007fefd650000 - 0x000007fefd6b7000 	C:\Windows\system32\GDI32.dll
0x000007fefd7c0000 - 0x000007fefd7ce000 	C:\Windows\system32\LPK.dll
0x000007fefe560000 - 0x000007fefe629000 	C:\Windows\system32\USP10.dll
0x000007fefbdb0000 - 0x000007fefbfa4000 	C:\Windows\WinSxS\amd64_microsoft.windows.common-controls_6595b64144ccf1df_6.0.7601.17514_none_fa396087175ac9ac\COMCTL32.dll
0x000007feff030000 - 0x000007feff0a1000 	C:\Windows\system32\SHLWAPI.dll
0x000007feff680000 - 0x000007feff6ae000 	C:\Windows\system32\IMM32.DLL
0x000007feff310000 - 0x000007feff419000 	C:\Windows\system32\MSCTF.dll
0x000007fefcf80000 - 0x000007fefd016000 	C:\Windows\system32\guard64.dll
0x000007fefe8c0000 - 0x000007fefeac3000 	C:\Windows\system32\ole32.dll
0x00000000775f0000 - 0x00000000775f7000 	C:\Windows\system32\PSAPI.DLL
0x000007fefcf70000 - 0x000007fefcf7c000 	C:\Windows\system32\VERSION.dll
0x000007fefcf60000 - 0x000007fefcf69000 	C:\Windows\system32\fltlib.dll
0x00000000727b0000 - 0x0000000072882000 	C:\Program Files\Java\jdk1.8.0_65\jre\bin\msvcr100.dll
0x0000000071b80000 - 0x0000000072409000 	C:\Program Files\Java\jdk1.8.0_65\jre\bin\server\jvm.dll
0x000007fef3180000 - 0x000007fef3189000 	C:\Windows\system32\WSOCK32.dll
0x000007feff420000 - 0x000007feff46d000 	C:\Windows\system32\WS2_32.dll
0x000007fefef80000 - 0x000007fefef88000 	C:\Windows\system32\NSI.dll
0x000007fefba20000 - 0x000007fefba5b000 	C:\Windows\system32\WINMM.dll
0x0000000073cb0000 - 0x0000000073cbf000 	C:\Program Files\Java\jdk1.8.0_65\jre\bin\verify.dll
0x0000000073c80000 - 0x0000000073ca9000 	C:\Program Files\Java\jdk1.8.0_65\jre\bin\java.dll
0x0000000073c60000 - 0x0000000073c76000 	C:\Program Files\Java\jdk1.8.0_65\jre\bin\zip.dll
0x000007fefbac0000 - 0x000007fefbbe5000 	C:\Windows\system32\dbghelp.dll

VM Arguments:
jvm_args: -Djava.awt.headless=true -Xmx1024M -Dfile.encoding=windows-1251 -Duser.country=RU -Duser.language=ru -Duser.variant 
java_command: com.android.dx.command.Main --dex --num-threads=4 --output D:\Programs\Bool_SherlokHolmes\app\build\intermediates\pre-dexed\debug\debug_f4a0bdf7ad08a98edf8434b9e87b2a7162118113.jar D:\Programs\Bool_SherlokHolmes\app\build\intermediates\classes\debug
java_class_path (initial): D:\Programs\android-sdk-windows-1.6_r1\build-tools\23.0.2\lib\dx.jar
Launcher Type: SUN_STANDARD

Environment Variables:
PATH=C:\ProgramData\Oracle\Java\javapath;C:\Program Files (x86)\Intel\iCLS Client\;C:\Program Files\Intel\iCLS Client\;C:\Windows\system32;C:\Windows;C:\Windows\System32\Wbem;C:\Windows\System32\WindowsPowerShell\v1.0\;C:\Program Files\Intel\Intel(R) Management Engine Components\DAL;C:\Program Files\Intel\Intel(R) Management Engine Components\IPT;C:\Program Files (x86)\Intel\Intel(R) Management Engine Components\DAL;C:\Program Files (x86)\Intel\Intel(R) Management Engine Components\IPT
USERNAME=tsar
OS=Windows_NT
PROCESSOR_IDENTIFIER=Intel64 Family 6 Model 42 Stepping 7, GenuineIntel



---------------  S Y S T E M  ---------------

OS: Windows 7 , 64 bit Build 7601 (6.1.7601.18015)

CPU:total 2 (2 cores per cpu, 1 threads per core) family 6 model 42 stepping 7, cmov, cx8, fxsr, mmx, sse, sse2, sse3, ssse3, sse4.1, sse4.2, popcnt, clmul, tsc, tscinvbit

Memory: 4k page, physical 3023216k(231380k free), swap 4045356k(60692k free)

vm_info: Java HotSpot(TM) 64-Bit Server VM (25.65-b01) for windows-amd64 JRE (1.8.0_65-b17), built on Oct  6 2015 16:39:20 by "java_re" with MS VC++ 10.0 (VS2010)

time: Fri Dec 18 18:11:04 2015
elapsed time: 4 seconds (0d 0h 0m 4s)

