#
# There is insufficient memory for the Java Runtime Environment to continue.
# Native memory allocation (malloc) failed to allocate 682176 bytes for Chunk::new
# Possible reasons:
#   The system is out of physical RAM or swap space
#   In 32 bit mode, the process size limit was hit
# Possible solutions:
#   Reduce memory load on the system
#   Increase physical memory or swap space
#   Check if swap backing store is full
#   Use 64 bit Java on a 64 bit OS
#   Decrease Java heap size (-Xmx/-Xms)
#   Decrease number of Java threads
#   Decrease Java thread stack sizes (-Xss)
#   Set larger code cache with -XX:ReservedCodeCacheSize=
# This output file may be truncated or incomplete.
#
#  Out of Memory Error (allocation.cpp:390), pid=2220, tid=1324
#
# JRE version: Java(TM) SE Runtime Environment (8.0_65-b17) (build 1.8.0_65-b17)
# Java VM: Java HotSpot(TM) 64-Bit Server VM (25.65-b01 mixed mode windows-amd64 compressed oops)
# Failed to write core dump. Minidumps are not enabled by default on client versions of Windows
#

---------------  T H R E A D  ---------------

Current thread (0x0000000056435000):  JavaThread "C2 CompilerThread0" daemon [_thread_in_native, id=1324, stack(0x0000000057510000,0x0000000057610000)]

Stack: [0x0000000057510000,0x0000000057610000]
[error occurred during error reporting (printing stack bounds), id 0xc0000005]

Native frames: (J=compiled Java code, j=interpreted, Vv=VM code, C=native code)


Current CompileTask:
C2:   4323 1249       4       com.android.dx.ssa.SCCP::simulateStmt (481 bytes)


---------------  P R O C E S S  ---------------

Java Threads: ( => current thread )
  0x0000000057c1e000 JavaThread "pool-1-thread-4" [_thread_blocked, id=4920, stack(0x00000000570a0000,0x00000000571a0000)]
  0x0000000057bbf800 JavaThread "pool-1-thread-3" [_thread_blocked, id=3272, stack(0x00000000583f0000,0x00000000584f0000)]
  0x0000000057bbc000 JavaThread "pool-1-thread-2" [_thread_blocked, id=4288, stack(0x00000000582c0000,0x00000000583c0000)]
  0x0000000057bb0800 JavaThread "pool-2-thread-1" [_thread_blocked, id=3700, stack(0x0000000057db0000,0x0000000057eb0000)]
  0x0000000057bae800 JavaThread "pool-1-thread-1" [_thread_in_Java, id=2256, stack(0x00000000580d0000,0x00000000581d0000)]
  0x000000005644a000 JavaThread "Service Thread" daemon [_thread_blocked, id=3672, stack(0x00000000578a0000,0x00000000579a0000)]
  0x0000000056439000 JavaThread "C1 CompilerThread1" daemon [_thread_blocked, id=2088, stack(0x0000000057750000,0x0000000057850000)]
=>0x0000000056435000 JavaThread "C2 CompilerThread0" daemon [_thread_in_native, id=1324, stack(0x0000000057510000,0x0000000057610000)]
  0x0000000056433800 JavaThread "Attach Listener" daemon [_thread_blocked, id=3300, stack(0x0000000057350000,0x0000000057450000)]
  0x0000000056441000 JavaThread "Signal Dispatcher" daemon [_thread_blocked, id=3660, stack(0x00000000571e0000,0x00000000572e0000)]
  0x00000000563dc000 JavaThread "Finalizer" daemon [_thread_blocked, id=3736, stack(0x0000000056f90000,0x0000000057090000)]
  0x00000000563d3000 JavaThread "Reference Handler" daemon [_thread_blocked, id=3352, stack(0x0000000056e80000,0x0000000056f80000)]
  0x000000000383e000 JavaThread "main" [_thread_blocked, id=1412, stack(0x0000000003a60000,0x0000000003b60000)]

Other Threads:
  0x00000000563cd000 VMThread [stack: 0x0000000056cf0000,0x0000000056df0000] [id=4864]
  0x00000000579c8000 WatcherThread [stack: 0x0000000057ed0000,0x0000000057fd0000] [id=4604]

VM state:not at safepoint (normal execution)

VM Mutex/Monitor currently owned by a thread: None

Heap:
 PSYoungGen      total 14336K, used 6722K [0x00000000eab00000, 0x00000000ebb00000, 0x0000000100000000)
  eden space 12288K, 38% used [0x00000000eab00000,0x00000000eaf92c98,0x00000000eb700000)
  from space 2048K, 99% used [0x00000000eb900000,0x00000000ebafdc78,0x00000000ebb00000)
  to   space 2048K, 0% used [0x00000000eb700000,0x00000000eb700000,0x00000000eb900000)
 ParOldGen       total 32768K, used 2637K [0x00000000c0000000, 0x00000000c2000000, 0x00000000eab00000)
  object space 32768K, 8% used [0x00000000c0000000,0x00000000c02936f0,0x00000000c2000000)
 Metaspace       used 6002K, capacity 6896K, committed 7040K, reserved 1056768K
  class space    used 595K, capacity 616K, committed 640K, reserved 1048576K

Card table byte_map: [0x00000000131f0000,0x0000000013400000] byte_map_base: 0x0000000012bf0000

Marking Bits: (ParMarkBitMap*) 0x000000006c3ba5b0
 Begin Bits: [0x00000000138a0000, 0x00000000148a0000)
 End Bits:   [0x00000000148a0000, 0x00000000158a0000)

Polling page: 0x00000000021e0000

CodeCache: size=245760Kb used=4977Kb max_used=4977Kb free=240782Kb
 bounds [0x0000000003e30000, 0x0000000004310000, 0x0000000012e30000]
 total_blobs=1521 nmethods=1253 adapters=182
 compilation: enabled

Compilation events (10 events):
Event: 4.296 Thread 0x0000000056439000 1254       3       com.android.dx.rop.code.AccessFlags::isAbstract (14 bytes)
Event: 4.297 Thread 0x0000000056439000 nmethod 1254 0x000000000430bd50 code [0x000000000430bea0, 0x000000000430c030]
Event: 4.298 Thread 0x0000000056439000 1255       3       com.android.dx.rop.code.AccessFlags::isSynchronized (13 bytes)
Event: 4.298 Thread 0x0000000056439000 nmethod 1255 0x000000000430c0d0 code [0x000000000430c220, 0x000000000430c3b0]
Event: 4.298 Thread 0x0000000056439000 1256       3       com.android.dx.dex.file.EncodedMethod::<init> (68 bytes)
Event: 4.299 Thread 0x0000000056439000 nmethod 1256 0x000000000430c450 code [0x000000000430c5e0, 0x000000000430ca98]
Event: 4.299 Thread 0x0000000056439000 1257       3       com.android.dx.dex.cf.AttributeTranslator::getMethodAnnotations (37 bytes)
Event: 4.300 Thread 0x0000000056439000 nmethod 1257 0x000000000430cc50 code [0x000000000430cf40, 0x000000000430e4f8]
Event: 4.300 Thread 0x0000000056439000 1258       3       com.android.dx.dex.cf.AttributeTranslator::getParameterAnnotations (69 bytes)
Event: 4.300 Thread 0x0000000056439000 nmethod 1258 0x000000000430f150 code [0x000000000430f360, 0x000000000430fcb8]

GC Heap History (4 events):
Event: 3.476 GC heap before
{Heap before GC invocations=1 (full 0):
 PSYoungGen      total 14336K, used 12288K [0x00000000eab00000, 0x00000000ebb00000, 0x0000000100000000)
  eden space 12288K, 100% used [0x00000000eab00000,0x00000000eb700000,0x00000000eb700000)
  from space 2048K, 0% used [0x00000000eb900000,0x00000000eb900000,0x00000000ebb00000)
  to   space 2048K, 0% used [0x00000000eb700000,0x00000000eb700000,0x00000000eb900000)
 ParOldGen       total 32768K, used 0K [0x00000000c0000000, 0x00000000c2000000, 0x00000000eab00000)
  object space 32768K, 0% used [0x00000000c0000000,0x00000000c0000000,0x00000000c2000000)
 Metaspace       used 5423K, capacity 6448K, committed 6528K, reserved 1056768K
  class space    used 591K, capacity 616K, committed 640K, reserved 1048576K
Event: 3.481 GC heap after
Heap after GC invocations=1 (full 0):
 PSYoungGen      total 14336K, used 2039K [0x00000000eab00000, 0x00000000ebb00000, 0x0000000100000000)
  eden space 12288K, 0% used [0x00000000eab00000,0x00000000eab00000,0x00000000eb700000)
  from space 2048K, 99% used [0x00000000eb700000,0x00000000eb8fdc78,0x00000000eb900000)
  to   space 2048K, 0% used [0x00000000eb900000,0x00000000eb900000,0x00000000ebb00000)
 ParOldGen       total 32768K, used 1195K [0x00000000c0000000, 0x00000000c2000000, 0x00000000eab00000)
  object space 32768K, 3% used [0x00000000c0000000,0x00000000c012ac60,0x00000000c2000000)
 Metaspace       used 5423K, capacity 6448K, committed 6528K, reserved 1056768K
  class space    used 591K, capacity 616K, committed 640K, reserved 1048576K
}
Event: 4.122 GC heap before
{Heap before GC invocations=2 (full 0):
 PSYoungGen      total 14336K, used 14327K [0x00000000eab00000, 0x00000000ebb00000, 0x0000000100000000)
  eden space 12288K, 100% used [0x00000000eab00000,0x00000000eb700000,0x00000000eb700000)
  from space 2048K, 99% used [0x00000000eb700000,0x00000000eb8fdc78,0x00000000eb900000)
  to   space 2048K, 0% used [0x00000000eb900000,0x00000000eb900000,0x00000000ebb00000)
 ParOldGen       total 32768K, used 1195K [0x00000000c0000000, 0x00000000c2000000, 0x00000000eab00000)
  object space 32768K, 3% used [0x00000000c0000000,0x00000000c012ac60,0x00000000c2000000)
 Metaspace       used 5881K, capacity 6832K, committed 7040K, reserved 1056768K
  class space    used 595K, capacity 616K, committed 640K, reserved 1048576K
Event: 4.132 GC heap after
Heap after GC invocations=2 (full 0):
 PSYoungGen      total 14336K, used 2039K [0x00000000eab00000, 0x00000000ebb00000, 0x0000000100000000)
  eden space 12288K, 0% used [0x00000000eab00000,0x00000000eab00000,0x00000000eb700000)
  from space 2048K, 99% used [0x00000000eb900000,0x00000000ebafdc78,0x00000000ebb00000)
  to   space 2048K, 0% used [0x00000000eb700000,0x00000000eb700000,0x00000000eb900000)
 ParOldGen       total 32768K, used 2637K [0x00000000c0000000, 0x00000000c2000000, 0x00000000eab00000)
  object space 32768K, 8% used [0x00000000c0000000,0x00000000c02936f0,0x00000000c2000000)
 Metaspace       used 5881K, capacity 6832K, committed 7040K, reserved 1056768K
  class space    used 595K, capacity 616K, committed 640K, reserved 1048576K
}

Deoptimization events (3 events):
Event: 3.622 Thread 0x0000000057bbf800 Uncommon trap: reason=unstable_if action=reinterpret pc=0x0000000004059ee0 method=java.util.HashMap.getNode(ILjava/lang/Object;)Ljava/util/HashMap$Node; @ 129
Event: 3.711 Thread 0x0000000057bbf800 Uncommon trap: reason=unstable_if action=reinterpret pc=0x000000000405f9b4 method=java.util.HashMap.getNode(ILjava/lang/Object;)Ljava/util/HashMap$Node; @ 129
Event: 4.087 Thread 0x0000000057c1e000 Uncommon trap: reason=unstable_if action=reinterpret pc=0x00000000042254ac method=com.android.dx.util.IntList.binarysearch(I)I @ 105

Internal exceptions (2 events):
Event: 0.444 Thread 0x000000000383e000 Exception <a 'java/lang/NoSuchMethodError': Method sun.misc.Unsafe.defineClass(Ljava/lang/String;[BII)Ljava/lang/Class; name or signature does not match> (0x00000000eab12fc8) thrown at [C:\workspace\8-2-build-windows-amd64-cygwin\jdk8u65\4987\hotspot\src\s›dû∂¥h‹?
Event: 0.444 Thread 0x000000000383e000 Exception <a 'java/lang/NoSuchMethodError': Method sun.misc.Unsafe.prefetchRead(Ljava/lang/Object;J)V name or signature does not match> (0x00000000eab132b0) thrown at [C:\workspace\8-2-build-windows-amd64-cygwin\jdk8u65\4987\hotspot\src\share\vm\prims\jni.

Events (10 events):
Event: 3.711 Thread 0x0000000057bbf800 DEOPT UNPACKING pc=0x0000000003e7582a sp=0x00000000584ee890 mode 2
Event: 3.981 Executing VM operation: ForceSafepoint
Event: 3.981 Executing VM operation: ForceSafepoint done
Event: 4.087 Thread 0x0000000057c1e000 Uncommon trap: trap_request=0xffffff65 fr.pc=0x00000000042254ac
Event: 4.087 Thread 0x0000000057c1e000 DEOPT PACKING pc=0x00000000042254ac sp=0x000000005719e8f0
Event: 4.087 Thread 0x0000000057c1e000 DEOPT UNPACKING pc=0x0000000003e7582a sp=0x000000005719e868 mode 2
Event: 4.122 Executing VM operation: ParallelGCFailedAllocation
Event: 4.132 Executing VM operation: ParallelGCFailedAllocation done
Event: 4.162 loading class java/util/DualPivotQuicksort
Event: 4.162 loading class java/util/DualPivotQuicksort done


Dynamic libraries:
0x000000013fd30000 - 0x000000013fd67000 	C:\Program Files\Java\jdk1.8.0_65\bin\java.exe
0x0000000077670000 - 0x0000000077819000 	C:\Windows\SYSTEM32\ntdll.dll
0x0000000077450000 - 0x000000007756f000 	C:\Windows\system32\kernel32.dll
0x000007fefd640000 - 0x000007fefd6ab000 	C:\Windows\system32\KERNELBASE.dll
0x000007fefe690000 - 0x000007fefe76b000 	C:\Windows\system32\ADVAPI32.dll
0x000007feff1f0000 - 0x000007feff28f000 	C:\Windows\system32\msvcrt.dll
0x000007feff290000 - 0x000007feff2af000 	C:\Windows\SYSTEM32\sechost.dll
0x000007feff3f0000 - 0x000007feff51d000 	C:\Windows\system32\RPCRT4.dll
0x0000000077570000 - 0x000000007766a000 	C:\Windows\system32\USER32.dll
0x000007feff530000 - 0x000007feff597000 	C:\Windows\system32\GDI32.dll
0x000007feff1e0000 - 0x000007feff1ee000 	C:\Windows\system32\LPK.dll
0x000007fefefa0000 - 0x000007feff069000 	C:\Windows\system32\USP10.dll
0x000007fefbe90000 - 0x000007fefc084000 	C:\Windows\WinSxS\amd64_microsoft.windows.common-controls_6595b64144ccf1df_6.0.7601.17514_none_fa396087175ac9ac\COMCTL32.dll
0x000007feff0a0000 - 0x000007feff111000 	C:\Windows\system32\SHLWAPI.dll
0x000007feff070000 - 0x000007feff09e000 	C:\Windows\system32\IMM32.DLL
0x000007feff5a0000 - 0x000007feff6a9000 	C:\Windows\system32\MSCTF.dll
0x000007fefd200000 - 0x000007fefd296000 	C:\Windows\system32\guard64.dll
0x000007fefe770000 - 0x000007fefe973000 	C:\Windows\system32\ole32.dll
0x0000000077830000 - 0x0000000077837000 	C:\Windows\system32\PSAPI.DLL
0x000007fefd1f0000 - 0x000007fefd1fc000 	C:\Windows\system32\VERSION.dll
0x000007fefd1d0000 - 0x000007fefd1d9000 	C:\Windows\system32\fltlib.dll
0x000000006aa20000 - 0x000000006aaf2000 	C:\Program Files\Java\jdk1.8.0_65\jre\bin\msvcr100.dll
0x000000006bbb0000 - 0x000000006c439000 	C:\Program Files\Java\jdk1.8.0_65\jre\bin\server\jvm.dll
0x000007fef9fe0000 - 0x000007fef9fe9000 	C:\Windows\system32\WSOCK32.dll
0x0000000002190000 - 0x00000000021dd000 	C:\Windows\system32\WS2_32.dll
0x000007feff520000 - 0x000007feff528000 	C:\Windows\system32\NSI.dll
0x000007fefb390000 - 0x000007fefb3cb000 	C:\Windows\system32\WINMM.dll
0x0000000070c00000 - 0x0000000070c0f000 	C:\Program Files\Java\jdk1.8.0_65\jre\bin\verify.dll
0x000000006caa0000 - 0x000000006cac9000 	C:\Program Files\Java\jdk1.8.0_65\jre\bin\java.dll
0x000000006ca80000 - 0x000000006ca96000 	C:\Program Files\Java\jdk1.8.0_65\jre\bin\zip.dll
0x000007fefd900000 - 0x000007fefe688000 	C:\Windows\system32\SHELL32.dll
0x000007fefd440000 - 0x000007fefd44f000 	C:\Windows\system32\profapi.dll

VM Arguments:
jvm_args: -Djava.awt.headless=true -Xmx1024M -Dfile.encoding=windows-1251 -Duser.country=RU -Duser.language=ru -Duser.variant 
java_command: com.android.dx.command.Main --dex --num-threads=4 --output D:\Programs\Bool_SherlokHolmes\app\build\intermediates\pre-dexed\debug\com.google.android.gms-play-services-cast-8.3.0_5d84235642f694c24158c119ed123728400d350e.jar D:\Programs\Bool_SherlokHolmes\app\build\intermediates\exploded-aar\com.google.android.gms\play-services-cast\8.3.0\jars\classes.jar
java_class_path (initial): D:\Programs\android-sdk-windows-1.6_r1\build-tools\23.0.2\lib\dx.jar
Launcher Type: SUN_STANDARD

Environment Variables:
PATH=C:\ProgramData\Oracle\Java\javapath;C:\Program Files (x86)\Intel\iCLS Client\;C:\Program Files\Intel\iCLS Client\;C:\Windows\system32;C:\Windows;C:\Windows\System32\Wbem;C:\Windows\System32\WindowsPowerShell\v1.0\;C:\Program Files\Intel\Intel(R) Management Engine Components\DAL;C:\Program Files\Intel\Intel(R) Management Engine Components\IPT;C:\Program Files (x86)\Intel\Intel(R) Management Engine Components\DAL;C:\Program Files (x86)\Intel\Intel(R) Management Engine Components\IPT
USERNAME=tsar
OS=Windows_NT
PROCESSOR_IDENTIFIER=Intel64 Family 6 Model 42 Stepping 7, GenuineIntel



---------------  S Y S T E M  ---------------

OS: Windows 7 , 64 bit Build 7601 (6.1.7601.18015)

CPU:total 2 (2 cores per cpu, 1 threads per core) family 6 model 42 stepping 7, cmov, cx8, fxsr, mmx, sse, sse2, sse3, ssse3, sse4.1, sse4.2, popcnt, clmul, tsc, tscinvbit

Memory: 4k page, physical 3023216k(164040k free), swap 4045356k(5588k free)

vm_info: Java HotSpot(TM) 64-Bit Server VM (25.65-b01) for windows-amd64 JRE (1.8.0_65-b17), built on Oct  6 2015 16:39:20 by "java_re" with MS VC++ 10.0 (VS2010)

time: Fri Dec 25 16:23:03 2015
elapsed time: 4 seconds (0d 0h 0m 4s)

