#
# There is insufficient memory for the Java Runtime Environment to continue.
# Native memory allocation (malloc) failed to allocate 115536 bytes for Chunk::new
# Possible reasons:
#   The system is out of physical RAM or swap space
#   In 32 bit mode, the process size limit was hit
# Possible solutions:
#   Reduce memory load on the system
#   Increase physical memory or swap space
#   Check if swap backing store is full
#   Use 64 bit Java on a 64 bit OS
#   Decrease Java heap size (-Xmx/-Xms)
#   Decrease number of Java threads
#   Decrease Java thread stack sizes (-Xss)
#   Set larger code cache with -XX:ReservedCodeCacheSize=
# This output file may be truncated or incomplete.
#
#  Out of Memory Error (allocation.cpp:390), pid=4948, tid=3256
#
# JRE version: Java(TM) SE Runtime Environment (8.0_65-b17) (build 1.8.0_65-b17)
# Java VM: Java HotSpot(TM) 64-Bit Server VM (25.65-b01 mixed mode windows-amd64 compressed oops)
# Failed to write core dump. Minidumps are not enabled by default on client versions of Windows
#

---------------  T H R E A D  ---------------

Current thread (0x0000000055575000):  JavaThread "C2 CompilerThread0" daemon [_thread_in_native, id=3256, stack(0x00000000574d0000,0x00000000575d0000)]

Stack: [0x00000000574d0000,0x00000000575d0000]
[error occurred during error reporting (printing stack bounds), id 0xc0000005]

Native frames: (J=compiled Java code, j=interpreted, Vv=VM code, C=native code)


Current CompileTask:
C2:  15700 2136   !   4       com.android.dx.cf.code.Ropper::processBlock (1101 bytes)


---------------  P R O C E S S  ---------------

Java Threads: ( => current thread )
  0x00000000579ce000 JavaThread "pool-1-thread-4" [_thread_blocked, id=2772, stack(0x0000000058500000,0x0000000058600000)]
  0x00000000579cd800 JavaThread "pool-1-thread-3" [_thread_blocked, id=4652, stack(0x0000000058280000,0x0000000058380000)]
  0x00000000579cc800 JavaThread "pool-1-thread-2" [_thread_blocked, id=3512, stack(0x00000000580d0000,0x00000000581d0000)]
  0x0000000057a1c800 JavaThread "pool-2-thread-1" [_thread_blocked, id=5036, stack(0x0000000057220000,0x0000000057320000)]
  0x0000000057a1b800 JavaThread "pool-1-thread-1" [_thread_blocked, id=4856, stack(0x0000000057db0000,0x0000000057eb0000)]
  0x00000000555dc000 JavaThread "Service Thread" daemon [_thread_blocked, id=5044, stack(0x0000000057c60000,0x0000000057d60000)]
  0x00000000555cd000 JavaThread "C1 CompilerThread1" daemon [_thread_blocked, id=4788, stack(0x00000000576a0000,0x00000000577a0000)]
=>0x0000000055575000 JavaThread "C2 CompilerThread0" daemon [_thread_in_native, id=3256, stack(0x00000000574d0000,0x00000000575d0000)]
  0x0000000055573800 JavaThread "Attach Listener" daemon [_thread_blocked, id=2636, stack(0x0000000057370000,0x0000000057470000)]
  0x0000000055572000 JavaThread "Signal Dispatcher" daemon [_thread_blocked, id=1352, stack(0x00000000561e0000,0x00000000562e0000)]
  0x0000000055516000 JavaThread "Finalizer" daemon [_thread_blocked, id=4328, stack(0x0000000056340000,0x0000000056440000)]
  0x0000000055513000 JavaThread "Reference Handler" daemon [_thread_blocked, id=4024, stack(0x0000000056090000,0x0000000056190000)]
  0x000000000296e000 JavaThread "main" [_thread_blocked, id=616, stack(0x0000000002b10000,0x0000000002c10000)]

Other Threads:
  0x000000005550d000 VMThread [stack: 0x0000000055f70000,0x0000000056070000] [id=3840]
  0x00000000577a8800 WatcherThread [stack: 0x0000000057fb0000,0x00000000580b0000] [id=4060]

VM state:not at safepoint (normal execution)

VM Mutex/Monitor currently owned by a thread: None

Heap:
 PSYoungGen      total 55296K, used 18980K [0x00000000eab00000, 0x00000000ee900000, 0x0000000100000000)
  eden space 48640K, 25% used [0x00000000eab00000,0x00000000eb70fef8,0x00000000eda80000)
  from space 6656K, 99% used [0x00000000ee180000,0x00000000ee7f92e0,0x00000000ee800000)
  to   space 7168K, 0% used [0x00000000eda80000,0x00000000eda80000,0x00000000ee180000)
 ParOldGen       total 32768K, used 23547K [0x00000000c0000000, 0x00000000c2000000, 0x00000000eab00000)
  object space 32768K, 71% used [0x00000000c0000000,0x00000000c16fee18,0x00000000c2000000)
 Metaspace       used 6390K, capacity 7192K, committed 7424K, reserved 1056768K
  class space    used 624K, capacity 656K, committed 768K, reserved 1048576K

Card table byte_map: [0x00000000122a0000,0x00000000124b0000] byte_map_base: 0x0000000011ca0000

Marking Bits: (ParMarkBitMap*) 0x000000006e07a5b0
 Begin Bits: [0x00000000129e0000, 0x00000000139e0000)
 End Bits:   [0x00000000139e0000, 0x00000000149e0000)

Polling page: 0x0000000002190000

CodeCache: size=245760Kb used=7673Kb max_used=9668Kb free=238086Kb
 bounds [0x0000000002ee0000, 0x0000000003860000, 0x0000000011ee0000]
 total_blobs=1988 nmethods=1719 adapters=182
 compilation: enabled

Compilation events (10 events):
Event: 15.647 Thread 0x00000000555cd000 2137       3       com.android.dx.ssa.ConstCollector::run (236 bytes)
Event: 15.651 Thread 0x00000000555cd000 nmethod 2137 0x000000000315e710 code [0x000000000315eca0, 0x00000000031621d8]
Event: 15.651 Thread 0x00000000555cd000 2138       3       com.android.dx.cf.code.BytecodeArray$ConstantParserVisitor::visitConstant (18 bytes)
Event: 15.651 Thread 0x00000000555cd000 nmethod 2138 0x0000000002feac50 code [0x0000000002feada0, 0x0000000002feaf10]
Event: 15.658 Thread 0x00000000555cd000 2139   !   3       com.android.dx.cf.cst.ConstantPoolParser::determineOffsets (285 bytes)
Event: 15.660 Thread 0x00000000555cd000 nmethod 2139 0x00000000030e6290 code [0x00000000030e6620, 0x00000000030e8098]
Event: 15.660 Thread 0x00000000555cd000 2140       3       com.android.dx.cf.cst.ConstantPoolParser::parse (365 bytes)
Event: 15.662 Thread 0x00000000555cd000 nmethod 2140 0x0000000003173090 code [0x0000000003173600, 0x0000000003176a48]
Event: 15.662 Thread 0x00000000555cd000 2141       3       com.android.dx.rop.code.Rops::pickIf (154 bytes)
Event: 15.663 Thread 0x00000000555cd000 nmethod 2141 0x0000000002feb610 code [0x0000000002feb8a0, 0x0000000002fec9b8]

GC Heap History (10 events):
Event: 3.491 GC heap before
{Heap before GC invocations=4 (full 0):
 PSYoungGen      total 14336K, used 14304K [0x00000000eab00000, 0x00000000ec700000, 0x0000000100000000)
  eden space 12288K, 100% used [0x00000000eab00000,0x00000000eb700000,0x00000000eb700000)
  from space 2048K, 98% used [0x00000000eb700000,0x00000000eb8f8028,0x00000000eb900000)
  to   space 2048K, 0% used [0x00000000ec500000,0x00000000ec500000,0x00000000ec700000)
 ParOldGen       total 32768K, used 3670K [0x00000000c0000000, 0x00000000c2000000, 0x00000000eab00000)
  object space 32768K, 11% used [0x00000000c0000000,0x00000000c0395a80,0x00000000c2000000)
 Metaspace       used 6100K, capacity 7024K, committed 7296K, reserved 1056768K
  class space    used 602K, capacity 616K, committed 640K, reserved 1048576K
Event: 3.502 GC heap after
Heap after GC invocations=4 (full 0):
 PSYoungGen      total 26624K, used 2039K [0x00000000eab00000, 0x00000000ec700000, 0x0000000100000000)
  eden space 24576K, 0% used [0x00000000eab00000,0x00000000eab00000,0x00000000ec300000)
  from space 2048K, 99% used [0x00000000ec500000,0x00000000ec6fde88,0x00000000ec700000)
  to   space 2048K, 0% used [0x00000000ec300000,0x00000000ec300000,0x00000000ec500000)
 ParOldGen       total 32768K, used 5540K [0x00000000c0000000, 0x00000000c2000000, 0x00000000eab00000)
  object space 32768K, 16% used [0x00000000c0000000,0x00000000c0569230,0x00000000c2000000)
 Metaspace       used 6100K, capacity 7024K, committed 7296K, reserved 1056768K
  class space    used 602K, capacity 616K, committed 640K, reserved 1048576K
}
Event: 4.257 GC heap before
{Heap before GC invocations=5 (full 0):
 PSYoungGen      total 26624K, used 26615K [0x00000000eab00000, 0x00000000ec700000, 0x0000000100000000)
  eden space 24576K, 100% used [0x00000000eab00000,0x00000000ec300000,0x00000000ec300000)
  from space 2048K, 99% used [0x00000000ec500000,0x00000000ec6fde88,0x00000000ec700000)
  to   space 2048K, 0% used [0x00000000ec300000,0x00000000ec300000,0x00000000ec500000)
 ParOldGen       total 32768K, used 5540K [0x00000000c0000000, 0x00000000c2000000, 0x00000000eab00000)
  object space 32768K, 16% used [0x00000000c0000000,0x00000000c0569230,0x00000000c2000000)
 Metaspace       used 6149K, capacity 7024K, committed 7296K, reserved 1056768K
  class space    used 602K, capacity 616K, committed 640K, reserved 1048576K
Event: 4.334 GC heap after
Heap after GC invocations=5 (full 0):
 PSYoungGen      total 26624K, used 2022K [0x00000000eab00000, 0x00000000ee800000, 0x0000000100000000)
  eden space 24576K, 0% used [0x00000000eab00000,0x00000000eab00000,0x00000000ec300000)
  from space 2048K, 98% used [0x00000000ec300000,0x00000000ec4f9830,0x00000000ec500000)
  to   space 6656K, 0% used [0x00000000ee180000,0x00000000ee180000,0x00000000ee800000)
 ParOldGen       total 32768K, used 9428K [0x00000000c0000000, 0x00000000c2000000, 0x00000000eab00000)
  object space 32768K, 28% used [0x00000000c0000000,0x00000000c09350b0,0x00000000c2000000)
 Metaspace       used 6149K, capacity 7024K, committed 7296K, reserved 1056768K
  class space    used 602K, capacity 616K, committed 640K, reserved 1048576K
}
Event: 7.523 GC heap before
{Heap before GC invocations=6 (full 0):
 PSYoungGen      total 26624K, used 26598K [0x00000000eab00000, 0x00000000ee800000, 0x0000000100000000)
  eden space 24576K, 100% used [0x00000000eab00000,0x00000000ec300000,0x00000000ec300000)
  from space 2048K, 98% used [0x00000000ec300000,0x00000000ec4f9830,0x00000000ec500000)
  to   space 6656K, 0% used [0x00000000ee180000,0x00000000ee180000,0x00000000ee800000)
 ParOldGen       total 32768K, used 9428K [0x00000000c0000000, 0x00000000c2000000, 0x00000000eab00000)
  object space 32768K, 28% used [0x00000000c0000000,0x00000000c09350b0,0x00000000c2000000)
 Metaspace       used 6223K, capacity 7088K, committed 7296K, reserved 1056768K
  class space    used 602K, capacity 616K, committed 640K, reserved 1048576K
Event: 7.644 GC heap after
Heap after GC invocations=6 (full 0):
 PSYoungGen      total 55296K, used 5942K [0x00000000eab00000, 0x00000000ee900000, 0x0000000100000000)
  eden space 48640K, 0% used [0x00000000eab00000,0x00000000eab00000,0x00000000eda80000)
  from space 6656K, 89% used [0x00000000ee180000,0x00000000ee74d840,0x00000000ee800000)
  to   space 7168K, 0% used [0x00000000eda80000,0x00000000eda80000,0x00000000ee180000)
 ParOldGen       total 32768K, used 9428K [0x00000000c0000000, 0x00000000c2000000, 0x00000000eab00000)
  object space 32768K, 28% used [0x00000000c0000000,0x00000000c09350b0,0x00000000c2000000)
 Metaspace       used 6223K, capacity 7088K, committed 7296K, reserved 1056768K
  class space    used 602K, capacity 616K, committed 640K, reserved 1048576K
}
Event: 12.633 GC heap before
{Heap before GC invocations=7 (full 0):
 PSYoungGen      total 55296K, used 54582K [0x00000000eab00000, 0x00000000ee900000, 0x0000000100000000)
  eden space 48640K, 100% used [0x00000000eab00000,0x00000000eda80000,0x00000000eda80000)
  from space 6656K, 89% used [0x00000000ee180000,0x00000000ee74d840,0x00000000ee800000)
  to   space 7168K, 0% used [0x00000000eda80000,0x00000000eda80000,0x00000000ee180000)
 ParOldGen       total 32768K, used 9428K [0x00000000c0000000, 0x00000000c2000000, 0x00000000eab00000)
  object space 32768K, 28% used [0x00000000c0000000,0x00000000c09350b0,0x00000000c2000000)
 Metaspace       used 6263K, capacity 7088K, committed 7296K, reserved 1056768K
  class space    used 604K, capacity 616K, committed 640K, reserved 1048576K
Event: 12.718 GC heap after
Heap after GC invocations=7 (full 0):
 PSYoungGen      total 55808K, used 7159K [0x00000000eab00000, 0x00000000ee900000, 0x0000000100000000)
  eden space 48640K, 0% used [0x00000000eab00000,0x00000000eab00000,0x00000000eda80000)
  from space 7168K, 99% used [0x00000000eda80000,0x00000000ee17dfc0,0x00000000ee180000)
  to   space 6656K, 0% used [0x00000000ee180000,0x00000000ee180000,0x00000000ee800000)
 ParOldGen       total 32768K, used 15741K [0x00000000c0000000, 0x00000000c2000000, 0x00000000eab00000)
  object space 32768K, 48% used [0x00000000c0000000,0x00000000c0f5f448,0x00000000c2000000)
 Metaspace       used 6263K, capacity 7088K, committed 7296K, reserved 1056768K
  class space    used 604K, capacity 616K, committed 640K, reserved 1048576K
}
Event: 14.712 GC heap before
{Heap before GC invocations=8 (full 0):
 PSYoungGen      total 55808K, used 55799K [0x00000000eab00000, 0x00000000ee900000, 0x0000000100000000)
  eden space 48640K, 100% used [0x00000000eab00000,0x00000000eda80000,0x00000000eda80000)
  from space 7168K, 99% used [0x00000000eda80000,0x00000000ee17dfc0,0x00000000ee180000)
  to   space 6656K, 0% used [0x00000000ee180000,0x00000000ee180000,0x00000000ee800000)
 ParOldGen       total 32768K, used 15741K [0x00000000c0000000, 0x00000000c2000000, 0x00000000eab00000)
  object space 32768K, 48% used [0x00000000c0000000,0x00000000c0f5f448,0x00000000c2000000)
 Metaspace       used 6387K, capacity 7192K, committed 7424K, reserved 1056768K
  class space    used 624K, capacity 656K, committed 768K, reserved 1048576K
Event: 14.772 GC heap after
Heap after GC invocations=8 (full 0):
 PSYoungGen      total 55296K, used 6628K [0x00000000eab00000, 0x00000000ee900000, 0x0000000100000000)
  eden space 48640K, 0% used [0x00000000eab00000,0x00000000eab00000,0x00000000eda80000)
  from space 6656K, 99% used [0x00000000ee180000,0x00000000ee7f92e0,0x00000000ee800000)
  to   space 7168K, 0% used [0x00000000eda80000,0x00000000eda80000,0x00000000ee180000)
 ParOldGen       total 32768K, used 23547K [0x00000000c0000000, 0x00000000c2000000, 0x00000000eab00000)
  object space 32768K, 71% used [0x00000000c0000000,0x00000000c16fee18,0x00000000c2000000)
 Metaspace       used 6387K, capacity 7192K, committed 7424K, reserved 1056768K
  class space    used 624K, capacity 656K, committed 768K, reserved 1048576K
}

Deoptimization events (10 events):
Event: 13.175 Thread 0x00000000579cc800 Uncommon trap: reason=unstable_if action=reinterpret pc=0x00000000035d07c4 method=com.android.dx.cf.code.Ropper.processBlock(Lcom/android/dx/cf/code/ByteBlock;Lcom/android/dx/cf/code/Frame;[I)V @ 413
Event: 13.326 Thread 0x00000000579cc800 Uncommon trap: reason=unstable_if action=reinterpret pc=0x00000000035ca8e4 method=com.android.dx.rop.code.BasicBlockList.preferredSuccessorOf(Lcom/android/dx/rop/code/BasicBlock;)Lcom/android/dx/rop/code/BasicBlock; @ 58
Event: 13.370 Thread 0x00000000579cc800 Uncommon trap: reason=bimorphic action=maybe_recompile pc=0x00000000035f75d8 method=com.android.dx.rop.code.RegisterSpec.withSimpleType()Lcom/android/dx/rop/code/RegisterSpec; @ 21
Event: 13.380 Thread 0x00000000579cc800 Uncommon trap: reason=bimorphic action=maybe_recompile pc=0x0000000003509604 method=com.android.dx.ssa.LiteralOpUpgrader.tryReplacingWithConstant(Lcom/android/dx/ssa/NormalSsaInsn;)Z @ 62
Event: 13.380 Thread 0x00000000579cc800 Uncommon trap: reason=unstable_if action=reinterpret pc=0x0000000003716728 method=com.android.dx.ssa.LiteralOpUpgrader$1.visitNonMoveInsn(Lcom/android/dx/ssa/NormalSsaInsn;)V @ 24
Event: 13.398 Thread 0x00000000579cc800 Uncommon trap: reason=class_check action=maybe_recompile pc=0x00000000036f0bc8 method=com.android.dx.ssa.SCCP.replaceConstants()V @ 182
Event: 13.404 Thread 0x00000000579cc800 Uncommon trap: reason=class_check action=maybe_recompile pc=0x00000000036f0bc8 method=com.android.dx.ssa.SCCP.replaceConstants()V @ 182
Event: 14.564 Thread 0x00000000579cd800 Uncommon trap: reason=bimorphic action=maybe_recompile pc=0x0000000003509604 method=com.android.dx.ssa.LiteralOpUpgrader.tryReplacingWithConstant(Lcom/android/dx/ssa/NormalSsaInsn;)Z @ 62
Event: 14.776 Thread 0x0000000057a1b800 Uncommon trap: reason=unstable_if action=reinterpret pc=0x00000000033becf0 method=com.android.dx.ssa.MoveParamCombiner$1.visitNonMoveInsn(Lcom/android/dx/ssa/NormalSsaInsn;)V @ 27
Event: 14.802 Thread 0x00000000579cc800 Uncommon trap: reason=unstable_if action=reinterpret pc=0x000000000377bf6c method=com.android.dx.rop.code.DexTranslationAdvice.hasConstantOperation(Lcom/android/dx/rop/code/Rop;Lcom/android/dx/rop/code/RegisterSpec;Lcom/android/dx/rop/code/RegisterSpec;)Z K7·ùaY*@

Internal exceptions (6 events):
Event: 0.217 Thread 0x000000000296e000 Exception <a 'java/lang/NoSuchMethodError': Method sun.misc.Unsafe.defineClass(Ljava/lang/String;[BII)Ljava/lang/Class; name or signature does not match> (0x00000000eab13048) thrown at [C:\workspace\8-2-build-windows-amd64-cygwin\jdk8u65\4987\hotspot\src\s;¢_ À?
Event: 0.217 Thread 0x000000000296e000 Exception <a 'java/lang/NoSuchMethodError': Method sun.misc.Unsafe.prefetchRead(Ljava/lang/Object;J)V name or signature does not match> (0x00000000eab13330) thrown at [C:\workspace\8-2-build-windows-amd64-cygwin\jdk8u65\4987\hotspot\src\share\vm\prims\jni."√U’R˙?
Event: 1.630 Thread 0x00000000579cc800 Implicit null exception at 0x0000000003275867 to 0x0000000003277439
Event: 12.939 Thread 0x00000000579cc800 Exception <a 'java/lang/ArrayIndexOutOfBoundsException': 18> (0x00000000eb7d90b0) thrown at [C:\workspace\8-2-build-windows-amd64-cygwin\jdk8u65\4987\hotspot\src\share\vm\interpreter\interpreterRuntime.cpp, line 366]
Event: 12.939 Thread 0x00000000579cc800 Exception <a 'java/lang/ArrayIndexOutOfBoundsException': 145> (0x00000000eb7dac30) thrown at [C:\workspace\8-2-build-windows-amd64-cygwin\jdk8u65\4987\hotspot\src\share\vm\interpreter\interpreterRuntime.cpp, line 366]
Event: 12.940 Thread 0x00000000579cc800 Exception <a 'java/lang/ArrayIndexOutOfBoundsException'> (0x00000000eb7dbf18) thrown at [C:\workspace\8-2-build-windows-amd64-cygwin\jdk8u65\4987\hotspot\src\share\vm\runtime\sharedRuntime.cpp, line 605]

Events (10 events):
Event: 15.013 Thread 0x00000000555cd000 flushing nmethod 0x0000000003565710
Event: 15.013 Thread 0x00000000555cd000 flushing nmethod 0x0000000003590550
Event: 15.017 Thread 0x0000000055575000 flushing nmethod 0x00000000035b0790
Event: 15.017 Thread 0x0000000055575000 flushing nmethod 0x00000000035b0ed0
Event: 15.017 Thread 0x0000000055575000 flushing nmethod 0x00000000035b6110
Event: 15.017 Thread 0x0000000055575000 flushing nmethod 0x00000000035e3f50
Event: 15.658 Thread 0x000000000296e000 DEOPT PACKING pc=0x00000000035b7f69 sp=0x0000000002c0e750
Event: 15.658 Thread 0x000000000296e000 DEOPT UNPACKING pc=0x0000000002f2747f sp=0x0000000002c0e510 mode 0
Event: 15.658 Thread 0x000000000296e000 DEOPT PACKING pc=0x00000000035ba37a sp=0x0000000002c0e850
Event: 15.658 Thread 0x000000000296e000 DEOPT UNPACKING pc=0x0000000002f2747f sp=0x0000000002c0e660 mode 0


Dynamic libraries:
0x000000013f9c0000 - 0x000000013f9f7000 	C:\Program Files\Java\jdk1.8.0_65\bin\java.exe
0x00000000777f0000 - 0x0000000077999000 	C:\Windows\SYSTEM32\ntdll.dll
0x00000000775d0000 - 0x00000000776ef000 	C:\Windows\system32\kernel32.dll
0x000007fefd8e0000 - 0x000007fefd94b000 	C:\Windows\system32\KERNELBASE.dll
0x000007feff780000 - 0x000007feff85b000 	C:\Windows\system32\ADVAPI32.dll
0x000007feff400000 - 0x000007feff49f000 	C:\Windows\system32\msvcrt.dll
0x000007feff360000 - 0x000007feff37f000 	C:\Windows\SYSTEM32\sechost.dll
0x000007fefdbf0000 - 0x000007fefdd1d000 	C:\Windows\system32\RPCRT4.dll
0x00000000776f0000 - 0x00000000777ea000 	C:\Windows\system32\USER32.dll
0x000007fefe150000 - 0x000007fefe1b7000 	C:\Windows\system32\GDI32.dll
0x000007fefdd20000 - 0x000007fefdd2e000 	C:\Windows\system32\LPK.dll
0x000007feff5a0000 - 0x000007feff669000 	C:\Windows\system32\USP10.dll
0x000007fefc010000 - 0x000007fefc204000 	C:\Windows\WinSxS\amd64_microsoft.windows.common-controls_6595b64144ccf1df_6.0.7601.17514_none_fa396087175ac9ac\COMCTL32.dll
0x000007feff380000 - 0x000007feff3f1000 	C:\Windows\system32\SHLWAPI.dll
0x000007fefdd30000 - 0x000007fefdd5e000 	C:\Windows\system32\IMM32.DLL
0x000007feff670000 - 0x000007feff779000 	C:\Windows\system32\MSCTF.dll
0x000007fefd380000 - 0x000007fefd416000 	C:\Windows\system32\guard64.dll
0x000007feff150000 - 0x000007feff353000 	C:\Windows\system32\ole32.dll
0x00000000779c0000 - 0x00000000779c7000 	C:\Windows\system32\PSAPI.DLL
0x000007fefd370000 - 0x000007fefd37c000 	C:\Windows\system32\VERSION.dll
0x000007fefd330000 - 0x000007fefd339000 	C:\Windows\system32\fltlib.dll
0x0000000071e20000 - 0x0000000071ef2000 	C:\Program Files\Java\jdk1.8.0_65\jre\bin\msvcr100.dll
0x000000006d870000 - 0x000000006e0f9000 	C:\Program Files\Java\jdk1.8.0_65\jre\bin\server\jvm.dll
0x000007fefbfe0000 - 0x000007fefbfe9000 	C:\Windows\system32\WSOCK32.dll
0x000007feff860000 - 0x000007feff8ad000 	C:\Windows\system32\WS2_32.dll
0x000007fefdbe0000 - 0x000007fefdbe8000 	C:\Windows\system32\NSI.dll
0x000007fefb720000 - 0x000007fefb75b000 	C:\Windows\system32\WINMM.dll
0x0000000074590000 - 0x000000007459f000 	C:\Program Files\Java\jdk1.8.0_65\jre\bin\verify.dll
0x0000000074560000 - 0x0000000074589000 	C:\Program Files\Java\jdk1.8.0_65\jre\bin\java.dll
0x0000000074540000 - 0x0000000074556000 	C:\Program Files\Java\jdk1.8.0_65\jre\bin\zip.dll
0x0000000056440000 - 0x00000000571c8000 	C:\Windows\system32\SHELL32.dll
0x000007fefd5c0000 - 0x000007fefd5cf000 	C:\Windows\system32\profapi.dll

VM Arguments:
jvm_args: -Djava.awt.headless=true -Xmx1024M -Dfile.encoding=windows-1251 -Duser.country=RU -Duser.language=ru -Duser.variant 
java_command: com.android.dx.command.Main --dex --num-threads=4 --output D:\Programs\Bool_SherlokHolmes\app\build\intermediates\pre-dexed\debug\com.android.support-appcompat-v7-23.1.1_851b84baa35f5517eb4fef336c764f90e61e083d.jar D:\Programs\Bool_SherlokHolmes\app\build\intermediates\exploded-aar\com.android.support\appcompat-v7\23.1.1\jars\classes.jar
java_class_path (initial): D:\Programs\android-sdk-windows-1.6_r1\build-tools\23.0.2\lib\dx.jar
Launcher Type: SUN_STANDARD

Environment Variables:
PATH=C:\ProgramData\Oracle\Java\javapath;C:\Program Files (x86)\Intel\iCLS Client\;C:\Program Files\Intel\iCLS Client\;C:\Windows\system32;C:\Windows;C:\Windows\System32\Wbem;C:\Windows\System32\WindowsPowerShell\v1.0\;C:\Program Files\Intel\Intel(R) Management Engine Components\DAL;C:\Program Files\Intel\Intel(R) Management Engine Components\IPT;C:\Program Files (x86)\Intel\Intel(R) Management Engine Components\DAL;C:\Program Files (x86)\Intel\Intel(R) Management Engine Components\IPT
USERNAME=tsar
OS=Windows_NT
PROCESSOR_IDENTIFIER=Intel64 Family 6 Model 42 Stepping 7, GenuineIntel



---------------  S Y S T E M  ---------------

OS: Windows 7 , 64 bit Build 7601 (6.1.7601.18015)

CPU:total 2 (2 cores per cpu, 1 threads per core) family 6 model 42 stepping 7, cmov, cx8, fxsr, mmx, sse, sse2, sse3, ssse3, sse4.1, sse4.2, popcnt, clmul, tsc, tscinvbit

Memory: 4k page, physical 3023216k(126860k free), swap 4045356k(5096k free)

vm_info: Java HotSpot(TM) 64-Bit Server VM (25.65-b01) for windows-amd64 JRE (1.8.0_65-b17), built on Oct  6 2015 16:39:20 by "java_re" with MS VC++ 10.0 (VS2010)

time: Mon Dec 28 22:17:37 2015
elapsed time: 15 seconds (0d 0h 0m 15s)

